{"C:\\NodeJS\\neurobreak\\backend\\src\\app.js": {"path":"C:\\NodeJS\\neurobreak\\backend\\src\\app.js","statementMap":{"0":{"start":{"line":1,"column":16},"end":{"line":1,"column":34}},"1":{"start":{"line":2,"column":13},"end":{"line":2,"column":28}},"2":{"start":{"line":3,"column":13},"end":{"line":3,"column":28}},"3":{"start":{"line":4,"column":17},"end":{"line":4,"column":52}},"4":{"start":{"line":5,"column":12},"end":{"line":5,"column":21}},"5":{"start":{"line":6,"column":0},"end":{"line":9,"column":4}},"6":{"start":{"line":10,"column":0},"end":{"line":10,"column":24}},"7":{"start":{"line":11,"column":0},"end":{"line":11,"column":48}},"8":{"start":{"line":12,"column":0},"end":{"line":12,"column":31}},"9":{"start":{"line":13,"column":0},"end":{"line":16,"column":3}},"10":{"start":{"line":14,"column":2},"end":{"line":14,"column":43}},"11":{"start":{"line":15,"column":2},"end":{"line":15,"column":9}},"12":{"start":{"line":17,"column":19},"end":{"line":17,"column":69}},"13":{"start":{"line":18,"column":19},"end":{"line":18,"column":69}},"14":{"start":{"line":19,"column":28},"end":{"line":19,"column":87}},"15":{"start":{"line":20,"column":30},"end":{"line":20,"column":83}},"16":{"start":{"line":21,"column":19},"end":{"line":21,"column":61}},"17":{"start":{"line":22,"column":0},"end":{"line":28,"column":3}},"18":{"start":{"line":23,"column":2},"end":{"line":27,"column":5}},"19":{"start":{"line":29,"column":0},"end":{"line":34,"column":3}},"20":{"start":{"line":30,"column":2},"end":{"line":33,"column":5}},"21":{"start":{"line":35,"column":0},"end":{"line":35,"column":33}},"22":{"start":{"line":36,"column":0},"end":{"line":36,"column":34}},"23":{"start":{"line":37,"column":0},"end":{"line":37,"column":53}},"24":{"start":{"line":38,"column":0},"end":{"line":38,"column":56}},"25":{"start":{"line":39,"column":0},"end":{"line":39,"column":34}},"26":{"start":{"line":40,"column":0},"end":{"line":40,"column":69}},"27":{"start":{"line":41,"column":0},"end":{"line":47,"column":3}},"28":{"start":{"line":42,"column":2},"end":{"line":46,"column":5}},"29":{"start":{"line":48,"column":0},"end":{"line":55,"column":3}},"30":{"start":{"line":49,"column":2},"end":{"line":49,"column":31}},"31":{"start":{"line":50,"column":2},"end":{"line":54,"column":5}},"32":{"start":{"line":56,"column":0},"end":{"line":56,"column":21}}},"fnMap":{"0":{"name":"(anonymous_0)","decl":{"start":{"line":13,"column":8},"end":{"line":13,"column":9}},"loc":{"start":{"line":13,"column":28},"end":{"line":16,"column":1}},"line":13},"1":{"name":"(anonymous_1)","decl":{"start":{"line":22,"column":13},"end":{"line":22,"column":14}},"loc":{"start":{"line":22,"column":27},"end":{"line":28,"column":1}},"line":22},"2":{"name":"(anonymous_2)","decl":{"start":{"line":29,"column":19},"end":{"line":29,"column":20}},"loc":{"start":{"line":29,"column":33},"end":{"line":34,"column":1}},"line":29},"3":{"name":"(anonymous_3)","decl":{"start":{"line":41,"column":8},"end":{"line":41,"column":9}},"loc":{"start":{"line":41,"column":22},"end":{"line":47,"column":1}},"line":41},"4":{"name":"(anonymous_4)","decl":{"start":{"line":48,"column":8},"end":{"line":48,"column":9}},"loc":{"start":{"line":48,"column":33},"end":{"line":55,"column":1}},"line":48}},"branchMap":{"0":{"loc":{"start":{"line":50,"column":13},"end":{"line":50,"column":30}},"type":"binary-expr","locations":[{"start":{"line":50,"column":13},"end":{"line":50,"column":23}},{"start":{"line":50,"column":27},"end":{"line":50,"column":30}}],"line":50},"1":{"loc":{"start":{"line":52,"column":11},"end":{"line":52,"column":54}},"type":"binary-expr","locations":[{"start":{"line":52,"column":11},"end":{"line":52,"column":22}},{"start":{"line":52,"column":26},"end":{"line":52,"column":54}}],"line":52},"2":{"loc":{"start":{"line":53,"column":8},"end":{"line":53,"column":70}},"type":"binary-expr","locations":[{"start":{"line":53,"column":8},"end":{"line":53,"column":46}},{"start":{"line":53,"column":50},"end":{"line":53,"column":70}}],"line":53}},"s":{"0":1,"1":1,"2":1,"3":1,"4":1,"5":1,"6":1,"7":1,"8":1,"9":1,"10":0,"11":0,"12":1,"13":1,"14":1,"15":1,"16":1,"17":1,"18":0,"19":1,"20":0,"21":1,"22":1,"23":1,"24":1,"25":1,"26":1,"27":1,"28":0,"29":1,"30":0,"31":0,"32":1},"f":{"0":0,"1":0,"2":0,"3":0,"4":0},"b":{"0":[0,0],"1":[0,0],"2":[0,0]},"_coverageSchema":"1a1c01bbd47fc00a2c39e90264f33305004495a9","hash":"9e1d168f29e8b676f0ea0e1cf692664a99c1df42"}
,"C:\\NodeJS\\neurobreak\\backend\\src\\application\\controllers\\ActivityHistoryController.js": {"path":"C:\\NodeJS\\neurobreak\\backend\\src\\application\\controllers\\ActivityHistoryController.js","statementMap":{"0":{"start":{"line":1,"column":31},"end":{"line":1,"column":86}},"1":{"start":{"line":2,"column":43},"end":{"line":2,"column":72}},"2":{"start":{"line":5,"column":4},"end":{"line":5,"column":48}},"3":{"start":{"line":8,"column":4},"end":{"line":31,"column":5}},"4":{"start":{"line":9,"column":52},"end":{"line":9,"column":60}},"5":{"start":{"line":10,"column":21},"end":{"line":10,"column":31}},"6":{"start":{"line":11,"column":6},"end":{"line":16,"column":7}},"7":{"start":{"line":12,"column":8},"end":{"line":15,"column":11}},"8":{"start":{"line":17,"column":27},"end":{"line":22,"column":8}},"9":{"start":{"line":23,"column":6},"end":{"line":27,"column":9}},"10":{"start":{"line":29,"column":6},"end":{"line":29,"column":73}},"11":{"start":{"line":30,"column":6},"end":{"line":30,"column":18}},"12":{"start":{"line":34,"column":4},"end":{"line":75,"column":5}},"13":{"start":{"line":35,"column":21},"end":{"line":35,"column":31}},"14":{"start":{"line":36,"column":6},"end":{"line":41,"column":7}},"15":{"start":{"line":37,"column":8},"end":{"line":40,"column":11}},"16":{"start":{"line":42,"column":50},"end":{"line":42,"column":59}},"17":{"start":{"line":43,"column":22},"end":{"line":48,"column":7}},"18":{"start":{"line":49,"column":22},"end":{"line":49,"column":72}},"19":{"start":{"line":50,"column":6},"end":{"line":54,"column":9}},"20":{"start":{"line":56,"column":6},"end":{"line":56,"column":81}},"21":{"start":{"line":57,"column":6},"end":{"line":74,"column":9}},"22":{"start":{"line":78,"column":4},"end":{"line":95,"column":5}},"23":{"start":{"line":79,"column":21},"end":{"line":79,"column":31}},"24":{"start":{"line":80,"column":21},"end":{"line":80,"column":33}},"25":{"start":{"line":81,"column":6},"end":{"line":86,"column":7}},"26":{"start":{"line":82,"column":8},"end":{"line":85,"column":11}},"27":{"start":{"line":87,"column":20},"end":{"line":87,"column":76}},"28":{"start":{"line":88,"column":6},"end":{"line":92,"column":9}},"29":{"start":{"line":94,"column":6},"end":{"line":94,"column":18}},"30":{"start":{"line":98,"column":4},"end":{"line":114,"column":5}},"31":{"start":{"line":99,"column":21},"end":{"line":99,"column":31}},"32":{"start":{"line":100,"column":6},"end":{"line":105,"column":7}},"33":{"start":{"line":101,"column":8},"end":{"line":104,"column":11}},"34":{"start":{"line":106,"column":20},"end":{"line":106,"column":64}},"35":{"start":{"line":107,"column":6},"end":{"line":111,"column":9}},"36":{"start":{"line":113,"column":6},"end":{"line":113,"column":18}},"37":{"start":{"line":117,"column":4},"end":{"line":137,"column":5}},"38":{"start":{"line":118,"column":34},"end":{"line":118,"column":44}},"39":{"start":{"line":119,"column":21},"end":{"line":119,"column":33}},"40":{"start":{"line":120,"column":6},"end":{"line":125,"column":7}},"41":{"start":{"line":121,"column":8},"end":{"line":124,"column":11}},"42":{"start":{"line":126,"column":21},"end":{"line":129,"column":7}},"43":{"start":{"line":130,"column":6},"end":{"line":134,"column":9}},"44":{"start":{"line":136,"column":6},"end":{"line":136,"column":18}},"45":{"start":{"line":140,"column":0},"end":{"line":140,"column":43}}},"fnMap":{"0":{"name":"(anonymous_0)","decl":{"start":{"line":4,"column":2},"end":{"line":4,"column":3}},"loc":{"start":{"line":4,"column":16},"end":{"line":6,"column":3}},"line":4},"1":{"name":"(anonymous_1)","decl":{"start":{"line":7,"column":2},"end":{"line":7,"column":3}},"loc":{"start":{"line":7,"column":31},"end":{"line":32,"column":3}},"line":7},"2":{"name":"(anonymous_2)","decl":{"start":{"line":33,"column":2},"end":{"line":33,"column":3}},"loc":{"start":{"line":33,"column":39},"end":{"line":76,"column":3}},"line":33},"3":{"name":"(anonymous_3)","decl":{"start":{"line":77,"column":2},"end":{"line":77,"column":3}},"loc":{"start":{"line":77,"column":32},"end":{"line":96,"column":3}},"line":77},"4":{"name":"(anonymous_4)","decl":{"start":{"line":97,"column":2},"end":{"line":97,"column":3}},"loc":{"start":{"line":97,"column":38},"end":{"line":115,"column":3}},"line":97},"5":{"name":"(anonymous_5)","decl":{"start":{"line":116,"column":2},"end":{"line":116,"column":3}},"loc":{"start":{"line":116,"column":40},"end":{"line":138,"column":3}},"line":116}},"branchMap":{"0":{"loc":{"start":{"line":11,"column":6},"end":{"line":16,"column":7}},"type":"if","locations":[{"start":{"line":11,"column":6},"end":{"line":16,"column":7}},{"start":{},"end":{}}],"line":11},"1":{"loc":{"start":{"line":36,"column":6},"end":{"line":41,"column":7}},"type":"if","locations":[{"start":{"line":36,"column":6},"end":{"line":41,"column":7}},{"start":{},"end":{}}],"line":36},"2":{"loc":{"start":{"line":44,"column":14},"end":{"line":44,"column":39}},"type":"cond-expr","locations":[{"start":{"line":44,"column":21},"end":{"line":44,"column":35}},{"start":{"line":44,"column":38},"end":{"line":44,"column":39}}],"line":44},"3":{"loc":{"start":{"line":45,"column":15},"end":{"line":45,"column":43}},"type":"cond-expr","locations":[{"start":{"line":45,"column":23},"end":{"line":45,"column":38}},{"start":{"line":45,"column":41},"end":{"line":45,"column":43}}],"line":45},"4":{"loc":{"start":{"line":46,"column":19},"end":{"line":46,"column":36}},"type":"binary-expr","locations":[{"start":{"line":46,"column":19},"end":{"line":46,"column":28}},{"start":{"line":46,"column":32},"end":{"line":46,"column":36}}],"line":46},"5":{"loc":{"start":{"line":47,"column":17},"end":{"line":47,"column":32}},"type":"binary-expr","locations":[{"start":{"line":47,"column":17},"end":{"line":47,"column":24}},{"start":{"line":47,"column":28},"end":{"line":47,"column":32}}],"line":47},"6":{"loc":{"start":{"line":81,"column":6},"end":{"line":86,"column":7}},"type":"if","locations":[{"start":{"line":81,"column":6},"end":{"line":86,"column":7}},{"start":{},"end":{}}],"line":81},"7":{"loc":{"start":{"line":100,"column":6},"end":{"line":105,"column":7}},"type":"if","locations":[{"start":{"line":100,"column":6},"end":{"line":105,"column":7}},{"start":{},"end":{}}],"line":100},"8":{"loc":{"start":{"line":120,"column":6},"end":{"line":125,"column":7}},"type":"if","locations":[{"start":{"line":120,"column":6},"end":{"line":125,"column":7}},{"start":{},"end":{}}],"line":120}},"s":{"0":1,"1":1,"2":1,"3":0,"4":0,"5":0,"6":0,"7":0,"8":0,"9":0,"10":0,"11":0,"12":0,"13":0,"14":0,"15":0,"16":0,"17":0,"18":0,"19":0,"20":0,"21":0,"22":0,"23":0,"24":0,"25":0,"26":0,"27":0,"28":0,"29":0,"30":0,"31":0,"32":0,"33":0,"34":0,"35":0,"36":0,"37":0,"38":0,"39":0,"40":0,"41":0,"42":0,"43":0,"44":0,"45":1},"f":{"0":1,"1":0,"2":0,"3":0,"4":0,"5":0},"b":{"0":[0,0],"1":[0,0],"2":[0,0],"3":[0,0],"4":[0,0],"5":[0,0],"6":[0,0],"7":[0,0],"8":[0,0]},"_coverageSchema":"1a1c01bbd47fc00a2c39e90264f33305004495a9","hash":"2a972ddc4e7d642bb055e97cac71dd02d65543aa"}
,"C:\\NodeJS\\neurobreak\\backend\\src\\application\\controllers\\AuthController.js": {"path":"C:\\NodeJS\\neurobreak\\backend\\src\\application\\controllers\\AuthController.js","statementMap":{"0":{"start":{"line":1,"column":20},"end":{"line":1,"column":64}},"1":{"start":{"line":2,"column":15},"end":{"line":2,"column":44}},"2":{"start":{"line":5,"column":4},"end":{"line":16,"column":5}},"3":{"start":{"line":6,"column":34},"end":{"line":6,"column":42}},"4":{"start":{"line":7,"column":21},"end":{"line":7,"column":61}},"5":{"start":{"line":8,"column":6},"end":{"line":12,"column":9}},"6":{"start":{"line":14,"column":6},"end":{"line":14,"column":45}},"7":{"start":{"line":15,"column":6},"end":{"line":15,"column":18}},"8":{"start":{"line":19,"column":4},"end":{"line":30,"column":5}},"9":{"start":{"line":20,"column":23},"end":{"line":20,"column":31}},"10":{"start":{"line":21,"column":21},"end":{"line":21,"column":57}},"11":{"start":{"line":22,"column":6},"end":{"line":26,"column":9}},"12":{"start":{"line":28,"column":6},"end":{"line":28,"column":48}},"13":{"start":{"line":29,"column":6},"end":{"line":29,"column":18}},"14":{"start":{"line":33,"column":4},"end":{"line":43,"column":5}},"15":{"start":{"line":34,"column":24},"end":{"line":34,"column":32}},"16":{"start":{"line":35,"column":6},"end":{"line":35,"column":46}},"17":{"start":{"line":36,"column":6},"end":{"line":39,"column":9}},"18":{"start":{"line":41,"column":6},"end":{"line":41,"column":55}},"19":{"start":{"line":42,"column":6},"end":{"line":42,"column":18}},"20":{"start":{"line":46,"column":4},"end":{"line":56,"column":5}},"21":{"start":{"line":47,"column":37},"end":{"line":47,"column":45}},"22":{"start":{"line":48,"column":6},"end":{"line":48,"column":58}},"23":{"start":{"line":49,"column":6},"end":{"line":52,"column":9}},"24":{"start":{"line":54,"column":6},"end":{"line":54,"column":54}},"25":{"start":{"line":55,"column":6},"end":{"line":55,"column":18}},"26":{"start":{"line":59,"column":4},"end":{"line":69,"column":5}},"27":{"start":{"line":60,"column":24},"end":{"line":60,"column":32}},"28":{"start":{"line":61,"column":21},"end":{"line":61,"column":56}},"29":{"start":{"line":62,"column":6},"end":{"line":65,"column":9}},"30":{"start":{"line":67,"column":6},"end":{"line":67,"column":51}},"31":{"start":{"line":68,"column":6},"end":{"line":68,"column":18}},"32":{"start":{"line":72,"column":4},"end":{"line":82,"column":5}},"33":{"start":{"line":73,"column":24},"end":{"line":73,"column":32}},"34":{"start":{"line":74,"column":21},"end":{"line":74,"column":59}},"35":{"start":{"line":75,"column":6},"end":{"line":78,"column":9}},"36":{"start":{"line":80,"column":6},"end":{"line":80,"column":54}},"37":{"start":{"line":81,"column":6},"end":{"line":81,"column":18}},"38":{"start":{"line":85,"column":4},"end":{"line":95,"column":5}},"39":{"start":{"line":86,"column":24},"end":{"line":86,"column":32}},"40":{"start":{"line":87,"column":21},"end":{"line":87,"column":55}},"41":{"start":{"line":88,"column":6},"end":{"line":91,"column":9}},"42":{"start":{"line":93,"column":6},"end":{"line":93,"column":50}},"43":{"start":{"line":94,"column":6},"end":{"line":94,"column":18}},"44":{"start":{"line":98,"column":4},"end":{"line":106,"column":5}},"45":{"start":{"line":99,"column":6},"end":{"line":102,"column":9}},"46":{"start":{"line":104,"column":6},"end":{"line":104,"column":46}},"47":{"start":{"line":105,"column":6},"end":{"line":105,"column":18}},"48":{"start":{"line":109,"column":0},"end":{"line":109,"column":38}}},"fnMap":{"0":{"name":"(anonymous_0)","decl":{"start":{"line":4,"column":2},"end":{"line":4,"column":3}},"loc":{"start":{"line":4,"column":30},"end":{"line":17,"column":3}},"line":4},"1":{"name":"(anonymous_1)","decl":{"start":{"line":18,"column":2},"end":{"line":18,"column":3}},"loc":{"start":{"line":18,"column":33},"end":{"line":31,"column":3}},"line":18},"2":{"name":"(anonymous_2)","decl":{"start":{"line":32,"column":2},"end":{"line":32,"column":3}},"loc":{"start":{"line":32,"column":39},"end":{"line":44,"column":3}},"line":32},"3":{"name":"(anonymous_3)","decl":{"start":{"line":45,"column":2},"end":{"line":45,"column":3}},"loc":{"start":{"line":45,"column":38},"end":{"line":57,"column":3}},"line":45},"4":{"name":"(anonymous_4)","decl":{"start":{"line":58,"column":2},"end":{"line":58,"column":3}},"loc":{"start":{"line":58,"column":35},"end":{"line":70,"column":3}},"line":58},"5":{"name":"(anonymous_5)","decl":{"start":{"line":71,"column":2},"end":{"line":71,"column":3}},"loc":{"start":{"line":71,"column":38},"end":{"line":83,"column":3}},"line":71},"6":{"name":"(anonymous_6)","decl":{"start":{"line":84,"column":2},"end":{"line":84,"column":3}},"loc":{"start":{"line":84,"column":34},"end":{"line":96,"column":3}},"line":84},"7":{"name":"(anonymous_7)","decl":{"start":{"line":97,"column":2},"end":{"line":97,"column":3}},"loc":{"start":{"line":97,"column":31},"end":{"line":107,"column":3}},"line":97}},"branchMap":{},"s":{"0":8,"1":8,"2":5,"3":5,"4":5,"5":1,"6":4,"7":4,"8":3,"9":3,"10":3,"11":1,"12":2,"13":2,"14":0,"15":0,"16":0,"17":0,"18":0,"19":0,"20":0,"21":0,"22":0,"23":0,"24":0,"25":0,"26":0,"27":0,"28":0,"29":0,"30":0,"31":0,"32":0,"33":0,"34":0,"35":0,"36":0,"37":0,"38":0,"39":0,"40":0,"41":0,"42":0,"43":0,"44":0,"45":0,"46":0,"47":0,"48":8},"f":{"0":5,"1":3,"2":0,"3":0,"4":0,"5":0,"6":0,"7":0},"b":{},"_coverageSchema":"1a1c01bbd47fc00a2c39e90264f33305004495a9","hash":"c78683434d77e78eca7cbc3a785092887fb69e45"}
,"C:\\NodeJS\\neurobreak\\backend\\src\\application\\controllers\\MoodController.js": {"path":"C:\\NodeJS\\neurobreak\\backend\\src\\application\\controllers\\MoodController.js","statementMap":{"0":{"start":{"line":1,"column":20},"end":{"line":1,"column":64}},"1":{"start":{"line":2,"column":36},"end":{"line":2,"column":74}},"2":{"start":{"line":5,"column":4},"end":{"line":5,"column":35}},"3":{"start":{"line":8,"column":4},"end":{"line":31,"column":5}},"4":{"start":{"line":9,"column":31},"end":{"line":9,"column":64}},"5":{"start":{"line":10,"column":6},"end":{"line":16,"column":7}},"6":{"start":{"line":11,"column":8},"end":{"line":15,"column":11}},"7":{"start":{"line":17,"column":23},"end":{"line":22,"column":7}},"8":{"start":{"line":23,"column":24},"end":{"line":23,"column":72}},"9":{"start":{"line":24,"column":6},"end":{"line":28,"column":9}},"10":{"start":{"line":30,"column":6},"end":{"line":30,"column":18}},"11":{"start":{"line":34,"column":4},"end":{"line":69,"column":5}},"12":{"start":{"line":35,"column":21},"end":{"line":35,"column":31}},"13":{"start":{"line":36,"column":58},"end":{"line":36,"column":67}},"14":{"start":{"line":37,"column":22},"end":{"line":42,"column":7}},"15":{"start":{"line":43,"column":6},"end":{"line":66,"column":7}},"16":{"start":{"line":44,"column":28},"end":{"line":44,"column":80}},"17":{"start":{"line":45,"column":8},"end":{"line":48,"column":11}},"18":{"start":{"line":50,"column":8},"end":{"line":50,"column":71}},"19":{"start":{"line":51,"column":8},"end":{"line":65,"column":11}},"20":{"start":{"line":68,"column":6},"end":{"line":68,"column":18}},"21":{"start":{"line":72,"column":4},"end":{"line":82,"column":5}},"22":{"start":{"line":73,"column":21},"end":{"line":73,"column":31}},"23":{"start":{"line":74,"column":27},"end":{"line":74,"column":36}},"24":{"start":{"line":75,"column":20},"end":{"line":75,"column":79}},"25":{"start":{"line":76,"column":6},"end":{"line":79,"column":9}},"26":{"start":{"line":81,"column":6},"end":{"line":81,"column":18}},"27":{"start":{"line":85,"column":4},"end":{"line":95,"column":5}},"28":{"start":{"line":86,"column":21},"end":{"line":86,"column":31}},"29":{"start":{"line":87,"column":21},"end":{"line":87,"column":31}},"30":{"start":{"line":88,"column":6},"end":{"line":88,"column":67}},"31":{"start":{"line":89,"column":6},"end":{"line":92,"column":9}},"32":{"start":{"line":94,"column":6},"end":{"line":94,"column":18}},"33":{"start":{"line":98,"column":0},"end":{"line":98,"column":32}}},"fnMap":{"0":{"name":"(anonymous_0)","decl":{"start":{"line":4,"column":2},"end":{"line":4,"column":3}},"loc":{"start":{"line":4,"column":47},"end":{"line":6,"column":3}},"line":4},"1":{"name":"(anonymous_1)","decl":{"start":{"line":7,"column":2},"end":{"line":7,"column":3}},"loc":{"start":{"line":7,"column":40},"end":{"line":32,"column":3}},"line":7},"2":{"name":"(anonymous_2)","decl":{"start":{"line":33,"column":2},"end":{"line":33,"column":3}},"loc":{"start":{"line":33,"column":43},"end":{"line":70,"column":3}},"line":33},"3":{"name":"(anonymous_3)","decl":{"start":{"line":71,"column":2},"end":{"line":71,"column":3}},"loc":{"start":{"line":71,"column":37},"end":{"line":83,"column":3}},"line":71},"4":{"name":"(anonymous_4)","decl":{"start":{"line":84,"column":2},"end":{"line":84,"column":3}},"loc":{"start":{"line":84,"column":40},"end":{"line":96,"column":3}},"line":84}},"branchMap":{"0":{"loc":{"start":{"line":4,"column":14},"end":{"line":4,"column":45}},"type":"default-arg","locations":[{"start":{"line":4,"column":28},"end":{"line":4,"column":45}}],"line":4},"1":{"loc":{"start":{"line":10,"column":6},"end":{"line":16,"column":7}},"type":"if","locations":[{"start":{"line":10,"column":6},"end":{"line":16,"column":7}},{"start":{},"end":{}}],"line":10},"2":{"loc":{"start":{"line":36,"column":14},"end":{"line":36,"column":24}},"type":"default-arg","locations":[{"start":{"line":36,"column":22},"end":{"line":36,"column":24}}],"line":36},"3":{"loc":{"start":{"line":36,"column":26},"end":{"line":36,"column":36}},"type":"default-arg","locations":[{"start":{"line":36,"column":35},"end":{"line":36,"column":36}}],"line":36},"4":{"loc":{"start":{"line":41,"column":12},"end":{"line":41,"column":77}},"type":"binary-expr","locations":[{"start":{"line":41,"column":12},"end":{"line":41,"column":27}},{"start":{"line":41,"column":31},"end":{"line":41,"column":77}}],"line":41},"5":{"loc":{"start":{"line":74,"column":14},"end":{"line":74,"column":22}},"type":"default-arg","locations":[{"start":{"line":74,"column":21},"end":{"line":74,"column":22}}],"line":74}},"s":{"0":2,"1":2,"2":4,"3":2,"4":2,"5":2,"6":1,"7":1,"8":1,"9":1,"10":0,"11":1,"12":1,"13":1,"14":1,"15":1,"16":1,"17":0,"18":1,"19":1,"20":0,"21":0,"22":0,"23":0,"24":0,"25":0,"26":0,"27":0,"28":0,"29":0,"30":0,"31":0,"32":0,"33":2},"f":{"0":4,"1":2,"2":1,"3":0,"4":0},"b":{"0":[1],"1":[1,1],"2":[1],"3":[1],"4":[1,0],"5":[0]},"_coverageSchema":"1a1c01bbd47fc00a2c39e90264f33305004495a9","hash":"731d0376fcfb32f8b34ec9e39761c6b714dacab7"}
,"C:\\NodeJS\\neurobreak\\backend\\src\\application\\routes\\activityHistoryRoutes.js": {"path":"C:\\NodeJS\\neurobreak\\backend\\src\\application\\routes\\activityHistoryRoutes.js","statementMap":{"0":{"start":{"line":1,"column":16},"end":{"line":1,"column":34}},"1":{"start":{"line":2,"column":34},"end":{"line":2,"column":85}},"2":{"start":{"line":3,"column":31},"end":{"line":3,"column":59}},"3":{"start":{"line":4,"column":23},"end":{"line":4,"column":84}},"4":{"start":{"line":5,"column":15},"end":{"line":5,"column":31}},"5":{"start":{"line":6,"column":19},"end":{"line":6,"column":50}},"6":{"start":{"line":7,"column":30},"end":{"line":18,"column":1}},"7":{"start":{"line":19,"column":27},"end":{"line":36,"column":1}},"8":{"start":{"line":37,"column":19},"end":{"line":41,"column":1}},"9":{"start":{"line":42,"column":32},"end":{"line":46,"column":1}},"10":{"start":{"line":47,"column":0},"end":{"line":51,"column":2}},"11":{"start":{"line":52,"column":0},"end":{"line":56,"column":2}},"12":{"start":{"line":57,"column":0},"end":{"line":60,"column":2}},"13":{"start":{"line":61,"column":0},"end":{"line":65,"column":2}},"14":{"start":{"line":66,"column":0},"end":{"line":70,"column":2}},"15":{"start":{"line":71,"column":0},"end":{"line":71,"column":24}}},"fnMap":{},"branchMap":{},"s":{"0":1,"1":1,"2":1,"3":1,"4":1,"5":1,"6":1,"7":1,"8":1,"9":1,"10":1,"11":1,"12":1,"13":1,"14":1,"15":1},"f":{},"b":{},"_coverageSchema":"1a1c01bbd47fc00a2c39e90264f33305004495a9","hash":"08f6f9fc4ef544d9c44b3cbce02b6db78e2462ca"}
,"C:\\NodeJS\\neurobreak\\backend\\src\\application\\routes\\moodRoutes.js": {"path":"C:\\NodeJS\\neurobreak\\backend\\src\\application\\routes\\moodRoutes.js","statementMap":{"0":{"start":{"line":1,"column":16},"end":{"line":1,"column":34}},"1":{"start":{"line":2,"column":15},"end":{"line":2,"column":31}},"2":{"start":{"line":3,"column":23},"end":{"line":3,"column":63}},"3":{"start":{"line":4,"column":23},"end":{"line":4,"column":84}},"4":{"start":{"line":5,"column":23},"end":{"line":5,"column":43}},"5":{"start":{"line":6,"column":0},"end":{"line":9,"column":2}},"6":{"start":{"line":8,"column":22},"end":{"line":8,"column":68}},"7":{"start":{"line":10,"column":0},"end":{"line":13,"column":2}},"8":{"start":{"line":12,"column":22},"end":{"line":12,"column":71}},"9":{"start":{"line":14,"column":0},"end":{"line":66,"column":2}},"10":{"start":{"line":17,"column":4},"end":{"line":64,"column":5}},"11":{"start":{"line":18,"column":21},"end":{"line":18,"column":31}},"12":{"start":{"line":19,"column":6},"end":{"line":24,"column":7}},"13":{"start":{"line":20,"column":8},"end":{"line":23,"column":11}},"14":{"start":{"line":25,"column":24},"end":{"line":55,"column":7}},"15":{"start":{"line":56,"column":6},"end":{"line":60,"column":9}},"16":{"start":{"line":62,"column":6},"end":{"line":62,"column":64}},"17":{"start":{"line":63,"column":6},"end":{"line":63,"column":18}},"18":{"start":{"line":67,"column":0},"end":{"line":70,"column":2}},"19":{"start":{"line":69,"column":22},"end":{"line":69,"column":65}},"20":{"start":{"line":71,"column":0},"end":{"line":74,"column":2}},"21":{"start":{"line":73,"column":22},"end":{"line":73,"column":68}},"22":{"start":{"line":75,"column":0},"end":{"line":75,"column":24}}},"fnMap":{"0":{"name":"(anonymous_0)","decl":{"start":{"line":8,"column":2},"end":{"line":8,"column":3}},"loc":{"start":{"line":8,"column":22},"end":{"line":8,"column":68}},"line":8},"1":{"name":"(anonymous_1)","decl":{"start":{"line":12,"column":2},"end":{"line":12,"column":3}},"loc":{"start":{"line":12,"column":22},"end":{"line":12,"column":71}},"line":12},"2":{"name":"(anonymous_2)","decl":{"start":{"line":16,"column":2},"end":{"line":16,"column":3}},"loc":{"start":{"line":16,"column":28},"end":{"line":65,"column":3}},"line":16},"3":{"name":"(anonymous_3)","decl":{"start":{"line":69,"column":2},"end":{"line":69,"column":3}},"loc":{"start":{"line":69,"column":22},"end":{"line":69,"column":65}},"line":69},"4":{"name":"(anonymous_4)","decl":{"start":{"line":73,"column":2},"end":{"line":73,"column":3}},"loc":{"start":{"line":73,"column":22},"end":{"line":73,"column":68}},"line":73}},"branchMap":{"0":{"loc":{"start":{"line":19,"column":6},"end":{"line":24,"column":7}},"type":"if","locations":[{"start":{"line":19,"column":6},"end":{"line":24,"column":7}},{"start":{},"end":{}}],"line":19}},"s":{"0":1,"1":1,"2":1,"3":1,"4":1,"5":1,"6":0,"7":1,"8":0,"9":1,"10":0,"11":0,"12":0,"13":0,"14":0,"15":0,"16":0,"17":0,"18":1,"19":0,"20":1,"21":0,"22":1},"f":{"0":0,"1":0,"2":0,"3":0,"4":0},"b":{"0":[0,0]},"_coverageSchema":"1a1c01bbd47fc00a2c39e90264f33305004495a9","hash":"da52053ff10dd27066d264364e8b42f710937809"}
,"C:\\NodeJS\\neurobreak\\backend\\src\\application\\validators\\moodValidator.js": {"path":"C:\\NodeJS\\neurobreak\\backend\\src\\application\\validators\\moodValidator.js","statementMap":{"0":{"start":{"line":1,"column":20},"end":{"line":1,"column":73}},"1":{"start":{"line":2,"column":21},"end":{"line":2,"column":51}},"2":{"start":{"line":4,"column":17},"end":{"line":4,"column":19}},"3":{"start":{"line":5,"column":2},"end":{"line":15,"column":3}},"4":{"start":{"line":6,"column":4},"end":{"line":9,"column":7}},"5":{"start":{"line":10,"column":9},"end":{"line":15,"column":3}},"6":{"start":{"line":11,"column":4},"end":{"line":14,"column":7}},"7":{"start":{"line":16,"column":2},"end":{"line":26,"column":3}},"8":{"start":{"line":17,"column":4},"end":{"line":20,"column":7}},"9":{"start":{"line":21,"column":9},"end":{"line":26,"column":3}},"10":{"start":{"line":22,"column":4},"end":{"line":25,"column":7}},"11":{"start":{"line":27,"column":2},"end":{"line":37,"column":3}},"12":{"start":{"line":28,"column":4},"end":{"line":31,"column":7}},"13":{"start":{"line":32,"column":9},"end":{"line":37,"column":3}},"14":{"start":{"line":33,"column":4},"end":{"line":36,"column":7}},"15":{"start":{"line":38,"column":2},"end":{"line":47,"column":3}},"16":{"start":{"line":39,"column":22},"end":{"line":39,"column":52}},"17":{"start":{"line":40,"column":23},"end":{"line":40,"column":55}},"18":{"start":{"line":41,"column":4},"end":{"line":46,"column":5}},"19":{"start":{"line":42,"column":6},"end":{"line":45,"column":9}},"20":{"start":{"line":48,"column":2},"end":{"line":51,"column":4}},"21":{"start":{"line":54,"column":17},"end":{"line":54,"column":19}},"22":{"start":{"line":55,"column":2},"end":{"line":63,"column":3}},"23":{"start":{"line":56,"column":18},"end":{"line":56,"column":39}},"24":{"start":{"line":57,"column":4},"end":{"line":62,"column":5}},"25":{"start":{"line":58,"column":6},"end":{"line":61,"column":9}},"26":{"start":{"line":64,"column":2},"end":{"line":72,"column":3}},"27":{"start":{"line":65,"column":19},"end":{"line":65,"column":41}},"28":{"start":{"line":66,"column":4},"end":{"line":71,"column":5}},"29":{"start":{"line":67,"column":6},"end":{"line":70,"column":9}},"30":{"start":{"line":73,"column":2},"end":{"line":81,"column":3}},"31":{"start":{"line":74,"column":28},"end":{"line":74,"column":59}},"32":{"start":{"line":75,"column":4},"end":{"line":80,"column":5}},"33":{"start":{"line":76,"column":6},"end":{"line":79,"column":9}},"34":{"start":{"line":82,"column":2},"end":{"line":85,"column":4}},"35":{"start":{"line":87,"column":0},"end":{"line":92,"column":2}}},"fnMap":{"0":{"name":"validateCreateMoodEntry","decl":{"start":{"line":3,"column":9},"end":{"line":3,"column":32}},"loc":{"start":{"line":3,"column":39},"end":{"line":52,"column":1}},"line":3},"1":{"name":"validateGetMoodEntriesQuery","decl":{"start":{"line":53,"column":9},"end":{"line":53,"column":36}},"loc":{"start":{"line":53,"column":44},"end":{"line":86,"column":1}},"line":53}},"branchMap":{"0":{"loc":{"start":{"line":5,"column":2},"end":{"line":15,"column":3}},"type":"if","locations":[{"start":{"line":5,"column":2},"end":{"line":15,"column":3}},{"start":{"line":10,"column":9},"end":{"line":15,"column":3}}],"line":5},"1":{"loc":{"start":{"line":10,"column":9},"end":{"line":15,"column":3}},"type":"if","locations":[{"start":{"line":10,"column":9},"end":{"line":15,"column":3}},{"start":{},"end":{}}],"line":10},"2":{"loc":{"start":{"line":10,"column":13},"end":{"line":10,"column":81}},"type":"binary-expr","locations":[{"start":{"line":10,"column":13},"end":{"line":10,"column":52}},{"start":{"line":10,"column":56},"end":{"line":10,"column":81}}],"line":10},"3":{"loc":{"start":{"line":16,"column":2},"end":{"line":26,"column":3}},"type":"if","locations":[{"start":{"line":16,"column":2},"end":{"line":26,"column":3}},{"start":{"line":21,"column":9},"end":{"line":26,"column":3}}],"line":16},"4":{"loc":{"start":{"line":21,"column":9},"end":{"line":26,"column":3}},"type":"if","locations":[{"start":{"line":21,"column":9},"end":{"line":26,"column":3}},{"start":{},"end":{}}],"line":21},"5":{"loc":{"start":{"line":27,"column":2},"end":{"line":37,"column":3}},"type":"if","locations":[{"start":{"line":27,"column":2},"end":{"line":37,"column":3}},{"start":{"line":32,"column":9},"end":{"line":37,"column":3}}],"line":27},"6":{"loc":{"start":{"line":32,"column":9},"end":{"line":37,"column":3}},"type":"if","locations":[{"start":{"line":32,"column":9},"end":{"line":37,"column":3}},{"start":{},"end":{}}],"line":32},"7":{"loc":{"start":{"line":38,"column":2},"end":{"line":47,"column":3}},"type":"if","locations":[{"start":{"line":38,"column":2},"end":{"line":47,"column":3}},{"start":{},"end":{}}],"line":38},"8":{"loc":{"start":{"line":38,"column":6},"end":{"line":38,"column":29}},"type":"binary-expr","locations":[{"start":{"line":38,"column":6},"end":{"line":38,"column":15}},{"start":{"line":38,"column":19},"end":{"line":38,"column":29}}],"line":38},"9":{"loc":{"start":{"line":41,"column":4},"end":{"line":46,"column":5}},"type":"if","locations":[{"start":{"line":41,"column":4},"end":{"line":46,"column":5}},{"start":{},"end":{}}],"line":41},"10":{"loc":{"start":{"line":41,"column":8},"end":{"line":41,"column":73}},"type":"binary-expr","locations":[{"start":{"line":41,"column":8},"end":{"line":41,"column":24}},{"start":{"line":41,"column":28},"end":{"line":41,"column":45}},{"start":{"line":41,"column":49},"end":{"line":41,"column":73}}],"line":41},"11":{"loc":{"start":{"line":55,"column":2},"end":{"line":63,"column":3}},"type":"if","locations":[{"start":{"line":55,"column":2},"end":{"line":63,"column":3}},{"start":{},"end":{}}],"line":55},"12":{"loc":{"start":{"line":57,"column":4},"end":{"line":62,"column":5}},"type":"if","locations":[{"start":{"line":57,"column":4},"end":{"line":62,"column":5}},{"start":{},"end":{}}],"line":57},"13":{"loc":{"start":{"line":57,"column":8},"end":{"line":57,"column":49}},"type":"binary-expr","locations":[{"start":{"line":57,"column":8},"end":{"line":57,"column":20}},{"start":{"line":57,"column":24},"end":{"line":57,"column":34}},{"start":{"line":57,"column":38},"end":{"line":57,"column":49}}],"line":57},"14":{"loc":{"start":{"line":64,"column":2},"end":{"line":72,"column":3}},"type":"if","locations":[{"start":{"line":64,"column":2},"end":{"line":72,"column":3}},{"start":{},"end":{}}],"line":64},"15":{"loc":{"start":{"line":66,"column":4},"end":{"line":71,"column":5}},"type":"if","locations":[{"start":{"line":66,"column":4},"end":{"line":71,"column":5}},{"start":{},"end":{}}],"line":66},"16":{"loc":{"start":{"line":66,"column":8},"end":{"line":66,"column":35}},"type":"binary-expr","locations":[{"start":{"line":66,"column":8},"end":{"line":66,"column":21}},{"start":{"line":66,"column":25},"end":{"line":66,"column":35}}],"line":66},"17":{"loc":{"start":{"line":73,"column":2},"end":{"line":81,"column":3}},"type":"if","locations":[{"start":{"line":73,"column":2},"end":{"line":81,"column":3}},{"start":{},"end":{}}],"line":73},"18":{"loc":{"start":{"line":75,"column":4},"end":{"line":80,"column":5}},"type":"if","locations":[{"start":{"line":75,"column":4},"end":{"line":80,"column":5}},{"start":{},"end":{}}],"line":75},"19":{"loc":{"start":{"line":75,"column":8},"end":{"line":75,"column":54}},"type":"binary-expr","locations":[{"start":{"line":75,"column":8},"end":{"line":75,"column":30}},{"start":{"line":75,"column":34},"end":{"line":75,"column":54}}],"line":75}},"s":{"0":2,"1":2,"2":2,"3":2,"4":1,"5":1,"6":0,"7":2,"8":0,"9":2,"10":1,"11":2,"12":1,"13":1,"14":0,"15":2,"16":1,"17":1,"18":1,"19":0,"20":2,"21":0,"22":0,"23":0,"24":0,"25":0,"26":0,"27":0,"28":0,"29":0,"30":0,"31":0,"32":0,"33":0,"34":0,"35":2},"f":{"0":2,"1":0},"b":{"0":[1,1],"1":[0,1],"2":[1,1],"3":[0,2],"4":[1,1],"5":[1,1],"6":[0,1],"7":[1,1],"8":[2,2],"9":[0,1],"10":[1,1,1],"11":[0,0],"12":[0,0],"13":[0,0,0],"14":[0,0],"15":[0,0],"16":[0,0],"17":[0,0],"18":[0,0],"19":[0,0]},"_coverageSchema":"1a1c01bbd47fc00a2c39e90264f33305004495a9","hash":"e50fdd613e41f7065bb3c38c288e0df3e07aeb8e"}
,"C:\\NodeJS\\neurobreak\\backend\\src\\config\\auth.config.js": {"path":"C:\\NodeJS\\neurobreak\\backend\\src\\config\\auth.config.js","statementMap":{"0":{"start":{"line":1,"column":0},"end":{"line":21,"column":2}}},"fnMap":{},"branchMap":{"0":{"loc":{"start":{"line":3,"column":12},"end":{"line":3,"column":55}},"type":"binary-expr","locations":[{"start":{"line":3,"column":12},"end":{"line":3,"column":34}},{"start":{"line":3,"column":38},"end":{"line":3,"column":55}}],"line":3},"1":{"loc":{"start":{"line":4,"column":15},"end":{"line":4,"column":49}},"type":"binary-expr","locations":[{"start":{"line":4,"column":15},"end":{"line":4,"column":41}},{"start":{"line":4,"column":45},"end":{"line":4,"column":49}}],"line":4}},"s":{"0":5},"f":{},"b":{"0":[5,5],"1":[5,5]},"_coverageSchema":"1a1c01bbd47fc00a2c39e90264f33305004495a9","hash":"1d774be65546d4047e69ea47f1bb28c05ff0fc50"}
,"C:\\NodeJS\\neurobreak\\backend\\src\\config\\database.config.js": {"path":"C:\\NodeJS\\neurobreak\\backend\\src\\config\\database.config.js","statementMap":{"0":{"start":{"line":1,"column":17},"end":{"line":1,"column":30}},"1":{"start":{"line":2,"column":15},"end":{"line":2,"column":41}},"2":{"start":{"line":5,"column":4},"end":{"line":7,"column":5}},"3":{"start":{"line":6,"column":6},"end":{"line":6,"column":31}},"4":{"start":{"line":8,"column":4},"end":{"line":17,"column":7}},"5":{"start":{"line":18,"column":4},"end":{"line":20,"column":7}},"6":{"start":{"line":19,"column":6},"end":{"line":19,"column":62}},"7":{"start":{"line":21,"column":4},"end":{"line":24,"column":7}},"8":{"start":{"line":22,"column":6},"end":{"line":22,"column":71}},"9":{"start":{"line":23,"column":6},"end":{"line":23,"column":23}},"10":{"start":{"line":25,"column":4},"end":{"line":25,"column":29}},"11":{"start":{"line":28,"column":18},"end":{"line":28,"column":28}},"12":{"start":{"line":29,"column":4},"end":{"line":37,"column":5}},"13":{"start":{"line":30,"column":18},"end":{"line":30,"column":53}},"14":{"start":{"line":31,"column":23},"end":{"line":31,"column":41}},"15":{"start":{"line":32,"column":6},"end":{"line":32,"column":78}},"16":{"start":{"line":33,"column":6},"end":{"line":33,"column":17}},"17":{"start":{"line":35,"column":6},"end":{"line":35,"column":62}},"18":{"start":{"line":36,"column":6},"end":{"line":36,"column":18}},"19":{"start":{"line":40,"column":4},"end":{"line":40,"column":37}},"20":{"start":{"line":43,"column":4},"end":{"line":43,"column":26}},"21":{"start":{"line":44,"column":4},"end":{"line":44,"column":47}},"22":{"start":{"line":47,"column":17},"end":{"line":47,"column":31}},"23":{"start":{"line":48,"column":0},"end":{"line":48,"column":24}},"24":{"start":{"line":49,"column":0},"end":{"line":49,"column":26}}},"fnMap":{"0":{"name":"(anonymous_0)","decl":{"start":{"line":4,"column":2},"end":{"line":4,"column":3}},"loc":{"start":{"line":4,"column":16},"end":{"line":26,"column":3}},"line":4},"1":{"name":"(anonymous_1)","decl":{"start":{"line":18,"column":28},"end":{"line":18,"column":29}},"loc":{"start":{"line":18,"column":34},"end":{"line":20,"column":5}},"line":18},"2":{"name":"(anonymous_2)","decl":{"start":{"line":21,"column":26},"end":{"line":21,"column":27}},"loc":{"start":{"line":21,"column":35},"end":{"line":24,"column":5}},"line":21},"3":{"name":"(anonymous_3)","decl":{"start":{"line":27,"column":2},"end":{"line":27,"column":3}},"loc":{"start":{"line":27,"column":28},"end":{"line":38,"column":3}},"line":27},"4":{"name":"(anonymous_4)","decl":{"start":{"line":39,"column":2},"end":{"line":39,"column":3}},"loc":{"start":{"line":39,"column":20},"end":{"line":41,"column":3}},"line":39},"5":{"name":"(anonymous_5)","decl":{"start":{"line":42,"column":2},"end":{"line":42,"column":3}},"loc":{"start":{"line":42,"column":16},"end":{"line":45,"column":3}},"line":42}},"branchMap":{"0":{"loc":{"start":{"line":5,"column":4},"end":{"line":7,"column":5}},"type":"if","locations":[{"start":{"line":5,"column":4},"end":{"line":7,"column":5}},{"start":{},"end":{}}],"line":5},"1":{"loc":{"start":{"line":9,"column":12},"end":{"line":9,"column":46}},"type":"binary-expr","locations":[{"start":{"line":9,"column":12},"end":{"line":9,"column":31}},{"start":{"line":9,"column":35},"end":{"line":9,"column":46}}],"line":9},"2":{"loc":{"start":{"line":10,"column":12},"end":{"line":10,"column":49}},"type":"binary-expr","locations":[{"start":{"line":10,"column":12},"end":{"line":10,"column":41}},{"start":{"line":10,"column":45},"end":{"line":10,"column":49}}],"line":10},"3":{"loc":{"start":{"line":11,"column":16},"end":{"line":11,"column":54}},"type":"binary-expr","locations":[{"start":{"line":11,"column":16},"end":{"line":11,"column":35}},{"start":{"line":11,"column":39},"end":{"line":11,"column":54}}],"line":11},"4":{"loc":{"start":{"line":12,"column":12},"end":{"line":12,"column":45}},"type":"binary-expr","locations":[{"start":{"line":12,"column":12},"end":{"line":12,"column":31}},{"start":{"line":12,"column":35},"end":{"line":12,"column":45}}],"line":12},"5":{"loc":{"start":{"line":13,"column":23},"end":{"line":13,"column":52}},"type":"binary-expr","locations":[{"start":{"line":13,"column":23},"end":{"line":13,"column":46}},{"start":{"line":13,"column":50},"end":{"line":13,"column":52}}],"line":13}},"s":{"0":5,"1":5,"2":5,"3":0,"4":5,"5":5,"6":0,"7":5,"8":0,"9":0,"10":5,"11":5,"12":5,"13":5,"14":0,"15":0,"16":0,"17":5,"18":5,"19":0,"20":0,"21":0,"22":5,"23":5,"24":5},"f":{"0":5,"1":0,"2":0,"3":5,"4":0,"5":0},"b":{"0":[0,5],"1":[5,5],"2":[5,5],"3":[5,5],"4":[5,5],"5":[5,5]},"_coverageSchema":"1a1c01bbd47fc00a2c39e90264f33305004495a9","hash":"f46ed55e7c72fd65b79c3ac13b56e9628847f086"}
,"C:\\NodeJS\\neurobreak\\backend\\src\\config\\passport.config.js": {"path":"C:\\NodeJS\\neurobreak\\backend\\src\\config\\passport.config.js","statementMap":{"0":{"start":{"line":1,"column":17},"end":{"line":1,"column":36}},"1":{"start":{"line":2,"column":23},"end":{"line":2,"column":66}},"2":{"start":{"line":3,"column":26},"end":{"line":3,"column":64}},"3":{"start":{"line":4,"column":20},"end":{"line":4,"column":71}},"4":{"start":{"line":5,"column":21},"end":{"line":5,"column":73}},"5":{"start":{"line":6,"column":20},"end":{"line":6,"column":37}},"6":{"start":{"line":7,"column":21},"end":{"line":7,"column":39}},"7":{"start":{"line":8,"column":0},"end":{"line":10,"column":3}},"8":{"start":{"line":9,"column":2},"end":{"line":9,"column":22}},"9":{"start":{"line":11,"column":0},"end":{"line":18,"column":3}},"10":{"start":{"line":12,"column":2},"end":{"line":17,"column":3}},"11":{"start":{"line":13,"column":17},"end":{"line":13,"column":51}},"12":{"start":{"line":14,"column":4},"end":{"line":14,"column":21}},"13":{"start":{"line":16,"column":4},"end":{"line":16,"column":22}},"14":{"start":{"line":19,"column":0},"end":{"line":62,"column":1}},"15":{"start":{"line":20,"column":2},"end":{"line":61,"column":4}},"16":{"start":{"line":29,"column":8},"end":{"line":58,"column":9}},"17":{"start":{"line":30,"column":24},"end":{"line":30,"column":47}},"18":{"start":{"line":31,"column":21},"end":{"line":31,"column":61}},"19":{"start":{"line":32,"column":10},"end":{"line":35,"column":11}},"20":{"start":{"line":33,"column":12},"end":{"line":33,"column":74}},"21":{"start":{"line":34,"column":12},"end":{"line":34,"column":36}},"22":{"start":{"line":36,"column":10},"end":{"line":43,"column":13}},"23":{"start":{"line":44,"column":10},"end":{"line":44,"column":69}},"24":{"start":{"line":45,"column":10},"end":{"line":53,"column":11}},"25":{"start":{"line":46,"column":12},"end":{"line":49,"column":14}},"26":{"start":{"line":50,"column":12},"end":{"line":50,"column":74}},"27":{"start":{"line":52,"column":12},"end":{"line":52,"column":80}},"28":{"start":{"line":54,"column":10},"end":{"line":54,"column":34}},"29":{"start":{"line":56,"column":10},"end":{"line":56,"column":57}},"30":{"start":{"line":57,"column":10},"end":{"line":57,"column":35}},"31":{"start":{"line":63,"column":0},"end":{"line":106,"column":1}},"32":{"start":{"line":64,"column":2},"end":{"line":105,"column":4}},"33":{"start":{"line":73,"column":8},"end":{"line":102,"column":9}},"34":{"start":{"line":74,"column":24},"end":{"line":74,"column":47}},"35":{"start":{"line":75,"column":21},"end":{"line":75,"column":61}},"36":{"start":{"line":76,"column":10},"end":{"line":79,"column":11}},"37":{"start":{"line":77,"column":12},"end":{"line":77,"column":77}},"38":{"start":{"line":78,"column":12},"end":{"line":78,"column":36}},"39":{"start":{"line":80,"column":10},"end":{"line":87,"column":13}},"40":{"start":{"line":88,"column":10},"end":{"line":88,"column":72}},"41":{"start":{"line":89,"column":10},"end":{"line":97,"column":11}},"42":{"start":{"line":90,"column":12},"end":{"line":93,"column":14}},"43":{"start":{"line":94,"column":12},"end":{"line":94,"column":74}},"44":{"start":{"line":96,"column":12},"end":{"line":96,"column":80}},"45":{"start":{"line":98,"column":10},"end":{"line":98,"column":34}},"46":{"start":{"line":100,"column":10},"end":{"line":100,"column":60}},"47":{"start":{"line":101,"column":10},"end":{"line":101,"column":35}},"48":{"start":{"line":107,"column":0},"end":{"line":107,"column":26}}},"fnMap":{"0":{"name":"(anonymous_0)","decl":{"start":{"line":8,"column":23},"end":{"line":8,"column":24}},"loc":{"start":{"line":8,"column":39},"end":{"line":10,"column":1}},"line":8},"1":{"name":"(anonymous_1)","decl":{"start":{"line":11,"column":25},"end":{"line":11,"column":26}},"loc":{"start":{"line":11,"column":45},"end":{"line":18,"column":1}},"line":11},"2":{"name":"(anonymous_2)","decl":{"start":{"line":28,"column":6},"end":{"line":28,"column":7}},"loc":{"start":{"line":28,"column":58},"end":{"line":59,"column":7}},"line":28},"3":{"name":"(anonymous_3)","decl":{"start":{"line":72,"column":6},"end":{"line":72,"column":7}},"loc":{"start":{"line":72,"column":58},"end":{"line":103,"column":7}},"line":72}},"branchMap":{"0":{"loc":{"start":{"line":19,"column":0},"end":{"line":62,"column":1}},"type":"if","locations":[{"start":{"line":19,"column":0},"end":{"line":62,"column":1}},{"start":{},"end":{}}],"line":19},"1":{"loc":{"start":{"line":19,"column":4},"end":{"line":19,"column":68}},"type":"binary-expr","locations":[{"start":{"line":19,"column":4},"end":{"line":19,"column":32}},{"start":{"line":19,"column":36},"end":{"line":19,"column":68}}],"line":19},"2":{"loc":{"start":{"line":32,"column":10},"end":{"line":35,"column":11}},"type":"if","locations":[{"start":{"line":32,"column":10},"end":{"line":35,"column":11}},{"start":{},"end":{}}],"line":32},"3":{"loc":{"start":{"line":37,"column":23},"end":{"line":37,"column":82}},"type":"binary-expr","locations":[{"start":{"line":37,"column":23},"end":{"line":37,"column":45}},{"start":{"line":37,"column":49},"end":{"line":37,"column":82}}],"line":37},"4":{"loc":{"start":{"line":38,"column":22},"end":{"line":38,"column":88}},"type":"binary-expr","locations":[{"start":{"line":38,"column":22},"end":{"line":38,"column":45}},{"start":{"line":38,"column":49},"end":{"line":38,"column":82}},{"start":{"line":38,"column":86},"end":{"line":38,"column":88}}],"line":38},"5":{"loc":{"start":{"line":42,"column":28},"end":{"line":42,"column":60}},"type":"binary-expr","locations":[{"start":{"line":42,"column":28},"end":{"line":42,"column":52}},{"start":{"line":42,"column":56},"end":{"line":42,"column":60}}],"line":42},"6":{"loc":{"start":{"line":48,"column":14},"end":{"line":48,"column":47}},"type":"binary-expr","locations":[{"start":{"line":48,"column":14},"end":{"line":48,"column":28}},{"start":{"line":48,"column":32},"end":{"line":48,"column":47}}],"line":48},"7":{"loc":{"start":{"line":63,"column":0},"end":{"line":106,"column":1}},"type":"if","locations":[{"start":{"line":63,"column":0},"end":{"line":106,"column":1}},{"start":{},"end":{}}],"line":63},"8":{"loc":{"start":{"line":63,"column":4},"end":{"line":63,"column":74}},"type":"binary-expr","locations":[{"start":{"line":63,"column":4},"end":{"line":63,"column":35}},{"start":{"line":63,"column":39},"end":{"line":63,"column":74}}],"line":63},"9":{"loc":{"start":{"line":76,"column":10},"end":{"line":79,"column":11}},"type":"if","locations":[{"start":{"line":76,"column":10},"end":{"line":79,"column":11}},{"start":{},"end":{}}],"line":76},"10":{"loc":{"start":{"line":81,"column":23},"end":{"line":81,"column":82}},"type":"binary-expr","locations":[{"start":{"line":81,"column":23},"end":{"line":81,"column":45}},{"start":{"line":81,"column":49},"end":{"line":81,"column":82}}],"line":81},"11":{"loc":{"start":{"line":82,"column":22},"end":{"line":82,"column":88}},"type":"binary-expr","locations":[{"start":{"line":82,"column":22},"end":{"line":82,"column":45}},{"start":{"line":82,"column":49},"end":{"line":82,"column":82}},{"start":{"line":82,"column":86},"end":{"line":82,"column":88}}],"line":82},"12":{"loc":{"start":{"line":92,"column":14},"end":{"line":92,"column":47}},"type":"binary-expr","locations":[{"start":{"line":92,"column":14},"end":{"line":92,"column":28}},{"start":{"line":92,"column":32},"end":{"line":92,"column":47}}],"line":92}},"s":{"0":1,"1":1,"2":1,"3":1,"4":1,"5":1,"6":1,"7":1,"8":0,"9":1,"10":0,"11":0,"12":0,"13":0,"14":1,"15":1,"16":0,"17":0,"18":0,"19":0,"20":0,"21":0,"22":0,"23":0,"24":0,"25":0,"26":0,"27":0,"28":0,"29":0,"30":0,"31":1,"32":1,"33":0,"34":0,"35":0,"36":0,"37":0,"38":0,"39":0,"40":0,"41":0,"42":0,"43":0,"44":0,"45":0,"46":0,"47":0,"48":1},"f":{"0":0,"1":0,"2":0,"3":0},"b":{"0":[1,0],"1":[1,1],"2":[0,0],"3":[0,0],"4":[0,0,0],"5":[0,0],"6":[0,0],"7":[1,0],"8":[1,1],"9":[0,0],"10":[0,0],"11":[0,0,0],"12":[0,0]},"_coverageSchema":"1a1c01bbd47fc00a2c39e90264f33305004495a9","hash":"07c5694b492b954c0d8082bd22c5f0c65c71cb09"}
,"C:\\NodeJS\\neurobreak\\backend\\src\\core\\application\\services\\AuthService.js": {"path":"C:\\NodeJS\\neurobreak\\backend\\src\\core\\application\\services\\AuthService.js","statementMap":{"0":{"start":{"line":1,"column":13},"end":{"line":1,"column":67}},"1":{"start":{"line":2,"column":15},"end":{"line":2,"column":34}},"2":{"start":{"line":5,"column":18},"end":{"line":5,"column":56}},"3":{"start":{"line":6,"column":19},"end":{"line":6,"column":51}},"4":{"start":{"line":7,"column":4},"end":{"line":7,"column":26}},"5":{"start":{"line":10,"column":18},"end":{"line":10,"column":53}},"6":{"start":{"line":11,"column":19},"end":{"line":11,"column":52}},"7":{"start":{"line":12,"column":4},"end":{"line":12,"column":26}},"8":{"start":{"line":15,"column":75},"end":{"line":15,"column":83}},"9":{"start":{"line":16,"column":18},"end":{"line":20,"column":5}},"10":{"start":{"line":21,"column":19},"end":{"line":21,"column":87}},"11":{"start":{"line":22,"column":19},"end":{"line":22,"column":50}},"12":{"start":{"line":23,"column":4},"end":{"line":31,"column":6}},"13":{"start":{"line":34,"column":18},"end":{"line":42,"column":5}},"14":{"start":{"line":43,"column":19},"end":{"line":43,"column":71}},"15":{"start":{"line":44,"column":4},"end":{"line":44,"column":26}},"16":{"start":{"line":47,"column":18},"end":{"line":54,"column":5}},"17":{"start":{"line":55,"column":19},"end":{"line":55,"column":75}},"18":{"start":{"line":56,"column":4},"end":{"line":56,"column":26}},"19":{"start":{"line":59,"column":18},"end":{"line":63,"column":5}},"20":{"start":{"line":64,"column":19},"end":{"line":64,"column":55}},"21":{"start":{"line":65,"column":4},"end":{"line":65,"column":26}},"22":{"start":{"line":68,"column":17},"end":{"line":68,"column":50}},"23":{"start":{"line":69,"column":4},"end":{"line":69,"column":18}},"24":{"start":{"line":72,"column":18},"end":{"line":77,"column":5}},"25":{"start":{"line":78,"column":19},"end":{"line":78,"column":72}},"26":{"start":{"line":79,"column":4},"end":{"line":79,"column":26}},"27":{"start":{"line":82,"column":41},"end":{"line":82,"column":52}},"28":{"start":{"line":83,"column":18},"end":{"line":92,"column":5}},"29":{"start":{"line":93,"column":19},"end":{"line":93,"column":78}},"30":{"start":{"line":94,"column":4},"end":{"line":94,"column":26}},"31":{"start":{"line":97,"column":18},"end":{"line":101,"column":5}},"32":{"start":{"line":102,"column":4},"end":{"line":102,"column":38}},"33":{"start":{"line":105,"column":18},"end":{"line":109,"column":5}},"34":{"start":{"line":110,"column":19},"end":{"line":110,"column":42}},"35":{"start":{"line":111,"column":4},"end":{"line":111,"column":23}},"36":{"start":{"line":114,"column":18},"end":{"line":114,"column":64}},"37":{"start":{"line":115,"column":19},"end":{"line":115,"column":52}},"38":{"start":{"line":116,"column":4},"end":{"line":116,"column":26}},"39":{"start":{"line":119,"column":0},"end":{"line":119,"column":29}}},"fnMap":{"0":{"name":"(anonymous_0)","decl":{"start":{"line":4,"column":2},"end":{"line":4,"column":3}},"loc":{"start":{"line":4,"column":31},"end":{"line":8,"column":3}},"line":4},"1":{"name":"(anonymous_1)","decl":{"start":{"line":9,"column":2},"end":{"line":9,"column":3}},"loc":{"start":{"line":9,"column":29},"end":{"line":13,"column":3}},"line":9},"2":{"name":"(anonymous_2)","decl":{"start":{"line":14,"column":2},"end":{"line":14,"column":3}},"loc":{"start":{"line":14,"column":29},"end":{"line":32,"column":3}},"line":14},"3":{"name":"(anonymous_3)","decl":{"start":{"line":33,"column":2},"end":{"line":33,"column":3}},"loc":{"start":{"line":33,"column":50},"end":{"line":45,"column":3}},"line":33},"4":{"name":"(anonymous_4)","decl":{"start":{"line":46,"column":2},"end":{"line":46,"column":3}},"loc":{"start":{"line":46,"column":62},"end":{"line":57,"column":3}},"line":46},"5":{"name":"(anonymous_5)","decl":{"start":{"line":58,"column":2},"end":{"line":58,"column":3}},"loc":{"start":{"line":58,"column":40},"end":{"line":66,"column":3}},"line":58},"6":{"name":"(anonymous_6)","decl":{"start":{"line":67,"column":2},"end":{"line":67,"column":3}},"loc":{"start":{"line":67,"column":27},"end":{"line":70,"column":3}},"line":67},"7":{"name":"(anonymous_7)","decl":{"start":{"line":71,"column":2},"end":{"line":71,"column":3}},"loc":{"start":{"line":71,"column":57},"end":{"line":80,"column":3}},"line":71},"8":{"name":"(anonymous_8)","decl":{"start":{"line":81,"column":2},"end":{"line":81,"column":3}},"loc":{"start":{"line":81,"column":43},"end":{"line":95,"column":3}},"line":81},"9":{"name":"(anonymous_9)","decl":{"start":{"line":96,"column":2},"end":{"line":96,"column":3}},"loc":{"start":{"line":96,"column":32},"end":{"line":103,"column":3}},"line":96},"10":{"name":"(anonymous_10)","decl":{"start":{"line":104,"column":2},"end":{"line":104,"column":3}},"loc":{"start":{"line":104,"column":22},"end":{"line":112,"column":3}},"line":104},"11":{"name":"(anonymous_11)","decl":{"start":{"line":113,"column":2},"end":{"line":113,"column":3}},"loc":{"start":{"line":113,"column":27},"end":{"line":117,"column":3}},"line":113}},"branchMap":{"0":{"loc":{"start":{"line":21,"column":64},"end":{"line":21,"column":86}},"type":"binary-expr","locations":[{"start":{"line":21,"column":64},"end":{"line":21,"column":78}},{"start":{"line":21,"column":82},"end":{"line":21,"column":86}}],"line":21}},"s":{"0":1,"1":1,"2":0,"3":0,"4":0,"5":0,"6":0,"7":0,"8":0,"9":0,"10":0,"11":0,"12":0,"13":0,"14":0,"15":0,"16":0,"17":0,"18":0,"19":0,"20":0,"21":0,"22":0,"23":0,"24":0,"25":0,"26":0,"27":0,"28":0,"29":0,"30":0,"31":0,"32":0,"33":0,"34":0,"35":0,"36":0,"37":0,"38":0,"39":1},"f":{"0":0,"1":0,"2":0,"3":0,"4":0,"5":0,"6":0,"7":0,"8":0,"9":0,"10":0,"11":0},"b":{"0":[0,0]},"_coverageSchema":"1a1c01bbd47fc00a2c39e90264f33305004495a9","hash":"2244dc869aa03bd2317d4997c9886d168a0bb6ef"}
,"C:\\NodeJS\\neurobreak\\backend\\src\\core\\application\\services\\EmailService.js": {"path":"C:\\NodeJS\\neurobreak\\backend\\src\\core\\application\\services\\EmailService.js","statementMap":{"0":{"start":{"line":1,"column":19},"end":{"line":1,"column":40}},"1":{"start":{"line":4,"column":4},"end":{"line":12,"column":7}},"2":{"start":{"line":13,"column":4},"end":{"line":19,"column":7}},"3":{"start":{"line":14,"column":6},"end":{"line":18,"column":7}},"4":{"start":{"line":15,"column":8},"end":{"line":15,"column":75}},"5":{"start":{"line":17,"column":8},"end":{"line":17,"column":70}},"6":{"start":{"line":22,"column":4},"end":{"line":35,"column":5}},"7":{"start":{"line":23,"column":26},"end":{"line":28,"column":7}},"8":{"start":{"line":29,"column":19},"end":{"line":29,"column":63}},"9":{"start":{"line":30,"column":6},"end":{"line":30,"column":68}},"10":{"start":{"line":31,"column":6},"end":{"line":31,"column":58}},"11":{"start":{"line":33,"column":6},"end":{"line":33,"column":69}},"12":{"start":{"line":34,"column":6},"end":{"line":34,"column":18}},"13":{"start":{"line":38,"column":4},"end":{"line":227,"column":6}},"14":{"start":{"line":230,"column":4},"end":{"line":243,"column":5}},"15":{"start":{"line":231,"column":26},"end":{"line":236,"column":7}},"16":{"start":{"line":237,"column":19},"end":{"line":237,"column":63}},"17":{"start":{"line":238,"column":6},"end":{"line":238,"column":70}},"18":{"start":{"line":239,"column":6},"end":{"line":239,"column":58}},"19":{"start":{"line":241,"column":6},"end":{"line":241,"column":71}},"20":{"start":{"line":242,"column":6},"end":{"line":242,"column":18}},"21":{"start":{"line":246,"column":4},"end":{"line":352,"column":6}},"22":{"start":{"line":355,"column":0},"end":{"line":355,"column":30}}},"fnMap":{"0":{"name":"(anonymous_0)","decl":{"start":{"line":3,"column":2},"end":{"line":3,"column":3}},"loc":{"start":{"line":3,"column":16},"end":{"line":20,"column":3}},"line":3},"1":{"name":"(anonymous_1)","decl":{"start":{"line":13,"column":28},"end":{"line":13,"column":29}},"loc":{"start":{"line":13,"column":48},"end":{"line":19,"column":5}},"line":13},"2":{"name":"(anonymous_2)","decl":{"start":{"line":21,"column":2},"end":{"line":21,"column":3}},"loc":{"start":{"line":21,"column":43},"end":{"line":36,"column":3}},"line":21},"3":{"name":"(anonymous_3)","decl":{"start":{"line":37,"column":2},"end":{"line":37,"column":3}},"loc":{"start":{"line":37,"column":32},"end":{"line":228,"column":3}},"line":37},"4":{"name":"(anonymous_4)","decl":{"start":{"line":229,"column":2},"end":{"line":229,"column":3}},"loc":{"start":{"line":229,"column":71},"end":{"line":244,"column":3}},"line":229},"5":{"name":"(anonymous_5)","decl":{"start":{"line":245,"column":2},"end":{"line":245,"column":3}},"loc":{"start":{"line":245,"column":48},"end":{"line":353,"column":3}},"line":245}},"branchMap":{"0":{"loc":{"start":{"line":5,"column":12},"end":{"line":5,"column":53}},"type":"binary-expr","locations":[{"start":{"line":5,"column":12},"end":{"line":5,"column":33}},{"start":{"line":5,"column":37},"end":{"line":5,"column":53}}],"line":5},"1":{"loc":{"start":{"line":6,"column":12},"end":{"line":6,"column":50}},"type":"binary-expr","locations":[{"start":{"line":6,"column":12},"end":{"line":6,"column":43}},{"start":{"line":6,"column":47},"end":{"line":6,"column":50}}],"line":6},"2":{"loc":{"start":{"line":14,"column":6},"end":{"line":18,"column":7}},"type":"if","locations":[{"start":{"line":14,"column":6},"end":{"line":18,"column":7}},{"start":{"line":16,"column":13},"end":{"line":18,"column":7}}],"line":14},"3":{"loc":{"start":{"line":196,"column":25},"end":{"line":196,"column":76}},"type":"binary-expr","locations":[{"start":{"line":196,"column":25},"end":{"line":196,"column":49}},{"start":{"line":196,"column":53},"end":{"line":196,"column":76}}],"line":196},"4":{"loc":{"start":{"line":221,"column":25},"end":{"line":221,"column":76}},"type":"binary-expr","locations":[{"start":{"line":221,"column":25},"end":{"line":221,"column":49}},{"start":{"line":221,"column":53},"end":{"line":221,"column":76}}],"line":221},"5":{"loc":{"start":{"line":229,"column":48},"end":{"line":229,"column":69}},"type":"default-arg","locations":[{"start":{"line":229,"column":60},"end":{"line":229,"column":69}}],"line":229}},"s":{"0":1,"1":0,"2":0,"3":0,"4":0,"5":0,"6":0,"7":0,"8":0,"9":0,"10":0,"11":0,"12":0,"13":0,"14":0,"15":0,"16":0,"17":0,"18":0,"19":0,"20":0,"21":0,"22":1},"f":{"0":0,"1":0,"2":0,"3":0,"4":0,"5":0},"b":{"0":[0,0],"1":[0,0],"2":[0,0],"3":[0,0],"4":[0,0],"5":[0]},"_coverageSchema":"1a1c01bbd47fc00a2c39e90264f33305004495a9","hash":"486d57a7513e6b525ed40b837cf9ba28044f658e"}
,"C:\\NodeJS\\neurobreak\\backend\\src\\core\\application\\services\\MicroactivityService.js": {"path":"C:\\NodeJS\\neurobreak\\backend\\src\\core\\application\\services\\MicroactivityService.js","statementMap":{"0":{"start":{"line":1,"column":15},"end":{"line":1,"column":47}},"1":{"start":{"line":2,"column":25},"end":{"line":2,"column":59}},"2":{"start":{"line":3,"column":31},"end":{"line":3,"column":32}},"3":{"start":{"line":4,"column":21},"end":{"line":4,"column":23}},"4":{"start":{"line":5,"column":21},"end":{"line":5,"column":22}},"5":{"start":{"line":8,"column":4},"end":{"line":8,"column":46}},"6":{"start":{"line":11,"column":4},"end":{"line":24,"column":5}},"7":{"start":{"line":12,"column":57},"end":{"line":12,"column":64}},"8":{"start":{"line":13,"column":28},"end":{"line":13,"column":55}},"9":{"start":{"line":14,"column":29},"end":{"line":14,"column":72}},"10":{"start":{"line":15,"column":6},"end":{"line":20,"column":9}},"11":{"start":{"line":22,"column":6},"end":{"line":22,"column":70}},"12":{"start":{"line":23,"column":6},"end":{"line":23,"column":18}},"13":{"start":{"line":27,"column":4},"end":{"line":33,"column":5}},"14":{"start":{"line":28,"column":6},"end":{"line":28,"column":26}},"15":{"start":{"line":29,"column":6},"end":{"line":29,"column":48}},"16":{"start":{"line":31,"column":6},"end":{"line":31,"column":69}},"17":{"start":{"line":32,"column":6},"end":{"line":32,"column":18}},"18":{"start":{"line":36,"column":4},"end":{"line":49,"column":5}},"19":{"start":{"line":37,"column":6},"end":{"line":37,"column":36}},"20":{"start":{"line":38,"column":32},"end":{"line":42,"column":7}},"21":{"start":{"line":43,"column":21},"end":{"line":43,"column":68}},"22":{"start":{"line":44,"column":6},"end":{"line":44,"column":86}},"23":{"start":{"line":45,"column":6},"end":{"line":45,"column":20}},"24":{"start":{"line":47,"column":6},"end":{"line":47,"column":68}},"25":{"start":{"line":48,"column":6},"end":{"line":48,"column":18}},"26":{"start":{"line":52,"column":4},"end":{"line":76,"column":5}},"27":{"start":{"line":53,"column":6},"end":{"line":53,"column":26}},"28":{"start":{"line":54,"column":23},"end":{"line":54,"column":57}},"29":{"start":{"line":55,"column":6},"end":{"line":59,"column":7}},"30":{"start":{"line":56,"column":22},"end":{"line":56,"column":63}},"31":{"start":{"line":57,"column":8},"end":{"line":57,"column":27}},"32":{"start":{"line":58,"column":8},"end":{"line":58,"column":20}},"33":{"start":{"line":60,"column":6},"end":{"line":60,"column":36}},"34":{"start":{"line":61,"column":25},"end":{"line":69,"column":7}},"35":{"start":{"line":70,"column":21},"end":{"line":70,"column":65}},"36":{"start":{"line":71,"column":6},"end":{"line":71,"column":80}},"37":{"start":{"line":72,"column":6},"end":{"line":72,"column":20}},"38":{"start":{"line":74,"column":6},"end":{"line":74,"column":68}},"39":{"start":{"line":75,"column":6},"end":{"line":75,"column":18}},"40":{"start":{"line":79,"column":4},"end":{"line":93,"column":5}},"41":{"start":{"line":80,"column":6},"end":{"line":80,"column":26}},"42":{"start":{"line":81,"column":23},"end":{"line":81,"column":57}},"43":{"start":{"line":82,"column":6},"end":{"line":86,"column":7}},"44":{"start":{"line":83,"column":22},"end":{"line":83,"column":63}},"45":{"start":{"line":84,"column":8},"end":{"line":84,"column":27}},"46":{"start":{"line":85,"column":8},"end":{"line":85,"column":20}},"47":{"start":{"line":87,"column":21},"end":{"line":87,"column":53}},"48":{"start":{"line":88,"column":6},"end":{"line":88,"column":78}},"49":{"start":{"line":89,"column":6},"end":{"line":89,"column":20}},"50":{"start":{"line":91,"column":6},"end":{"line":91,"column":68}},"51":{"start":{"line":92,"column":6},"end":{"line":92,"column":18}},"52":{"start":{"line":96,"column":4},"end":{"line":106,"column":5}},"53":{"start":{"line":97,"column":6},"end":{"line":101,"column":7}},"54":{"start":{"line":98,"column":22},"end":{"line":98,"column":111}},"55":{"start":{"line":99,"column":8},"end":{"line":99,"column":27}},"56":{"start":{"line":100,"column":8},"end":{"line":100,"column":20}},"57":{"start":{"line":102,"column":6},"end":{"line":102,"column":61}},"58":{"start":{"line":104,"column":6},"end":{"line":104,"column":70}},"59":{"start":{"line":105,"column":6},"end":{"line":105,"column":18}},"60":{"start":{"line":109,"column":4},"end":{"line":114,"column":5}},"61":{"start":{"line":110,"column":6},"end":{"line":110,"column":51}},"62":{"start":{"line":112,"column":6},"end":{"line":112,"column":62}},"63":{"start":{"line":113,"column":6},"end":{"line":113,"column":18}},"64":{"start":{"line":117,"column":4},"end":{"line":121,"column":5}},"65":{"start":{"line":118,"column":20},"end":{"line":118,"column":62}},"66":{"start":{"line":119,"column":6},"end":{"line":119,"column":25}},"67":{"start":{"line":120,"column":6},"end":{"line":120,"column":18}},"68":{"start":{"line":124,"column":55},"end":{"line":124,"column":59}},"69":{"start":{"line":125,"column":4},"end":{"line":129,"column":5}},"70":{"start":{"line":126,"column":20},"end":{"line":126,"column":99}},"71":{"start":{"line":127,"column":6},"end":{"line":127,"column":25}},"72":{"start":{"line":128,"column":6},"end":{"line":128,"column":18}},"73":{"start":{"line":130,"column":4},"end":{"line":130,"column":36}},"74":{"start":{"line":131,"column":4},"end":{"line":131,"column":36}},"75":{"start":{"line":134,"column":4},"end":{"line":136,"column":5}},"76":{"start":{"line":135,"column":6},"end":{"line":135,"column":43}},"77":{"start":{"line":137,"column":4},"end":{"line":139,"column":5}},"78":{"start":{"line":138,"column":6},"end":{"line":138,"column":43}},"79":{"start":{"line":142,"column":4},"end":{"line":146,"column":5}},"80":{"start":{"line":143,"column":20},"end":{"line":143,"column":100}},"81":{"start":{"line":144,"column":6},"end":{"line":144,"column":25}},"82":{"start":{"line":145,"column":6},"end":{"line":145,"column":18}},"83":{"start":{"line":149,"column":24},"end":{"line":149,"column":42}},"84":{"start":{"line":150,"column":4},"end":{"line":154,"column":5}},"85":{"start":{"line":151,"column":20},"end":{"line":151,"column":111}},"86":{"start":{"line":152,"column":6},"end":{"line":152,"column":25}},"87":{"start":{"line":153,"column":6},"end":{"line":153,"column":18}},"88":{"start":{"line":157,"column":0},"end":{"line":157,"column":38}}},"fnMap":{"0":{"name":"(anonymous_0)","decl":{"start":{"line":7,"column":2},"end":{"line":7,"column":3}},"loc":{"start":{"line":7,"column":39},"end":{"line":9,"column":3}},"line":7},"1":{"name":"(anonymous_1)","decl":{"start":{"line":10,"column":2},"end":{"line":10,"column":3}},"loc":{"start":{"line":10,"column":39},"end":{"line":25,"column":3}},"line":10},"2":{"name":"(anonymous_2)","decl":{"start":{"line":26,"column":2},"end":{"line":26,"column":3}},"loc":{"start":{"line":26,"column":33},"end":{"line":34,"column":3}},"line":26},"3":{"name":"(anonymous_3)","decl":{"start":{"line":35,"column":2},"end":{"line":35,"column":3}},"loc":{"start":{"line":35,"column":42},"end":{"line":50,"column":3}},"line":35},"4":{"name":"(anonymous_4)","decl":{"start":{"line":51,"column":2},"end":{"line":51,"column":3}},"loc":{"start":{"line":51,"column":46},"end":{"line":77,"column":3}},"line":51},"5":{"name":"(anonymous_5)","decl":{"start":{"line":78,"column":2},"end":{"line":78,"column":3}},"loc":{"start":{"line":78,"column":40},"end":{"line":94,"column":3}},"line":78},"6":{"name":"(anonymous_6)","decl":{"start":{"line":95,"column":2},"end":{"line":95,"column":3}},"loc":{"start":{"line":95,"column":42},"end":{"line":107,"column":3}},"line":95},"7":{"name":"(anonymous_7)","decl":{"start":{"line":108,"column":2},"end":{"line":108,"column":3}},"loc":{"start":{"line":108,"column":24},"end":{"line":115,"column":3}},"line":108},"8":{"name":"(anonymous_8)","decl":{"start":{"line":116,"column":2},"end":{"line":116,"column":3}},"loc":{"start":{"line":116,"column":17},"end":{"line":122,"column":3}},"line":116},"9":{"name":"(anonymous_9)","decl":{"start":{"line":123,"column":2},"end":{"line":123,"column":3}},"loc":{"start":{"line":123,"column":27},"end":{"line":132,"column":3}},"line":123},"10":{"name":"(anonymous_10)","decl":{"start":{"line":133,"column":2},"end":{"line":133,"column":3}},"loc":{"start":{"line":133,"column":27},"end":{"line":140,"column":3}},"line":133},"11":{"name":"(anonymous_11)","decl":{"start":{"line":141,"column":2},"end":{"line":141,"column":3}},"loc":{"start":{"line":141,"column":29},"end":{"line":147,"column":3}},"line":141},"12":{"name":"(anonymous_12)","decl":{"start":{"line":148,"column":2},"end":{"line":148,"column":3}},"loc":{"start":{"line":148,"column":29},"end":{"line":155,"column":3}},"line":148}},"branchMap":{"0":{"loc":{"start":{"line":12,"column":32},"end":{"line":12,"column":40}},"type":"default-arg","locations":[{"start":{"line":12,"column":39},"end":{"line":12,"column":40}}],"line":12},"1":{"loc":{"start":{"line":12,"column":42},"end":{"line":12,"column":52}},"type":"default-arg","locations":[{"start":{"line":12,"column":50},"end":{"line":12,"column":52}}],"line":12},"2":{"loc":{"start":{"line":55,"column":6},"end":{"line":59,"column":7}},"type":"if","locations":[{"start":{"line":55,"column":6},"end":{"line":59,"column":7}},{"start":{},"end":{}}],"line":55},"3":{"loc":{"start":{"line":82,"column":6},"end":{"line":86,"column":7}},"type":"if","locations":[{"start":{"line":82,"column":6},"end":{"line":86,"column":7}},{"start":{},"end":{}}],"line":82},"4":{"loc":{"start":{"line":97,"column":6},"end":{"line":101,"column":7}},"type":"if","locations":[{"start":{"line":97,"column":6},"end":{"line":101,"column":7}},{"start":{},"end":{}}],"line":97},"5":{"loc":{"start":{"line":97,"column":10},"end":{"line":97,"column":74}},"type":"binary-expr","locations":[{"start":{"line":97,"column":10},"end":{"line":97,"column":21}},{"start":{"line":97,"column":25},"end":{"line":97,"column":74}}],"line":97},"6":{"loc":{"start":{"line":117,"column":4},"end":{"line":121,"column":5}},"type":"if","locations":[{"start":{"line":117,"column":4},"end":{"line":121,"column":5}},{"start":{},"end":{}}],"line":117},"7":{"loc":{"start":{"line":117,"column":8},"end":{"line":117,"column":45}},"type":"binary-expr","locations":[{"start":{"line":117,"column":8},"end":{"line":117,"column":11}},{"start":{"line":117,"column":15},"end":{"line":117,"column":24}},{"start":{"line":117,"column":28},"end":{"line":117,"column":45}}],"line":117},"8":{"loc":{"start":{"line":125,"column":4},"end":{"line":129,"column":5}},"type":"if","locations":[{"start":{"line":125,"column":4},"end":{"line":129,"column":5}},{"start":{},"end":{}}],"line":125},"9":{"loc":{"start":{"line":125,"column":8},"end":{"line":125,"column":56}},"type":"binary-expr","locations":[{"start":{"line":125,"column":8},"end":{"line":125,"column":14}},{"start":{"line":125,"column":18},"end":{"line":125,"column":30}},{"start":{"line":125,"column":34},"end":{"line":125,"column":43}},{"start":{"line":125,"column":47},"end":{"line":125,"column":56}}],"line":125},"10":{"loc":{"start":{"line":134,"column":4},"end":{"line":136,"column":5}},"type":"if","locations":[{"start":{"line":134,"column":4},"end":{"line":136,"column":5}},{"start":{},"end":{}}],"line":134},"11":{"loc":{"start":{"line":137,"column":4},"end":{"line":139,"column":5}},"type":"if","locations":[{"start":{"line":137,"column":4},"end":{"line":139,"column":5}},{"start":{},"end":{}}],"line":137},"12":{"loc":{"start":{"line":142,"column":4},"end":{"line":146,"column":5}},"type":"if","locations":[{"start":{"line":142,"column":4},"end":{"line":146,"column":5}},{"start":{},"end":{}}],"line":142},"13":{"loc":{"start":{"line":150,"column":4},"end":{"line":154,"column":5}},"type":"if","locations":[{"start":{"line":150,"column":4},"end":{"line":154,"column":5}},{"start":{},"end":{}}],"line":150},"14":{"loc":{"start":{"line":150,"column":8},"end":{"line":150,"column":86}},"type":"binary-expr","locations":[{"start":{"line":150,"column":8},"end":{"line":150,"column":26}},{"start":{"line":150,"column":30},"end":{"line":150,"column":56}},{"start":{"line":150,"column":60},"end":{"line":150,"column":86}}],"line":150}},"s":{"0":1,"1":1,"2":1,"3":1,"4":1,"5":1,"6":0,"7":0,"8":0,"9":0,"10":0,"11":0,"12":0,"13":0,"14":0,"15":0,"16":0,"17":0,"18":0,"19":0,"20":0,"21":0,"22":0,"23":0,"24":0,"25":0,"26":0,"27":0,"28":0,"29":0,"30":0,"31":0,"32":0,"33":0,"34":0,"35":0,"36":0,"37":0,"38":0,"39":0,"40":0,"41":0,"42":0,"43":0,"44":0,"45":0,"46":0,"47":0,"48":0,"49":0,"50":0,"51":0,"52":0,"53":0,"54":0,"55":0,"56":0,"57":0,"58":0,"59":0,"60":0,"61":0,"62":0,"63":0,"64":0,"65":0,"66":0,"67":0,"68":0,"69":0,"70":0,"71":0,"72":0,"73":0,"74":0,"75":0,"76":0,"77":0,"78":0,"79":0,"80":0,"81":0,"82":0,"83":0,"84":0,"85":0,"86":0,"87":0,"88":1},"f":{"0":1,"1":0,"2":0,"3":0,"4":0,"5":0,"6":0,"7":0,"8":0,"9":0,"10":0,"11":0,"12":0},"b":{"0":[0],"1":[0],"2":[0,0],"3":[0,0],"4":[0,0],"5":[0,0],"6":[0,0],"7":[0,0,0],"8":[0,0],"9":[0,0,0,0],"10":[0,0],"11":[0,0],"12":[0,0],"13":[0,0],"14":[0,0,0]},"_coverageSchema":"1a1c01bbd47fc00a2c39e90264f33305004495a9","hash":"aa9a78ca12d3bad462b79474b291592d44f3544a"}
,"C:\\NodeJS\\neurobreak\\backend\\src\\domain\\repositories\\ActivityHistoryRepository.js": {"path":"C:\\NodeJS\\neurobreak\\backend\\src\\domain\\repositories\\ActivityHistoryRepository.js","statementMap":{"0":{"start":{"line":1,"column":13},"end":{"line":1,"column":64}},"1":{"start":{"line":4,"column":65},"end":{"line":4,"column":76}},"2":{"start":{"line":5,"column":18},"end":{"line":15,"column":5}},"3":{"start":{"line":16,"column":19},"end":{"line":16,"column":62}},"4":{"start":{"line":17,"column":19},"end":{"line":17,"column":50}},"5":{"start":{"line":18,"column":4},"end":{"line":18,"column":26}},"6":{"start":{"line":21,"column":59},"end":{"line":21,"column":66}},"7":{"start":{"line":22,"column":16},"end":{"line":36,"column":5}},"8":{"start":{"line":37,"column":19},"end":{"line":37,"column":27}},"9":{"start":{"line":38,"column":23},"end":{"line":38,"column":24}},"10":{"start":{"line":39,"column":4},"end":{"line":43,"column":5}},"11":{"start":{"line":40,"column":6},"end":{"line":40,"column":58}},"12":{"start":{"line":41,"column":6},"end":{"line":41,"column":29}},"13":{"start":{"line":42,"column":6},"end":{"line":42,"column":21}},"14":{"start":{"line":44,"column":4},"end":{"line":48,"column":5}},"15":{"start":{"line":45,"column":6},"end":{"line":45,"column":58}},"16":{"start":{"line":46,"column":6},"end":{"line":46,"column":27}},"17":{"start":{"line":47,"column":6},"end":{"line":47,"column":21}},"18":{"start":{"line":49,"column":4},"end":{"line":49,"column":97}},"19":{"start":{"line":50,"column":4},"end":{"line":50,"column":31}},"20":{"start":{"line":51,"column":4},"end":{"line":57,"column":5}},"21":{"start":{"line":52,"column":21},"end":{"line":52,"column":52}},"22":{"start":{"line":53,"column":6},"end":{"line":53,"column":25}},"23":{"start":{"line":55,"column":6},"end":{"line":55,"column":77}},"24":{"start":{"line":56,"column":6},"end":{"line":56,"column":16}},"25":{"start":{"line":60,"column":18},"end":{"line":70,"column":5}},"26":{"start":{"line":71,"column":4},"end":{"line":77,"column":5}},"27":{"start":{"line":72,"column":21},"end":{"line":72,"column":50}},"28":{"start":{"line":73,"column":6},"end":{"line":73,"column":36}},"29":{"start":{"line":75,"column":6},"end":{"line":75,"column":75}},"30":{"start":{"line":76,"column":6},"end":{"line":76,"column":18}},"31":{"start":{"line":80,"column":18},"end":{"line":88,"column":5}},"32":{"start":{"line":89,"column":4},"end":{"line":106,"column":5}},"33":{"start":{"line":90,"column":21},"end":{"line":90,"column":54}},"34":{"start":{"line":91,"column":20},"end":{"line":91,"column":34}},"35":{"start":{"line":92,"column":6},"end":{"line":97,"column":8}},"36":{"start":{"line":99,"column":6},"end":{"line":99,"column":79}},"37":{"start":{"line":100,"column":6},"end":{"line":105,"column":8}},"38":{"start":{"line":109,"column":18},"end":{"line":113,"column":5}},"39":{"start":{"line":114,"column":4},"end":{"line":120,"column":5}},"40":{"start":{"line":115,"column":21},"end":{"line":115,"column":71}},"41":{"start":{"line":116,"column":6},"end":{"line":116,"column":48}},"42":{"start":{"line":118,"column":6},"end":{"line":118,"column":87}},"43":{"start":{"line":119,"column":6},"end":{"line":119,"column":19}},"44":{"start":{"line":123,"column":0},"end":{"line":123,"column":43}}},"fnMap":{"0":{"name":"(anonymous_0)","decl":{"start":{"line":3,"column":2},"end":{"line":3,"column":3}},"loc":{"start":{"line":3,"column":28},"end":{"line":19,"column":3}},"line":3},"1":{"name":"(anonymous_1)","decl":{"start":{"line":20,"column":2},"end":{"line":20,"column":3}},"loc":{"start":{"line":20,"column":41},"end":{"line":58,"column":3}},"line":20},"2":{"name":"(anonymous_2)","decl":{"start":{"line":59,"column":2},"end":{"line":59,"column":3}},"loc":{"start":{"line":59,"column":21},"end":{"line":78,"column":3}},"line":59},"3":{"name":"(anonymous_3)","decl":{"start":{"line":79,"column":2},"end":{"line":79,"column":3}},"loc":{"start":{"line":79,"column":29},"end":{"line":107,"column":3}},"line":79},"4":{"name":"(anonymous_4)","decl":{"start":{"line":108,"column":2},"end":{"line":108,"column":3}},"loc":{"start":{"line":108,"column":54},"end":{"line":121,"column":3}},"line":108}},"branchMap":{"0":{"loc":{"start":{"line":4,"column":47},"end":{"line":4,"column":60}},"type":"default-arg","locations":[{"start":{"line":4,"column":56},"end":{"line":4,"column":60}}],"line":4},"1":{"loc":{"start":{"line":20,"column":27},"end":{"line":20,"column":39}},"type":"default-arg","locations":[{"start":{"line":20,"column":37},"end":{"line":20,"column":39}}],"line":20},"2":{"loc":{"start":{"line":21,"column":12},"end":{"line":21,"column":22}},"type":"default-arg","locations":[{"start":{"line":21,"column":20},"end":{"line":21,"column":22}}],"line":21},"3":{"loc":{"start":{"line":21,"column":24},"end":{"line":21,"column":34}},"type":"default-arg","locations":[{"start":{"line":21,"column":33},"end":{"line":21,"column":34}}],"line":21},"4":{"loc":{"start":{"line":39,"column":4},"end":{"line":43,"column":5}},"type":"if","locations":[{"start":{"line":39,"column":4},"end":{"line":43,"column":5}},{"start":{},"end":{}}],"line":39},"5":{"loc":{"start":{"line":44,"column":4},"end":{"line":48,"column":5}},"type":"if","locations":[{"start":{"line":44,"column":4},"end":{"line":48,"column":5}},{"start":{},"end":{}}],"line":44},"6":{"loc":{"start":{"line":73,"column":13},"end":{"line":73,"column":35}},"type":"binary-expr","locations":[{"start":{"line":73,"column":13},"end":{"line":73,"column":27}},{"start":{"line":73,"column":31},"end":{"line":73,"column":35}}],"line":73},"7":{"loc":{"start":{"line":93,"column":25},"end":{"line":93,"column":61}},"type":"binary-expr","locations":[{"start":{"line":93,"column":25},"end":{"line":93,"column":56}},{"start":{"line":93,"column":60},"end":{"line":93,"column":61}}],"line":93},"8":{"loc":{"start":{"line":94,"column":19},"end":{"line":94,"column":49}},"type":"binary-expr","locations":[{"start":{"line":94,"column":19},"end":{"line":94,"column":44}},{"start":{"line":94,"column":48},"end":{"line":94,"column":49}}],"line":94},"9":{"loc":{"start":{"line":95,"column":26},"end":{"line":95,"column":63}},"type":"binary-expr","locations":[{"start":{"line":95,"column":26},"end":{"line":95,"column":58}},{"start":{"line":95,"column":62},"end":{"line":95,"column":63}}],"line":95},"10":{"loc":{"start":{"line":96,"column":20},"end":{"line":96,"column":51}},"type":"binary-expr","locations":[{"start":{"line":96,"column":20},"end":{"line":96,"column":46}},{"start":{"line":96,"column":50},"end":{"line":96,"column":51}}],"line":96}},"s":{"0":1,"1":0,"2":0,"3":0,"4":0,"5":0,"6":0,"7":0,"8":0,"9":0,"10":0,"11":0,"12":0,"13":0,"14":0,"15":0,"16":0,"17":0,"18":0,"19":0,"20":0,"21":0,"22":0,"23":0,"24":0,"25":0,"26":0,"27":0,"28":0,"29":0,"30":0,"31":0,"32":0,"33":0,"34":0,"35":0,"36":0,"37":0,"38":0,"39":0,"40":0,"41":0,"42":0,"43":0,"44":1},"f":{"0":0,"1":0,"2":0,"3":0,"4":0},"b":{"0":[0],"1":[0],"2":[0],"3":[0],"4":[0,0],"5":[0,0],"6":[0,0],"7":[0,0],"8":[0,0],"9":[0,0],"10":[0,0]},"_coverageSchema":"1a1c01bbd47fc00a2c39e90264f33305004495a9","hash":"433f2b34cab4528b1251558dec238a0bc5f427e1"}
[...]
,"C:\\NodeJS\\neurobreak\\backend\\src\\infrastructure\\api\\routes\\auth.routes.js": {"path":"C:\\NodeJS\\neurobreak\\backend\\src\\infrastructure\\api\\routes\\auth.routes.js","statementMap":{"0":{"start":{"line":1,"column":16},"end":{"line":1,"column":34}},"1":{"start":{"line":2,"column":15},"end":{"line":2,"column":31}},"2":{"start":{"line":3,"column":17},"end":{"line":3,"column":59}},"3":{"start":{"line":4,"column":23},"end":{"line":4,"column":63}},"4":{"start":{"line":5,"column":23},"end":{"line":5,"column":62}},"5":{"start":{"line":6,"column":0},"end":{"line":8,"column":3}},"6":{"start":{"line":7,"column":2},"end":{"line":7,"column":36}},"7":{"start":{"line":9,"column":0},"end":{"line":11,"column":3}},"8":{"start":{"line":10,"column":2},"end":{"line":10,"column":33}},"9":{"start":{"line":12,"column":0},"end":{"line":14,"column":3}},"10":{"start":{"line":13,"column":2},"end":{"line":13,"column":42}},"11":{"start":{"line":15,"column":0},"end":{"line":17,"column":3}},"12":{"start":{"line":16,"column":2},"end":{"line":16,"column":42}},"13":{"start":{"line":18,"column":0},"end":{"line":20,"column":3}},"14":{"start":{"line":19,"column":2},"end":{"line":19,"column":41}},"15":{"start":{"line":21,"column":0},"end":{"line":26,"column":2}},"16":{"start":{"line":27,"column":0},"end":{"line":36,"column":2}},"17":{"start":{"line":34,"column":4},"end":{"line":34,"column":44}},"18":{"start":{"line":37,"column":0},"end":{"line":42,"column":2}},"19":{"start":{"line":43,"column":0},"end":{"line":52,"column":2}},"20":{"start":{"line":50,"column":4},"end":{"line":50,"column":47}},"21":{"start":{"line":53,"column":0},"end":{"line":53,"column":24}}},"fnMap":{"0":{"name":"(anonymous_0)","decl":{"start":{"line":6,"column":25},"end":{"line":6,"column":26}},"loc":{"start":{"line":6,"column":39},"end":{"line":8,"column":1}},"line":6},"1":{"name":"(anonymous_1)","decl":{"start":{"line":9,"column":22},"end":{"line":9,"column":23}},"loc":{"start":{"line":9,"column":36},"end":{"line":11,"column":1}},"line":9},"2":{"name":"(anonymous_2)","decl":{"start":{"line":12,"column":34},"end":{"line":12,"column":35}},"loc":{"start":{"line":12,"column":48},"end":{"line":14,"column":1}},"line":12},"3":{"name":"(anonymous_3)","decl":{"start":{"line":15,"column":32},"end":{"line":15,"column":33}},"loc":{"start":{"line":15,"column":46},"end":{"line":17,"column":1}},"line":15},"4":{"name":"(anonymous_4)","decl":{"start":{"line":18,"column":31},"end":{"line":18,"column":32}},"loc":{"start":{"line":18,"column":45},"end":{"line":20,"column":1}},"line":18},"5":{"name":"(anonymous_5)","decl":{"start":{"line":33,"column":2},"end":{"line":33,"column":3}},"loc":{"start":{"line":33,"column":16},"end":{"line":35,"column":3}},"line":33},"6":{"name":"(anonymous_6)","decl":{"start":{"line":49,"column":2},"end":{"line":49,"column":3}},"loc":{"start":{"line":49,"column":16},"end":{"line":51,"column":3}},"line":49}},"branchMap":{"0":{"loc":{"start":{"line":30,"column":24},"end":{"line":30,"column":75}},"type":"binary-expr","locations":[{"start":{"line":30,"column":24},"end":{"line":30,"column":48}},{"start":{"line":30,"column":52},"end":{"line":30,"column":75}}],"line":30},"1":{"loc":{"start":{"line":46,"column":24},"end":{"line":46,"column":75}},"type":"binary-expr","locations":[{"start":{"line":46,"column":24},"end":{"line":46,"column":48}},{"start":{"line":46,"column":52},"end":{"line":46,"column":75}}],"line":46}},"s":{"0":1,"1":1,"2":1,"3":1,"4":1,"5":1,"6":0,"7":1,"8":0,"9":1,"10":0,"11":1,"12":0,"13":1,"14":0,"15":1,"16":1,"17":0,"18":1,"19":1,"20":0,"21":1},"f":{"0":0,"1":0,"2":0,"3":0,"4":0,"5":0,"6":0},"b":{"0":[1,0],"1":[1,0]},"_coverageSchema":"1a1c01bbd47fc00a2c39e90264f33305004495a9","hash":"e5a20a5fbd255395e22f1b0d9ce2d5ab268c724a"}
,"C:\\NodeJS\\neurobreak\\backend\\src\\infrastructure\\api\\routes\\microactivity.routes.js": {"path":"C:\\NodeJS\\neurobreak\\backend\\src\\infrastructure\\api\\routes\\microactivity.routes.js","statementMap":{"0":{"start":{"line":1,"column":16},"end":{"line":1,"column":34}},"1":{"start":{"line":2,"column":32},"end":{"line":2,"column":81}},"2":{"start":{"line":3,"column":23},"end":{"line":3,"column":62}},"3":{"start":{"line":6,"column":4},"end":{"line":6,"column":35}},"4":{"start":{"line":7,"column":4},"end":{"line":7,"column":46}},"5":{"start":{"line":8,"column":4},"end":{"line":8,"column":23}},"6":{"start":{"line":11,"column":4},"end":{"line":36,"column":6}},"7":{"start":{"line":12,"column":6},"end":{"line":12,"column":69}},"8":{"start":{"line":13,"column":6},"end":{"line":17,"column":9}},"9":{"start":{"line":18,"column":6},"end":{"line":24,"column":7}},"10":{"start":{"line":19,"column":8},"end":{"line":19,"column":61}},"11":{"start":{"line":20,"column":8},"end":{"line":23,"column":11}},"12":{"start":{"line":25,"column":23},"end":{"line":25,"column":35}},"13":{"start":{"line":26,"column":6},"end":{"line":26,"column":63}},"14":{"start":{"line":27,"column":6},"end":{"line":33,"column":7}},"15":{"start":{"line":28,"column":8},"end":{"line":28,"column":69}},"16":{"start":{"line":29,"column":8},"end":{"line":32,"column":11}},"17":{"start":{"line":34,"column":6},"end":{"line":34,"column":62}},"18":{"start":{"line":35,"column":6},"end":{"line":35,"column":13}},"19":{"start":{"line":39,"column":4},"end":{"line":39,"column":29}},"20":{"start":{"line":40,"column":4},"end":{"line":40,"column":32}},"21":{"start":{"line":43,"column":4},"end":{"line":45,"column":7}},"22":{"start":{"line":46,"column":4},"end":{"line":48,"column":7}},"23":{"start":{"line":49,"column":4},"end":{"line":51,"column":7}},"24":{"start":{"line":52,"column":4},"end":{"line":54,"column":7}},"25":{"start":{"line":57,"column":28},"end":{"line":57,"column":56}},"26":{"start":{"line":58,"column":4},"end":{"line":62,"column":6}},"27":{"start":{"line":63,"column":4},"end":{"line":67,"column":6}},"28":{"start":{"line":68,"column":4},"end":{"line":72,"column":6}},"29":{"start":{"line":75,"column":4},"end":{"line":77,"column":6}},"30":{"start":{"line":76,"column":6},"end":{"line":76,"column":54}},"31":{"start":{"line":80,"column":4},"end":{"line":80,"column":23}},"32":{"start":{"line":83,"column":0},"end":{"line":83,"column":55}}},"fnMap":{"0":{"name":"(anonymous_0)","decl":{"start":{"line":5,"column":2},"end":{"line":5,"column":3}},"loc":{"start":{"line":5,"column":16},"end":{"line":9,"column":3}},"line":5},"1":{"name":"(anonymous_1)","decl":{"start":{"line":10,"column":2},"end":{"line":10,"column":3}},"loc":{"start":{"line":10,"column":26},"end":{"line":37,"column":3}},"line":10},"2":{"name":"(anonymous_2)","decl":{"start":{"line":11,"column":11},"end":{"line":11,"column":12}},"loc":{"start":{"line":11,"column":31},"end":{"line":36,"column":5}},"line":11},"3":{"name":"(anonymous_3)","decl":{"start":{"line":38,"column":2},"end":{"line":38,"column":3}},"loc":{"start":{"line":38,"column":16},"end":{"line":41,"column":3}},"line":38},"4":{"name":"(anonymous_4)","decl":{"start":{"line":42,"column":2},"end":{"line":42,"column":3}},"loc":{"start":{"line":42,"column":22},"end":{"line":55,"column":3}},"line":42},"5":{"name":"(anonymous_5)","decl":{"start":{"line":56,"column":2},"end":{"line":56,"column":3}},"loc":{"start":{"line":56,"column":25},"end":{"line":73,"column":3}},"line":56},"6":{"name":"(anonymous_6)","decl":{"start":{"line":74,"column":2},"end":{"line":74,"column":3}},"loc":{"start":{"line":74,"column":19},"end":{"line":78,"column":3}},"line":74},"7":{"name":"(anonymous_7)","decl":{"start":{"line":75,"column":11},"end":{"line":75,"column":12}},"loc":{"start":{"line":75,"column":31},"end":{"line":77,"column":5}},"line":75},"8":{"name":"(anonymous_8)","decl":{"start":{"line":79,"column":2},"end":{"line":79,"column":3}},"loc":{"start":{"line":79,"column":14},"end":{"line":81,"column":3}},"line":79}},"branchMap":{"0":{"loc":{"start":{"line":18,"column":6},"end":{"line":24,"column":7}},"type":"if","locations":[{"start":{"line":18,"column":6},"end":{"line":24,"column":7}},{"start":{},"end":{}}],"line":18},"1":{"loc":{"start":{"line":18,"column":10},"end":{"line":18,"column":38}},"type":"binary-expr","locations":[{"start":{"line":18,"column":10},"end":{"line":18,"column":21}},{"start":{"line":18,"column":25},"end":{"line":18,"column":38}}],"line":18},"2":{"loc":{"start":{"line":27,"column":6},"end":{"line":33,"column":7}},"type":"if","locations":[{"start":{"line":27,"column":6},"end":{"line":33,"column":7}},{"start":{},"end":{}}],"line":27},"3":{"loc":{"start":{"line":27,"column":10},"end":{"line":27,"column":62}},"type":"binary-expr","locations":[{"start":{"line":27,"column":10},"end":{"line":27,"column":30}},{"start":{"line":27,"column":34},"end":{"line":27,"column":62}}],"line":27}},"s":{"0":1,"1":1,"2":1,"3":1,"4":1,"5":1,"6":1,"7":0,"8":0,"9":0,"10":0,"11":0,"12":0,"13":0,"14":0,"15":0,"16":0,"17":0,"18":0,"19":1,"20":1,"21":1,"22":1,"23":1,"24":1,"25":1,"26":1,"27":1,"28":1,"29":7,"30":0,"31":1,"32":1},"f":{"0":1,"1":1,"2":0,"3":1,"4":1,"5":1,"6":7,"7":0,"8":1},"b":{"0":[0,0],"1":[0,0],"2":[0,0],"3":[0,0]},"_coverageSchema":"1a1c01bbd47fc00a2c39e90264f33305004495a9","hash":"2cbdd25c8d3192d67d1d5075e38f25bf347e8af8"}
,"C:\\NodeJS\\neurobreak\\backend\\src\\infrastructure\\api\\routes\\user.routes.js": {"path":"C:\\NodeJS\\neurobreak\\backend\\src\\infrastructure\\api\\routes\\user.routes.js","statementMap":{"0":{"start":{"line":1,"column":16},"end":{"line":1,"column":34}},"1":{"start":{"line":2,"column":15},"end":{"line":2,"column":31}},"2":{"start":{"line":3,"column":15},"end":{"line":3,"column":32}},"3":{"start":{"line":4,"column":13},"end":{"line":4,"column":28}},"4":{"start":{"line":5,"column":11},"end":{"line":5,"column":24}},"5":{"start":{"line":6,"column":23},"end":{"line":6,"column":63}},"6":{"start":{"line":7,"column":23},"end":{"line":7,"column":62}},"7":{"start":{"line":8,"column":19},"end":{"line":8,"column":76}},"8":{"start":{"line":9,"column":0},"end":{"line":11,"column":1}},"9":{"start":{"line":10,"column":2},"end":{"line":10,"column":48}},"10":{"start":{"line":12,"column":16},"end":{"line":21,"column":2}},"11":{"start":{"line":14,"column":4},"end":{"line":14,"column":25}},"12":{"start":{"line":17,"column":25},"end":{"line":17,"column":75}},"13":{"start":{"line":18,"column":16},"end":{"line":18,"column":47}},"14":{"start":{"line":19,"column":4},"end":{"line":19,"column":60}},"15":{"start":{"line":22,"column":19},"end":{"line":29,"column":1}},"16":{"start":{"line":23,"column":23},"end":{"line":23,"column":77}},"17":{"start":{"line":24,"column":2},"end":{"line":28,"column":3}},"18":{"start":{"line":25,"column":4},"end":{"line":25,"column":19}},"19":{"start":{"line":27,"column":4},"end":{"line":27,"column":71}},"20":{"start":{"line":30,"column":15},"end":{"line":36,"column":2}},"21":{"start":{"line":37,"column":0},"end":{"line":44,"column":2}},"22":{"start":{"line":42,"column":4},"end":{"line":42,"column":50}},"23":{"start":{"line":45,"column":0},"end":{"line":51,"column":2}},"24":{"start":{"line":49,"column":4},"end":{"line":49,"column":50}},"25":{"start":{"line":52,"column":0},"end":{"line":58,"column":2}},"26":{"start":{"line":56,"column":4},"end":{"line":56,"column":43}},"27":{"start":{"line":59,"column":0},"end":{"line":59,"column":24}}},"fnMap":{"0":{"name":"(anonymous_0)","decl":{"start":{"line":13,"column":15},"end":{"line":13,"column":16}},"loc":{"start":{"line":13,"column":34},"end":{"line":15,"column":3}},"line":13},"1":{"name":"(anonymous_1)","decl":{"start":{"line":16,"column":12},"end":{"line":16,"column":13}},"loc":{"start":{"line":16,"column":31},"end":{"line":20,"column":3}},"line":16},"2":{"name":"(anonymous_2)","decl":{"start":{"line":22,"column":19},"end":{"line":22,"column":20}},"loc":{"start":{"line":22,"column":38},"end":{"line":29,"column":1}},"line":22},"3":{"name":"(anonymous_3)","decl":{"start":{"line":41,"column":2},"end":{"line":41,"column":3}},"loc":{"start":{"line":41,"column":16},"end":{"line":43,"column":3}},"line":41},"4":{"name":"(anonymous_4)","decl":{"start":{"line":48,"column":2},"end":{"line":48,"column":3}},"loc":{"start":{"line":48,"column":16},"end":{"line":50,"column":3}},"line":48},"5":{"name":"(anonymous_5)","decl":{"start":{"line":55,"column":2},"end":{"line":55,"column":3}},"loc":{"start":{"line":55,"column":16},"end":{"line":57,"column":3}},"line":55}},"branchMap":{"0":{"loc":{"start":{"line":9,"column":0},"end":{"line":11,"column":1}},"type":"if","locations":[{"start":{"line":9,"column":0},"end":{"line":11,"column":1}},{"start":{},"end":{}}],"line":9},"1":{"loc":{"start":{"line":24,"column":2},"end":{"line":28,"column":3}},"type":"if","locations":[{"start":{"line":24,"column":2},"end":{"line":28,"column":3}},{"start":{"line":26,"column":9},"end":{"line":28,"column":3}}],"line":24}},"s":{"0":1,"1":1,"2":1,"3":1,"4":1,"5":1,"6":1,"7":1,"8":1,"9":0,"10":1,"11":0,"12":0,"13":0,"14":0,"15":1,"16":0,"17":0,"18":0,"19":0,"20":1,"21":1,"22":0,"23":1,"24":0,"25":1,"26":0,"27":1},"f":{"0":0,"1":0,"2":0,"3":0,"4":0,"5":0},"b":{"0":[0,1],"1":[0,0]},"_coverageSchema":"1a1c01bbd47fc00a2c39e90264f33305004495a9","hash":"2086f264a6ffdef793733c416ff0c32b75d5413d"}
,"C:\\NodeJS\\neurobreak\\backend\\src\\infrastructure\\database\\connection.js": {"path":"C:\\NodeJS\\neurobreak\\backend\\src\\infrastructure\\database\\connection.js","statementMap":{"0":{"start":{"line":1,"column":17},"end":{"line":1,"column":30}},"1":{"start":{"line":2,"column":0},"end":{"line":2,"column":27}},"2":{"start":{"line":3,"column":13},"end":{"line":9,"column":2}},"3":{"start":{"line":10,"column":0},"end":{"line":12,"column":3}},"4":{"start":{"line":11,"column":2},"end":{"line":11,"column":42}},"5":{"start":{"line":13,"column":0},"end":{"line":16,"column":3}},"6":{"start":{"line":14,"column":2},"end":{"line":14,"column":61}},"7":{"start":{"line":15,"column":2},"end":{"line":15,"column":19}},"8":{"start":{"line":17,"column":0},"end":{"line":23,"column":3}},"9":{"start":{"line":18,"column":2},"end":{"line":22,"column":3}},"10":{"start":{"line":19,"column":4},"end":{"line":19,"column":68}},"11":{"start":{"line":21,"column":4},"end":{"line":21,"column":59}},"12":{"start":{"line":24,"column":0},"end":{"line":24,"column":22}}},"fnMap":{"0":{"name":"(anonymous_0)","decl":{"start":{"line":10,"column":19},"end":{"line":10,"column":20}},"loc":{"start":{"line":10,"column":25},"end":{"line":12,"column":1}},"line":10},"1":{"name":"(anonymous_1)","decl":{"start":{"line":13,"column":17},"end":{"line":13,"column":18}},"loc":{"start":{"line":13,"column":26},"end":{"line":16,"column":1}},"line":13},"2":{"name":"(anonymous_2)","decl":{"start":{"line":17,"column":27},"end":{"line":17,"column":28}},"loc":{"start":{"line":17,"column":41},"end":{"line":23,"column":1}},"line":17}},"branchMap":{"0":{"loc":{"start":{"line":18,"column":2},"end":{"line":22,"column":3}},"type":"if","locations":[{"start":{"line":18,"column":2},"end":{"line":22,"column":3}},{"start":{"line":20,"column":9},"end":{"line":22,"column":3}}],"line":18}},"s":{"0":3,"1":3,"2":3,"3":3,"4":0,"5":3,"6":0,"7":0,"8":3,"9":0,"10":0,"11":0,"12":3},"f":{"0":0,"1":0,"2":0},"b":{"0":[0,0]},"_coverageSchema":"1a1c01bbd47fc00a2c39e90264f33305004495a9","hash":"2a26c7f15955854b50abb58fa23e7c2834e34dfe"}
,"C:\\NodeJS\\neurobreak\\backend\\src\\utils\\errors.js": {"path":"C:\\NodeJS\\neurobreak\\backend\\src\\utils\\errors.js","statementMap":{"0":{"start":{"line":3,"column":4},"end":{"line":3,"column":19}},"1":{"start":{"line":4,"column":4},"end":{"line":4,"column":33}},"2":{"start":{"line":5,"column":4},"end":{"line":5,"column":30}},"3":{"start":{"line":6,"column":4},"end":{"line":6,"column":52}},"4":{"start":{"line":11,"column":4},"end":{"line":11,"column":24}},"5":{"start":{"line":16,"column":4},"end":{"line":16,"column":24}},"6":{"start":{"line":21,"column":4},"end":{"line":21,"column":24}},"7":{"start":{"line":26,"column":4},"end":{"line":26,"column":24}},"8":{"start":{"line":29,"column":0},"end":{"line":35,"column":2}}},"fnMap":{"0":{"name":"(anonymous_0)","decl":{"start":{"line":2,"column":2},"end":{"line":2,"column":3}},"loc":{"start":{"line":2,"column":35},"end":{"line":7,"column":3}},"line":2},"1":{"name":"(anonymous_1)","decl":{"start":{"line":10,"column":2},"end":{"line":10,"column":3}},"loc":{"start":{"line":10,"column":49},"end":{"line":12,"column":3}},"line":10},"2":{"name":"(anonymous_2)","decl":{"start":{"line":15,"column":2},"end":{"line":15,"column":3}},"loc":{"start":{"line":15,"column":47},"end":{"line":17,"column":3}},"line":15},"3":{"name":"(anonymous_3)","decl":{"start":{"line":20,"column":2},"end":{"line":20,"column":3}},"loc":{"start":{"line":20,"column":41},"end":{"line":22,"column":3}},"line":20},"4":{"name":"(anonymous_4)","decl":{"start":{"line":25,"column":2},"end":{"line":25,"column":3}},"loc":{"start":{"line":25,"column":44},"end":{"line":27,"column":3}},"line":25}},"branchMap":{"0":{"loc":{"start":{"line":10,"column":14},"end":{"line":10,"column":47}},"type":"default-arg","locations":[{"start":{"line":10,"column":24},"end":{"line":10,"column":47}}],"line":10},"1":{"loc":{"start":{"line":15,"column":14},"end":{"line":15,"column":45}},"type":"default-arg","locations":[{"start":{"line":15,"column":24},"end":{"line":15,"column":45}}],"line":15},"2":{"loc":{"start":{"line":20,"column":14},"end":{"line":20,"column":39}},"type":"default-arg","locations":[{"start":{"line":20,"column":24},"end":{"line":20,"column":39}}],"line":20},"3":{"loc":{"start":{"line":25,"column":14},"end":{"line":25,"column":42}},"type":"default-arg","locations":[{"start":{"line":25,"column":24},"end":{"line":25,"column":42}}],"line":25}},"s":{"0":0,"1":0,"2":0,"3":0,"4":0,"5":0,"6":0,"7":0,"8":1},"f":{"0":0,"1":0,"2":0,"3":0,"4":0},"b":{"0":[0],"1":[0],"2":[0],"3":[0]},"_coverageSchema":"1a1c01bbd47fc00a2c39e90264f33305004495a9","hash":"9e4c65bef91a421efd5faefb905134aed7171bc0"}
,"C:\\NodeJS\\neurobreak\\backend\\src\\utils\\logger.js": {"path":"C:\\NodeJS\\neurobreak\\backend\\src\\utils\\logger.js","statementMap":{"0":{"start":{"line":1,"column":16},"end":{"line":1,"column":34}},"1":{"start":{"line":2,"column":15},"end":{"line":14,"column":2}},"2":{"start":{"line":15,"column":0},"end":{"line":22,"column":1}},"3":{"start":{"line":16,"column":2},"end":{"line":21,"column":6}},"4":{"start":{"line":23,"column":0},"end":{"line":23,"column":24}}},"fnMap":{},"branchMap":{"0":{"loc":{"start":{"line":3,"column":9},"end":{"line":3,"column":40}},"type":"binary-expr","locations":[{"start":{"line":3,"column":9},"end":{"line":3,"column":30}},{"start":{"line":3,"column":34},"end":{"line":3,"column":40}}],"line":3},"1":{"loc":{"start":{"line":15,"column":0},"end":{"line":22,"column":1}},"type":"if","locations":[{"start":{"line":15,"column":0},"end":{"line":22,"column":1}},{"start":{},"end":{}}],"line":15}},"s":{"0":9,"1":9,"2":9,"3":9,"4":9},"f":{},"b":{"0":[9,9],"1":[9,0]},"_coverageSchema":"1a1c01bbd47fc00a2c39e90264f33305004495a9","hash":"113fc0c8f3a6f0e26c0b2f029bc689ed65163091"}
}
