{"C:\\NodeJS\\neurobreak\\backend\\src\\application\\controllers\\AuthController.js": {"path":"C:\\NodeJS\\neurobreak\\backend\\src\\application\\controllers\\AuthController.js","statementMap":{"0":{"start":{"line":1,"column":20},"end":{"line":1,"column":64}},"1":{"start":{"line":2,"column":15},"end":{"line":2,"column":44}},"2":{"start":{"line":5,"column":4},"end":{"line":16,"column":5}},"3":{"start":{"line":6,"column":34},"end":{"line":6,"column":42}},"4":{"start":{"line":7,"column":21},"end":{"line":7,"column":61}},"5":{"start":{"line":8,"column":6},"end":{"line":12,"column":9}},"6":{"start":{"line":14,"column":6},"end":{"line":14,"column":45}},"7":{"start":{"line":15,"column":6},"end":{"line":15,"column":18}},"8":{"start":{"line":19,"column":4},"end":{"line":30,"column":5}},"9":{"start":{"line":20,"column":23},"end":{"line":20,"column":31}},"10":{"start":{"line":21,"column":21},"end":{"line":21,"column":57}},"11":{"start":{"line":22,"column":6},"end":{"line":26,"column":9}},"12":{"start":{"line":28,"column":6},"end":{"line":28,"column":48}},"13":{"start":{"line":29,"column":6},"end":{"line":29,"column":18}},"14":{"start":{"line":33,"column":4},"end":{"line":43,"column":5}},"15":{"start":{"line":34,"column":24},"end":{"line":34,"column":32}},"16":{"start":{"line":35,"column":6},"end":{"line":35,"column":46}},"17":{"start":{"line":36,"column":6},"end":{"line":39,"column":9}},"18":{"start":{"line":41,"column":6},"end":{"line":41,"column":55}},"19":{"start":{"line":42,"column":6},"end":{"line":42,"column":18}},"20":{"start":{"line":46,"column":4},"end":{"line":56,"column":5}},"21":{"start":{"line":47,"column":37},"end":{"line":47,"column":45}},"22":{"start":{"line":48,"column":6},"end":{"line":48,"column":58}},"23":{"start":{"line":49,"column":6},"end":{"line":52,"column":9}},"24":{"start":{"line":54,"column":6},"end":{"line":54,"column":54}},"25":{"start":{"line":55,"column":6},"end":{"line":55,"column":18}},"26":{"start":{"line":59,"column":4},"end":{"line":69,"column":5}},"27":{"start":{"line":60,"column":24},"end":{"line":60,"column":32}},"28":{"start":{"line":61,"column":21},"end":{"line":61,"column":56}},"29":{"start":{"line":62,"column":6},"end":{"line":65,"column":9}},"30":{"start":{"line":67,"column":6},"end":{"line":67,"column":51}},"31":{"start":{"line":68,"column":6},"end":{"line":68,"column":18}},"32":{"start":{"line":72,"column":4},"end":{"line":82,"column":5}},"33":{"start":{"line":73,"column":24},"end":{"line":73,"column":32}},"34":{"start":{"line":74,"column":21},"end":{"line":74,"column":59}},"35":{"start":{"line":75,"column":6},"end":{"line":78,"column":9}},"36":{"start":{"line":80,"column":6},"end":{"line":80,"column":54}},"37":{"start":{"line":81,"column":6},"end":{"line":81,"column":18}},"38":{"start":{"line":85,"column":4},"end":{"line":95,"column":5}},"39":{"start":{"line":86,"column":24},"end":{"line":86,"column":32}},"40":{"start":{"line":87,"column":21},"end":{"line":87,"column":55}},"41":{"start":{"line":88,"column":6},"end":{"line":91,"column":9}},"42":{"start":{"line":93,"column":6},"end":{"line":93,"column":50}},"43":{"start":{"line":94,"column":6},"end":{"line":94,"column":18}},"44":{"start":{"line":98,"column":4},"end":{"line":106,"column":5}},"45":{"start":{"line":99,"column":6},"end":{"line":102,"column":9}},"46":{"start":{"line":104,"column":6},"end":{"line":104,"column":46}},"47":{"start":{"line":105,"column":6},"end":{"line":105,"column":18}},"48":{"start":{"line":109,"column":0},"end":{"line":109,"column":38}}},"fnMap":{"0":{"name":"(anonymous_0)","decl":{"start":{"line":4,"column":2},"end":{"line":4,"column":3}},"loc":{"start":{"line":4,"column":30},"end":{"line":17,"column":3}},"line":4},"1":{"name":"(anonymous_1)","decl":{"start":{"line":18,"column":2},"end":{"line":18,"column":3}},"loc":{"start":{"line":18,"column":33},"end":{"line":31,"column":3}},"line":18},"2":{"name":"(anonymous_2)","decl":{"start":{"line":32,"column":2},"end":{"line":32,"column":3}},"loc":{"start":{"line":32,"column":39},"end":{"line":44,"column":3}},"line":32},"3":{"name":"(anonymous_3)","decl":{"start":{"line":45,"column":2},"end":{"line":45,"column":3}},"loc":{"start":{"line":45,"column":38},"end":{"line":57,"column":3}},"line":45},"4":{"name":"(anonymous_4)","decl":{"start":{"line":58,"column":2},"end":{"line":58,"column":3}},"loc":{"start":{"line":58,"column":35},"end":{"line":70,"column":3}},"line":58},"5":{"name":"(anonymous_5)","decl":{"start":{"line":71,"column":2},"end":{"line":71,"column":3}},"loc":{"start":{"line":71,"column":38},"end":{"line":83,"column":3}},"line":71},"6":{"name":"(anonymous_6)","decl":{"start":{"line":84,"column":2},"end":{"line":84,"column":3}},"loc":{"start":{"line":84,"column":34},"end":{"line":96,"column":3}},"line":84},"7":{"name":"(anonymous_7)","decl":{"start":{"line":97,"column":2},"end":{"line":97,"column":3}},"loc":{"start":{"line":97,"column":31},"end":{"line":107,"column":3}},"line":97}},"branchMap":{},"s":{"0":8,"1":8,"2":5,"3":5,"4":5,"5":2,"6":3,"7":3,"8":3,"9":3,"10":3,"11":2,"12":1,"13":1,"14":0,"15":0,"16":0,"17":0,"18":0,"19":0,"20":0,"21":0,"22":0,"23":0,"24":0,"25":0,"26":0,"27":0,"28":0,"29":0,"30":0,"31":0,"32":0,"33":0,"34":0,"35":0,"36":0,"37":0,"38":0,"39":0,"40":0,"41":0,"42":0,"43":0,"44":0,"45":0,"46":0,"47":0,"48":8},"f":{"0":5,"1":3,"2":0,"3":0,"4":0,"5":0,"6":0,"7":0},"b":{},"_coverageSchema":"1a1c01bbd47fc00a2c39e90264f33305004495a9","hash":"c78683434d77e78eca7cbc3a785092887fb69e45"}
,"C:\\NodeJS\\neurobreak\\backend\\src\\application\\controllers\\MoodController.js": {"path":"C:\\NodeJS\\neurobreak\\backend\\src\\application\\controllers\\MoodController.js","statementMap":{"0":{"start":{"line":1,"column":20},"end":{"line":1,"column":64}},"1":{"start":{"line":2,"column":36},"end":{"line":2,"column":74}},"2":{"start":{"line":5,"column":4},"end":{"line":5,"column":35}},"3":{"start":{"line":8,"column":4},"end":{"line":31,"column":5}},"4":{"start":{"line":9,"column":31},"end":{"line":9,"column":64}},"5":{"start":{"line":10,"column":6},"end":{"line":16,"column":7}},"6":{"start":{"line":11,"column":8},"end":{"line":15,"column":11}},"7":{"start":{"line":17,"column":23},"end":{"line":22,"column":7}},"8":{"start":{"line":23,"column":24},"end":{"line":23,"column":72}},"9":{"start":{"line":24,"column":6},"end":{"line":28,"column":9}},"10":{"start":{"line":30,"column":6},"end":{"line":30,"column":18}},"11":{"start":{"line":34,"column":4},"end":{"line":69,"column":5}},"12":{"start":{"line":35,"column":21},"end":{"line":35,"column":31}},"13":{"start":{"line":36,"column":58},"end":{"line":36,"column":67}},"14":{"start":{"line":37,"column":22},"end":{"line":42,"column":7}},"15":{"start":{"line":43,"column":6},"end":{"line":66,"column":7}},"16":{"start":{"line":44,"column":28},"end":{"line":44,"column":80}},"17":{"start":{"line":45,"column":8},"end":{"line":48,"column":11}},"18":{"start":{"line":50,"column":8},"end":{"line":50,"column":71}},"19":{"start":{"line":51,"column":8},"end":{"line":65,"column":11}},"20":{"start":{"line":68,"column":6},"end":{"line":68,"column":18}},"21":{"start":{"line":72,"column":4},"end":{"line":82,"column":5}},"22":{"start":{"line":73,"column":21},"end":{"line":73,"column":31}},"23":{"start":{"line":74,"column":27},"end":{"line":74,"column":36}},"24":{"start":{"line":75,"column":20},"end":{"line":75,"column":79}},"25":{"start":{"line":76,"column":6},"end":{"line":79,"column":9}},"26":{"start":{"line":81,"column":6},"end":{"line":81,"column":18}},"27":{"start":{"line":85,"column":4},"end":{"line":95,"column":5}},"28":{"start":{"line":86,"column":21},"end":{"line":86,"column":31}},"29":{"start":{"line":87,"column":21},"end":{"line":87,"column":31}},"30":{"start":{"line":88,"column":6},"end":{"line":88,"column":67}},"31":{"start":{"line":89,"column":6},"end":{"line":92,"column":9}},"32":{"start":{"line":94,"column":6},"end":{"line":94,"column":18}},"33":{"start":{"line":98,"column":0},"end":{"line":98,"column":32}}},"fnMap":{"0":{"name":"(anonymous_0)","decl":{"start":{"line":4,"column":2},"end":{"line":4,"column":3}},"loc":{"start":{"line":4,"column":47},"end":{"line":6,"column":3}},"line":4},"1":{"name":"(anonymous_1)","decl":{"start":{"line":7,"column":2},"end":{"line":7,"column":3}},"loc":{"start":{"line":7,"column":40},"end":{"line":32,"column":3}},"line":7},"2":{"name":"(anonymous_2)","decl":{"start":{"line":33,"column":2},"end":{"line":33,"column":3}},"loc":{"start":{"line":33,"column":43},"end":{"line":70,"column":3}},"line":33},"3":{"name":"(anonymous_3)","decl":{"start":{"line":71,"column":2},"end":{"line":71,"column":3}},"loc":{"start":{"line":71,"column":37},"end":{"line":83,"column":3}},"line":71},"4":{"name":"(anonymous_4)","decl":{"start":{"line":84,"column":2},"end":{"line":84,"column":3}},"loc":{"start":{"line":84,"column":40},"end":{"line":96,"column":3}},"line":84}},"branchMap":{"0":{"loc":{"start":{"line":4,"column":14},"end":{"line":4,"column":45}},"type":"default-arg","locations":[{"start":{"line":4,"column":28},"end":{"line":4,"column":45}}],"line":4},"1":{"loc":{"start":{"line":10,"column":6},"end":{"line":16,"column":7}},"type":"if","locations":[{"start":{"line":10,"column":6},"end":{"line":16,"column":7}},{"start":{},"end":{}}],"line":10},"2":{"loc":{"start":{"line":36,"column":14},"end":{"line":36,"column":24}},"type":"default-arg","locations":[{"start":{"line":36,"column":22},"end":{"line":36,"column":24}}],"line":36},"3":{"loc":{"start":{"line":36,"column":26},"end":{"line":36,"column":36}},"type":"default-arg","locations":[{"start":{"line":36,"column":35},"end":{"line":36,"column":36}}],"line":36},"4":{"loc":{"start":{"line":41,"column":12},"end":{"line":41,"column":77}},"type":"binary-expr","locations":[{"start":{"line":41,"column":12},"end":{"line":41,"column":27}},{"start":{"line":41,"column":31},"end":{"line":41,"column":77}}],"line":41},"5":{"loc":{"start":{"line":74,"column":14},"end":{"line":74,"column":22}},"type":"default-arg","locations":[{"start":{"line":74,"column":21},"end":{"line":74,"column":22}}],"line":74}},"s":{"0":1,"1":1,"2":3,"3":2,"4":2,"5":2,"6":1,"7":1,"8":1,"9":1,"10":0,"11":1,"12":1,"13":1,"14":1,"15":1,"16":1,"17":0,"18":1,"19":1,"20":0,"21":0,"22":0,"23":0,"24":0,"25":0,"26":0,"27":0,"28":0,"29":0,"30":0,"31":0,"32":0,"33":1},"f":{"0":3,"1":2,"2":1,"3":0,"4":0},"b":{"0":[0],"1":[1,1],"2":[1],"3":[1],"4":[1,0],"5":[0]},"_coverageSchema":"1a1c01bbd47fc00a2c39e90264f33305004495a9","hash":"731d0376fcfb32f8b34ec9e39761c6b714dacab7"}
,"C:\\NodeJS\\neurobreak\\backend\\src\\application\\validators\\moodValidator.js": {"path":"C:\\NodeJS\\neurobreak\\backend\\src\\application\\validators\\moodValidator.js","statementMap":{"0":{"start":{"line":1,"column":20},"end":{"line":1,"column":73}},"1":{"start":{"line":2,"column":21},"end":{"line":2,"column":51}},"2":{"start":{"line":4,"column":17},"end":{"line":4,"column":19}},"3":{"start":{"line":5,"column":2},"end":{"line":15,"column":3}},"4":{"start":{"line":6,"column":4},"end":{"line":9,"column":7}},"5":{"start":{"line":10,"column":9},"end":{"line":15,"column":3}},"6":{"start":{"line":11,"column":4},"end":{"line":14,"column":7}},"7":{"start":{"line":16,"column":2},"end":{"line":26,"column":3}},"8":{"start":{"line":17,"column":4},"end":{"line":20,"column":7}},"9":{"start":{"line":21,"column":9},"end":{"line":26,"column":3}},"10":{"start":{"line":22,"column":4},"end":{"line":25,"column":7}},"11":{"start":{"line":27,"column":2},"end":{"line":37,"column":3}},"12":{"start":{"line":28,"column":4},"end":{"line":31,"column":7}},"13":{"start":{"line":32,"column":9},"end":{"line":37,"column":3}},"14":{"start":{"line":33,"column":4},"end":{"line":36,"column":7}},"15":{"start":{"line":38,"column":2},"end":{"line":47,"column":3}},"16":{"start":{"line":39,"column":22},"end":{"line":39,"column":52}},"17":{"start":{"line":40,"column":23},"end":{"line":40,"column":55}},"18":{"start":{"line":41,"column":4},"end":{"line":46,"column":5}},"19":{"start":{"line":42,"column":6},"end":{"line":45,"column":9}},"20":{"start":{"line":48,"column":2},"end":{"line":51,"column":4}},"21":{"start":{"line":54,"column":17},"end":{"line":54,"column":19}},"22":{"start":{"line":55,"column":2},"end":{"line":63,"column":3}},"23":{"start":{"line":56,"column":18},"end":{"line":56,"column":39}},"24":{"start":{"line":57,"column":4},"end":{"line":62,"column":5}},"25":{"start":{"line":58,"column":6},"end":{"line":61,"column":9}},"26":{"start":{"line":64,"column":2},"end":{"line":72,"column":3}},"27":{"start":{"line":65,"column":19},"end":{"line":65,"column":41}},"28":{"start":{"line":66,"column":4},"end":{"line":71,"column":5}},"29":{"start":{"line":67,"column":6},"end":{"line":70,"column":9}},"30":{"start":{"line":73,"column":2},"end":{"line":81,"column":3}},"31":{"start":{"line":74,"column":28},"end":{"line":74,"column":59}},"32":{"start":{"line":75,"column":4},"end":{"line":80,"column":5}},"33":{"start":{"line":76,"column":6},"end":{"line":79,"column":9}},"34":{"start":{"line":82,"column":2},"end":{"line":85,"column":4}},"35":{"start":{"line":87,"column":0},"end":{"line":92,"column":2}}},"fnMap":{"0":{"name":"validateCreateMoodEntry","decl":{"start":{"line":3,"column":9},"end":{"line":3,"column":32}},"loc":{"start":{"line":3,"column":39},"end":{"line":52,"column":1}},"line":3},"1":{"name":"validateGetMoodEntriesQuery","decl":{"start":{"line":53,"column":9},"end":{"line":53,"column":36}},"loc":{"start":{"line":53,"column":44},"end":{"line":86,"column":1}},"line":53}},"branchMap":{"0":{"loc":{"start":{"line":5,"column":2},"end":{"line":15,"column":3}},"type":"if","locations":[{"start":{"line":5,"column":2},"end":{"line":15,"column":3}},{"start":{"line":10,"column":9},"end":{"line":15,"column":3}}],"line":5},"1":{"loc":{"start":{"line":10,"column":9},"end":{"line":15,"column":3}},"type":"if","locations":[{"start":{"line":10,"column":9},"end":{"line":15,"column":3}},{"start":{},"end":{}}],"line":10},"2":{"loc":{"start":{"line":10,"column":13},"end":{"line":10,"column":81}},"type":"binary-expr","locations":[{"start":{"line":10,"column":13},"end":{"line":10,"column":52}},{"start":{"line":10,"column":56},"end":{"line":10,"column":81}}],"line":10},"3":{"loc":{"start":{"line":16,"column":2},"end":{"line":26,"column":3}},"type":"if","locations":[{"start":{"line":16,"column":2},"end":{"line":26,"column":3}},{"start":{"line":21,"column":9},"end":{"line":26,"column":3}}],"line":16},"4":{"loc":{"start":{"line":21,"column":9},"end":{"line":26,"column":3}},"type":"if","locations":[{"start":{"line":21,"column":9},"end":{"line":26,"column":3}},{"start":{},"end":{}}],"line":21},"5":{"loc":{"start":{"line":27,"column":2},"end":{"line":37,"column":3}},"type":"if","locations":[{"start":{"line":27,"column":2},"end":{"line":37,"column":3}},{"start":{"line":32,"column":9},"end":{"line":37,"column":3}}],"line":27},"6":{"loc":{"start":{"line":32,"column":9},"end":{"line":37,"column":3}},"type":"if","locations":[{"start":{"line":32,"column":9},"end":{"line":37,"column":3}},{"start":{},"end":{}}],"line":32},"7":{"loc":{"start":{"line":38,"column":2},"end":{"line":47,"column":3}},"type":"if","locations":[{"start":{"line":38,"column":2},"end":{"line":47,"column":3}},{"start":{},"end":{}}],"line":38},"8":{"loc":{"start":{"line":38,"column":6},"end":{"line":38,"column":29}},"type":"binary-expr","locations":[{"start":{"line":38,"column":6},"end":{"line":38,"column":15}},{"start":{"line":38,"column":19},"end":{"line":38,"column":29}}],"line":38},"9":{"loc":{"start":{"line":41,"column":4},"end":{"line":46,"column":5}},"type":"if","locations":[{"start":{"line":41,"column":4},"end":{"line":46,"column":5}},{"start":{},"end":{}}],"line":41},"10":{"loc":{"start":{"line":41,"column":8},"end":{"line":41,"column":73}},"type":"binary-expr","locations":[{"start":{"line":41,"column":8},"end":{"line":41,"column":24}},{"start":{"line":41,"column":28},"end":{"line":41,"column":45}},{"start":{"line":41,"column":49},"end":{"line":41,"column":73}}],"line":41},"11":{"loc":{"start":{"line":55,"column":2},"end":{"line":63,"column":3}},"type":"if","locations":[{"start":{"line":55,"column":2},"end":{"line":63,"column":3}},{"start":{},"end":{}}],"line":55},"12":{"loc":{"start":{"line":57,"column":4},"end":{"line":62,"column":5}},"type":"if","locations":[{"start":{"line":57,"column":4},"end":{"line":62,"column":5}},{"start":{},"end":{}}],"line":57},"13":{"loc":{"start":{"line":57,"column":8},"end":{"line":57,"column":49}},"type":"binary-expr","locations":[{"start":{"line":57,"column":8},"end":{"line":57,"column":20}},{"start":{"line":57,"column":24},"end":{"line":57,"column":34}},{"start":{"line":57,"column":38},"end":{"line":57,"column":49}}],"line":57},"14":{"loc":{"start":{"line":64,"column":2},"end":{"line":72,"column":3}},"type":"if","locations":[{"start":{"line":64,"column":2},"end":{"line":72,"column":3}},{"start":{},"end":{}}],"line":64},"15":{"loc":{"start":{"line":66,"column":4},"end":{"line":71,"column":5}},"type":"if","locations":[{"start":{"line":66,"column":4},"end":{"line":71,"column":5}},{"start":{},"end":{}}],"line":66},"16":{"loc":{"start":{"line":66,"column":8},"end":{"line":66,"column":35}},"type":"binary-expr","locations":[{"start":{"line":66,"column":8},"end":{"line":66,"column":21}},{"start":{"line":66,"column":25},"end":{"line":66,"column":35}}],"line":66},"17":{"loc":{"start":{"line":73,"column":2},"end":{"line":81,"column":3}},"type":"if","locations":[{"start":{"line":73,"column":2},"end":{"line":81,"column":3}},{"start":{},"end":{}}],"line":73},"18":{"loc":{"start":{"line":75,"column":4},"end":{"line":80,"column":5}},"type":"if","locations":[{"start":{"line":75,"column":4},"end":{"line":80,"column":5}},{"start":{},"end":{}}],"line":75},"19":{"loc":{"start":{"line":75,"column":8},"end":{"line":75,"column":54}},"type":"binary-expr","locations":[{"start":{"line":75,"column":8},"end":{"line":75,"column":30}},{"start":{"line":75,"column":34},"end":{"line":75,"column":54}}],"line":75}},"s":{"0":1,"1":1,"2":2,"3":2,"4":1,"5":1,"6":0,"7":2,"8":0,"9":2,"10":1,"11":2,"12":1,"13":1,"14":0,"15":2,"16":1,"17":1,"18":1,"19":0,"20":2,"21":0,"22":0,"23":0,"24":0,"25":0,"26":0,"27":0,"28":0,"29":0,"30":0,"31":0,"32":0,"33":0,"34":0,"35":1},"f":{"0":2,"1":0},"b":{"0":[1,1],"1":[0,1],"2":[1,1],"3":[0,2],"4":[1,1],"5":[1,1],"6":[0,1],"7":[1,1],"8":[2,2],"9":[0,1],"10":[1,1,1],"11":[0,0],"12":[0,0],"13":[0,0,0],"14":[0,0],"15":[0,0],"16":[0,0],"17":[0,0],"18":[0,0],"19":[0,0]},"_coverageSchema":"1a1c01bbd47fc00a2c39e90264f33305004495a9","hash":"e50fdd613e41f7065bb3c38c288e0df3e07aeb8e"}
,"C:\\NodeJS\\neurobreak\\backend\\src\\config\\auth.config.js": {"path":"C:\\NodeJS\\neurobreak\\backend\\src\\config\\auth.config.js","statementMap":{"0":{"start":{"line":1,"column":0},"end":{"line":21,"column":2}}},"fnMap":{},"branchMap":{"0":{"loc":{"start":{"line":3,"column":12},"end":{"line":3,"column":55}},"type":"binary-expr","locations":[{"start":{"line":3,"column":12},"end":{"line":3,"column":34}},{"start":{"line":3,"column":38},"end":{"line":3,"column":55}}],"line":3},"1":{"loc":{"start":{"line":4,"column":15},"end":{"line":4,"column":49}},"type":"binary-expr","locations":[{"start":{"line":4,"column":15},"end":{"line":4,"column":41}},{"start":{"line":4,"column":45},"end":{"line":4,"column":49}}],"line":4}},"s":{"0":5},"f":{},"b":{"0":[5,5],"1":[5,5]},"_coverageSchema":"1a1c01bbd47fc00a2c39e90264f33305004495a9","hash":"1d774be65546d4047e69ea47f1bb28c05ff0fc50"}
,"C:\\NodeJS\\neurobreak\\backend\\src\\config\\database.config.js": {"path":"C:\\NodeJS\\neurobreak\\backend\\src\\config\\database.config.js","statementMap":{"0":{"start":{"line":1,"column":17},"end":{"line":1,"column":30}},"1":{"start":{"line":2,"column":15},"end":{"line":2,"column":41}},"2":{"start":{"line":5,"column":4},"end":{"line":7,"column":5}},"3":{"start":{"line":6,"column":6},"end":{"line":6,"column":31}},"4":{"start":{"line":8,"column":4},"end":{"line":17,"column":7}},"5":{"start":{"line":18,"column":4},"end":{"line":20,"column":7}},"6":{"start":{"line":19,"column":6},"end":{"line":19,"column":62}},"7":{"start":{"line":21,"column":4},"end":{"line":24,"column":7}},"8":{"start":{"line":22,"column":6},"end":{"line":22,"column":71}},"9":{"start":{"line":23,"column":6},"end":{"line":23,"column":23}},"10":{"start":{"line":25,"column":4},"end":{"line":25,"column":29}},"11":{"start":{"line":28,"column":18},"end":{"line":28,"column":28}},"12":{"start":{"line":29,"column":4},"end":{"line":37,"column":5}},"13":{"start":{"line":30,"column":18},"end":{"line":30,"column":53}},"14":{"start":{"line":31,"column":23},"end":{"line":31,"column":41}},"15":{"start":{"line":32,"column":6},"end":{"line":32,"column":78}},"16":{"start":{"line":33,"column":6},"end":{"line":33,"column":17}},"17":{"start":{"line":35,"column":6},"end":{"line":35,"column":62}},"18":{"start":{"line":36,"column":6},"end":{"line":36,"column":18}},"19":{"start":{"line":40,"column":4},"end":{"line":40,"column":37}},"20":{"start":{"line":43,"column":4},"end":{"line":43,"column":26}},"21":{"start":{"line":44,"column":4},"end":{"line":44,"column":47}},"22":{"start":{"line":47,"column":17},"end":{"line":47,"column":31}},"23":{"start":{"line":48,"column":0},"end":{"line":48,"column":24}},"24":{"start":{"line":49,"column":0},"end":{"line":49,"column":26}}},"fnMap":{"0":{"name":"(anonymous_0)","decl":{"start":{"line":4,"column":2},"end":{"line":4,"column":3}},"loc":{"start":{"line":4,"column":16},"end":{"line":26,"column":3}},"line":4},"1":{"name":"(anonymous_1)","decl":{"start":{"line":18,"column":28},"end":{"line":18,"column":29}},"loc":{"start":{"line":18,"column":34},"end":{"line":20,"column":5}},"line":18},"2":{"name":"(anonymous_2)","decl":{"start":{"line":21,"column":26},"end":{"line":21,"column":27}},"loc":{"start":{"line":21,"column":35},"end":{"line":24,"column":5}},"line":21},"3":{"name":"(anonymous_3)","decl":{"start":{"line":27,"column":2},"end":{"line":27,"column":3}},"loc":{"start":{"line":27,"column":28},"end":{"line":38,"column":3}},"line":27},"4":{"name":"(anonymous_4)","decl":{"start":{"line":39,"column":2},"end":{"line":39,"column":3}},"loc":{"start":{"line":39,"column":20},"end":{"line":41,"column":3}},"line":39},"5":{"name":"(anonymous_5)","decl":{"start":{"line":42,"column":2},"end":{"line":42,"column":3}},"loc":{"start":{"line":42,"column":16},"end":{"line":45,"column":3}},"line":42}},"branchMap":{"0":{"loc":{"start":{"line":5,"column":4},"end":{"line":7,"column":5}},"type":"if","locations":[{"start":{"line":5,"column":4},"end":{"line":7,"column":5}},{"start":{},"end":{}}],"line":5},"1":{"loc":{"start":{"line":9,"column":12},"end":{"line":9,"column":46}},"type":"binary-expr","locations":[{"start":{"line":9,"column":12},"end":{"line":9,"column":31}},{"start":{"line":9,"column":35},"end":{"line":9,"column":46}}],"line":9},"2":{"loc":{"start":{"line":10,"column":12},"end":{"line":10,"column":49}},"type":"binary-expr","locations":[{"start":{"line":10,"column":12},"end":{"line":10,"column":41}},{"start":{"line":10,"column":45},"end":{"line":10,"column":49}}],"line":10},"3":{"loc":{"start":{"line":11,"column":16},"end":{"line":11,"column":54}},"type":"binary-expr","locations":[{"start":{"line":11,"column":16},"end":{"line":11,"column":35}},{"start":{"line":11,"column":39},"end":{"line":11,"column":54}}],"line":11},"4":{"loc":{"start":{"line":12,"column":12},"end":{"line":12,"column":45}},"type":"binary-expr","locations":[{"start":{"line":12,"column":12},"end":{"line":12,"column":31}},{"start":{"line":12,"column":35},"end":{"line":12,"column":45}}],"line":12},"5":{"loc":{"start":{"line":13,"column":23},"end":{"line":13,"column":52}},"type":"binary-expr","locations":[{"start":{"line":13,"column":23},"end":{"line":13,"column":46}},{"start":{"line":13,"column":50},"end":{"line":13,"column":52}}],"line":13}},"s":{"0":5,"1":5,"2":5,"3":0,"4":5,"5":5,"6":0,"7":5,"8":0,"9":0,"10":5,"11":0,"12":0,"13":0,"14":0,"15":0,"16":0,"17":0,"18":0,"19":0,"20":0,"21":0,"22":5,"23":5,"24":5},"f":{"0":5,"1":0,"2":0,"3":0,"4":0,"5":0},"b":{"0":[0,5],"1":[5,5],"2":[5,5],"3":[5,5],"4":[5,5],"5":[5,5]},"_coverageSchema":"1a1c01bbd47fc00a2c39e90264f33305004495a9","hash":"f46ed55e7c72fd65b79c3ac13b56e9628847f086"}
,"C:\\NodeJS\\neurobreak\\backend\\src\\domain\\repositories\\MicroactivityRepository.js": {"path":"C:\\NodeJS\\neurobreak\\backend\\src\\domain\\repositories\\MicroactivityRepository.js","statementMap":{"0":{"start":{"line":1,"column":13},"end":{"line":1,"column":64}},"1":{"start":{"line":4,"column":4},"end":{"line":4,"column":23}},"2":{"start":{"line":7,"column":4},"end":{"line":42,"column":5}},"3":{"start":{"line":12,"column":59},"end":{"line":12,"column":66}},"4":{"start":{"line":13,"column":21},"end":{"line":13,"column":39}},"5":{"start":{"line":14,"column":18},"end":{"line":14,"column":59}},"6":{"start":{"line":15,"column":21},"end":{"line":15,"column":23}},"7":{"start":{"line":16,"column":23},"end":{"line":16,"column":24}},"8":{"start":{"line":17,"column":6},"end":{"line":21,"column":7}},"9":{"start":{"line":18,"column":8},"end":{"line":18,"column":50}},"10":{"start":{"line":19,"column":8},"end":{"line":19,"column":30}},"11":{"start":{"line":20,"column":8},"end":{"line":20,"column":21}},"12":{"start":{"line":22,"column":6},"end":{"line":26,"column":7}},"13":{"start":{"line":23,"column":8},"end":{"line":23,"column":89}},"14":{"start":{"line":24,"column":8},"end":{"line":24,"column":35}},"15":{"start":{"line":25,"column":8},"end":{"line":25,"column":21}},"16":{"start":{"line":27,"column":6},"end":{"line":27,"column":90}},"17":{"start":{"line":28,"column":6},"end":{"line":28,"column":33}},"18":{"start":{"line":29,"column":21},"end":{"line":29,"column":55}},"19":{"start":{"line":30,"column":20},"end":{"line":30,"column":66}},"20":{"start":{"line":31,"column":6},"end":{"line":39,"column":8}},"21":{"start":{"line":41,"column":6},"end":{"line":41,"column":77}},"22":{"start":{"line":45,"column":4},"end":{"line":53,"column":5}},"23":{"start":{"line":46,"column":21},"end":{"line":49,"column":7}},"24":{"start":{"line":50,"column":6},"end":{"line":50,"column":60}},"25":{"start":{"line":52,"column":6},"end":{"line":52,"column":82}},"26":{"start":{"line":56,"column":4},"end":{"line":88,"column":5}},"27":{"start":{"line":67,"column":10},"end":{"line":67,"column":14}},"28":{"start":{"line":68,"column":21},"end":{"line":84,"column":7}},"29":{"start":{"line":85,"column":6},"end":{"line":85,"column":28}},"30":{"start":{"line":87,"column":6},"end":{"line":87,"column":73}},"31":{"start":{"line":91,"column":4},"end":{"line":127,"column":5}},"32":{"start":{"line":100,"column":10},"end":{"line":100,"column":14}},"33":{"start":{"line":101,"column":21},"end":{"line":123,"column":7}},"34":{"start":{"line":124,"column":6},"end":{"line":124,"column":28}},"35":{"start":{"line":126,"column":6},"end":{"line":126,"column":78}},"36":{"start":{"line":130,"column":4},"end":{"line":138,"column":5}},"37":{"start":{"line":131,"column":21},"end":{"line":134,"column":7}},"38":{"start":{"line":135,"column":6},"end":{"line":135,"column":36}},"39":{"start":{"line":137,"column":6},"end":{"line":137,"column":76}},"40":{"start":{"line":141,"column":4},"end":{"line":157,"column":5}},"41":{"start":{"line":142,"column":21},"end":{"line":153,"column":7}},"42":{"start":{"line":154,"column":6},"end":{"line":154,"column":25}},"43":{"start":{"line":156,"column":6},"end":{"line":156,"column":81}},"44":{"start":{"line":160,"column":4},"end":{"line":178,"column":5}},"45":{"start":{"line":161,"column":63},"end":{"line":170,"column":8}},"46":{"start":{"line":171,"column":6},"end":{"line":175,"column":8}},"47":{"start":{"line":177,"column":6},"end":{"line":177,"column":73}},"48":{"start":{"line":181,"column":4},"end":{"line":199,"column":5}},"49":{"start":{"line":182,"column":35},"end":{"line":182,"column":42}},"50":{"start":{"line":183,"column":23},"end":{"line":183,"column":80}},"51":{"start":{"line":184,"column":26},"end":{"line":184,"column":28}},"52":{"start":{"line":185,"column":23},"end":{"line":185,"column":24}},"53":{"start":{"line":186,"column":6},"end":{"line":190,"column":7}},"54":{"start":{"line":187,"column":8},"end":{"line":187,"column":55}},"55":{"start":{"line":188,"column":8},"end":{"line":188,"column":35}},"56":{"start":{"line":189,"column":8},"end":{"line":189,"column":21}},"57":{"start":{"line":191,"column":6},"end":{"line":194,"column":7}},"58":{"start":{"line":192,"column":8},"end":{"line":192,"column":94}},"59":{"start":{"line":193,"column":8},"end":{"line":193,"column":40}},"60":{"start":{"line":195,"column":26},"end":{"line":195,"column":70}},"61":{"start":{"line":196,"column":6},"end":{"line":196,"column":49}},"62":{"start":{"line":198,"column":6},"end":{"line":198,"column":76}},"63":{"start":{"line":202,"column":0},"end":{"line":202,"column":41}}},"fnMap":{"0":{"name":"(anonymous_0)","decl":{"start":{"line":3,"column":2},"end":{"line":3,"column":3}},"loc":{"start":{"line":3,"column":31},"end":{"line":5,"column":3}},"line":3},"1":{"name":"(anonymous_1)","decl":{"start":{"line":6,"column":2},"end":{"line":6,"column":3}},"loc":{"start":{"line":6,"column":30},"end":{"line":43,"column":3}},"line":6},"2":{"name":"(anonymous_2)","decl":{"start":{"line":44,"column":2},"end":{"line":44,"column":3}},"loc":{"start":{"line":44,"column":21},"end":{"line":54,"column":3}},"line":44},"3":{"name":"(anonymous_3)","decl":{"start":{"line":55,"column":2},"end":{"line":55,"column":3}},"loc":{"start":{"line":55,"column":21},"end":{"line":89,"column":3}},"line":55},"4":{"name":"(anonymous_4)","decl":{"start":{"line":90,"column":2},"end":{"line":90,"column":3}},"loc":{"start":{"line":90,"column":25},"end":{"line":128,"column":3}},"line":90},"5":{"name":"(anonymous_5)","decl":{"start":{"line":129,"column":2},"end":{"line":129,"column":3}},"loc":{"start":{"line":129,"column":19},"end":{"line":139,"column":3}},"line":129},"6":{"name":"(anonymous_6)","decl":{"start":{"line":140,"column":2},"end":{"line":140,"column":3}},"loc":{"start":{"line":140,"column":27},"end":{"line":158,"column":3}},"line":140},"7":{"name":"(anonymous_7)","decl":{"start":{"line":159,"column":2},"end":{"line":159,"column":3}},"loc":{"start":{"line":159,"column":24},"end":{"line":179,"column":3}},"line":159},"8":{"name":"(anonymous_8)","decl":{"start":{"line":180,"column":2},"end":{"line":180,"column":3}},"loc":{"start":{"line":180,"column":36},"end":{"line":200,"column":3}},"line":180}},"branchMap":{"0":{"loc":{"start":{"line":3,"column":14},"end":{"line":3,"column":29}},"type":"default-arg","locations":[{"start":{"line":3,"column":25},"end":{"line":3,"column":29}}],"line":3},"1":{"loc":{"start":{"line":6,"column":16},"end":{"line":6,"column":28}},"type":"default-arg","locations":[{"start":{"line":6,"column":26},"end":{"line":6,"column":28}}],"line":6},"2":{"loc":{"start":{"line":12,"column":32},"end":{"line":12,"column":40}},"type":"default-arg","locations":[{"start":{"line":12,"column":39},"end":{"line":12,"column":40}}],"line":12},"3":{"loc":{"start":{"line":12,"column":42},"end":{"line":12,"column":54}},"type":"default-arg","locations":[{"start":{"line":12,"column":50},"end":{"line":12,"column":54}}],"line":12},"4":{"loc":{"start":{"line":17,"column":6},"end":{"line":21,"column":7}},"type":"if","locations":[{"start":{"line":17,"column":6},"end":{"line":21,"column":7}},{"start":{},"end":{}}],"line":17},"5":{"loc":{"start":{"line":22,"column":6},"end":{"line":26,"column":7}},"type":"if","locations":[{"start":{"line":22,"column":6},"end":{"line":26,"column":7}},{"start":{},"end":{}}],"line":22},"6":{"loc":{"start":{"line":50,"column":13},"end":{"line":50,"column":59}},"type":"cond-expr","locations":[{"start":{"line":50,"column":38},"end":{"line":50,"column":52}},{"start":{"line":50,"column":55},"end":{"line":50,"column":59}}],"line":50},"7":{"loc":{"start":{"line":79,"column":10},"end":{"line":79,"column":36}},"type":"binary-expr","locations":[{"start":{"line":79,"column":10},"end":{"line":79,"column":28}},{"start":{"line":79,"column":32},"end":{"line":79,"column":36}}],"line":79},"8":{"loc":{"start":{"line":80,"column":10},"end":{"line":80,"column":46}},"type":"cond-expr","locations":[{"start":{"line":80,"column":18},"end":{"line":80,"column":39}},{"start":{"line":80,"column":42},"end":{"line":80,"column":46}}],"line":80},"9":{"loc":{"start":{"line":81,"column":10},"end":{"line":81,"column":27}},"type":"binary-expr","locations":[{"start":{"line":81,"column":10},"end":{"line":81,"column":19}},{"start":{"line":81,"column":23},"end":{"line":81,"column":27}}],"line":81},"10":{"loc":{"start":{"line":119,"column":10},"end":{"line":119,"column":47}},"type":"cond-expr","locations":[{"start":{"line":119,"column":18},"end":{"line":119,"column":39}},{"start":{"line":119,"column":42},"end":{"line":119,"column":47}}],"line":119},"11":{"loc":{"start":{"line":174,"column":25},"end":{"line":174,"column":80}},"type":"binary-expr","locations":[{"start":{"line":174,"column":25},"end":{"line":174,"column":75}},{"start":{"line":174,"column":79},"end":{"line":174,"column":80}}],"line":174},"12":{"loc":{"start":{"line":180,"column":22},"end":{"line":180,"column":34}},"type":"default-arg","locations":[{"start":{"line":180,"column":32},"end":{"line":180,"column":34}}],"line":180},"13":{"loc":{"start":{"line":186,"column":6},"end":{"line":190,"column":7}},"type":"if","locations":[{"start":{"line":186,"column":6},"end":{"line":190,"column":7}},{"start":{},"end":{}}],"line":186},"14":{"loc":{"start":{"line":191,"column":6},"end":{"line":194,"column":7}},"type":"if","locations":[{"start":{"line":191,"column":6},"end":{"line":194,"column":7}},{"start":{},"end":{}}],"line":191}},"s":{"0":1,"1":0,"2":0,"3":0,"4":0,"5":0,"6":0,"7":0,"8":0,"9":0,"10":0,"11":0,"12":0,"13":0,"14":0,"15":0,"16":0,"17":0,"18":0,"19":0,"20":0,"21":0,"22":0,"23":0,"24":0,"25":0,"26":0,"27":0,"28":0,"29":0,"30":0,"31":0,"32":0,"33":0,"34":0,"35":0,"36":0,"37":0,"38":0,"39":0,"40":0,"41":0,"42":0,"43":0,"44":0,"45":0,"46":0,"47":0,"48":0,"49":0,"50":0,"51":0,"52":0,"53":0,"54":0,"55":0,"56":0,"57":0,"58":0,"59":0,"60":0,"61":0,"62":0,"63":1},"f":{"0":0,"1":0,"2":0,"3":0,"4":0,"5":0,"6":0,"7":0,"8":0},"b":{"0":[0],"1":[0],"2":[0],"3":[0],"4":[0,0],"5":[0,0],"6":[0,0],"7":[0,0],"8":[0,0],"9":[0,0],"10":[0,0],"11":[0,0],"12":[0],"13":[0,0],"14":[0,0]},"_coverageSchema":"1a1c01bbd47fc00a2c39e90264f33305004495a9","hash":"84392fc553c2fdda0bc4a301e93f65e9c41157fe"}
,"C:\\NodeJS\\neurobreak\\backend\\src\\domain\\repositories\\MoodRepository.js": {"path":"C:\\NodeJS\\neurobreak\\backend\\src\\domain\\repositories\\MoodRepository.js","statementMap":{"0":{"start":{"line":1,"column":13},"end":{"line":1,"column":64}},"1":{"start":{"line":4,"column":4},"end":{"line":4,"column":27}},"2":{"start":{"line":7,"column":18},"end":{"line":17,"column":5}},"3":{"start":{"line":18,"column":19},"end":{"line":23,"column":5}},"4":{"start":{"line":24,"column":4},"end":{"line":29,"column":5}},"5":{"start":{"line":25,"column":21},"end":{"line":25,"column":55}},"6":{"start":{"line":26,"column":6},"end":{"line":26,"column":28}},"7":{"start":{"line":28,"column":6},"end":{"line":28,"column":86}},"8":{"start":{"line":32,"column":16},"end":{"line":45,"column":5}},"9":{"start":{"line":46,"column":19},"end":{"line":46,"column":35}},"10":{"start":{"line":47,"column":21},"end":{"line":47,"column":22}},"11":{"start":{"line":48,"column":4},"end":{"line":52,"column":5}},"12":{"start":{"line":49,"column":6},"end":{"line":49,"column":59}},"13":{"start":{"line":50,"column":6},"end":{"line":50,"column":43}},"14":{"start":{"line":51,"column":6},"end":{"line":51,"column":19}},"15":{"start":{"line":53,"column":4},"end":{"line":57,"column":5}},"16":{"start":{"line":54,"column":6},"end":{"line":54,"column":53}},"17":{"start":{"line":55,"column":6},"end":{"line":55,"column":37}},"18":{"start":{"line":56,"column":6},"end":{"line":56,"column":19}},"19":{"start":{"line":58,"column":4},"end":{"line":62,"column":5}},"20":{"start":{"line":59,"column":6},"end":{"line":59,"column":53}},"21":{"start":{"line":60,"column":6},"end":{"line":60,"column":35}},"22":{"start":{"line":61,"column":6},"end":{"line":61,"column":19}},"23":{"start":{"line":63,"column":4},"end":{"line":63,"column":43}},"24":{"start":{"line":64,"column":4},"end":{"line":68,"column":5}},"25":{"start":{"line":65,"column":6},"end":{"line":65,"column":39}},"26":{"start":{"line":66,"column":6},"end":{"line":66,"column":33}},"27":{"start":{"line":67,"column":6},"end":{"line":67,"column":19}},"28":{"start":{"line":69,"column":4},"end":{"line":73,"column":5}},"29":{"start":{"line":70,"column":6},"end":{"line":70,"column":40}},"30":{"start":{"line":71,"column":6},"end":{"line":71,"column":34}},"31":{"start":{"line":72,"column":6},"end":{"line":72,"column":19}},"32":{"start":{"line":74,"column":4},"end":{"line":79,"column":5}},"33":{"start":{"line":75,"column":21},"end":{"line":75,"column":55}},"34":{"start":{"line":76,"column":6},"end":{"line":76,"column":25}},"35":{"start":{"line":78,"column":6},"end":{"line":78,"column":89}},"36":{"start":{"line":82,"column":18},"end":{"line":95,"column":5}},"37":{"start":{"line":96,"column":4},"end":{"line":101,"column":5}},"38":{"start":{"line":97,"column":21},"end":{"line":97,"column":61}},"39":{"start":{"line":98,"column":6},"end":{"line":98,"column":36}},"40":{"start":{"line":100,"column":6},"end":{"line":100,"column":87}},"41":{"start":{"line":104,"column":18},"end":{"line":108,"column":5}},"42":{"start":{"line":109,"column":4},"end":{"line":114,"column":5}},"43":{"start":{"line":110,"column":21},"end":{"line":110,"column":61}},"44":{"start":{"line":111,"column":6},"end":{"line":111,"column":36}},"45":{"start":{"line":113,"column":6},"end":{"line":113,"column":89}},"46":{"start":{"line":117,"column":18},"end":{"line":127,"column":5}},"47":{"start":{"line":128,"column":4},"end":{"line":133,"column":5}},"48":{"start":{"line":129,"column":21},"end":{"line":129,"column":57}},"49":{"start":{"line":130,"column":6},"end":{"line":130,"column":25}},"50":{"start":{"line":132,"column":6},"end":{"line":132,"column":93}},"51":{"start":{"line":136,"column":16},"end":{"line":140,"column":5}},"52":{"start":{"line":141,"column":19},"end":{"line":141,"column":27}},"53":{"start":{"line":142,"column":21},"end":{"line":142,"column":22}},"54":{"start":{"line":143,"column":4},"end":{"line":147,"column":5}},"55":{"start":{"line":144,"column":6},"end":{"line":144,"column":56}},"56":{"start":{"line":145,"column":6},"end":{"line":145,"column":43}},"57":{"start":{"line":146,"column":6},"end":{"line":146,"column":19}},"58":{"start":{"line":148,"column":4},"end":{"line":152,"column":5}},"59":{"start":{"line":149,"column":6},"end":{"line":149,"column":50}},"60":{"start":{"line":150,"column":6},"end":{"line":150,"column":37}},"61":{"start":{"line":151,"column":6},"end":{"line":151,"column":19}},"62":{"start":{"line":153,"column":4},"end":{"line":157,"column":5}},"63":{"start":{"line":154,"column":6},"end":{"line":154,"column":50}},"64":{"start":{"line":155,"column":6},"end":{"line":155,"column":35}},"65":{"start":{"line":156,"column":6},"end":{"line":156,"column":19}},"66":{"start":{"line":158,"column":4},"end":{"line":163,"column":5}},"67":{"start":{"line":159,"column":21},"end":{"line":159,"column":55}},"68":{"start":{"line":160,"column":6},"end":{"line":160,"column":44}},"69":{"start":{"line":162,"column":6},"end":{"line":162,"column":88}},"70":{"start":{"line":166,"column":0},"end":{"line":166,"column":32}}},"fnMap":{"0":{"name":"(anonymous_0)","decl":{"start":{"line":3,"column":2},"end":{"line":3,"column":3}},"loc":{"start":{"line":3,"column":35},"end":{"line":5,"column":3}},"line":3},"1":{"name":"(anonymous_1)","decl":{"start":{"line":6,"column":2},"end":{"line":6,"column":3}},"loc":{"start":{"line":6,"column":25},"end":{"line":30,"column":3}},"line":6},"2":{"name":"(anonymous_2)","decl":{"start":{"line":31,"column":2},"end":{"line":31,"column":3}},"loc":{"start":{"line":31,"column":28},"end":{"line":80,"column":3}},"line":31},"3":{"name":"(anonymous_3)","decl":{"start":{"line":81,"column":2},"end":{"line":81,"column":3}},"loc":{"start":{"line":81,"column":36},"end":{"line":102,"column":3}},"line":81},"4":{"name":"(anonymous_4)","decl":{"start":{"line":103,"column":2},"end":{"line":103,"column":3}},"loc":{"start":{"line":103,"column":38},"end":{"line":115,"column":3}},"line":103},"5":{"name":"(anonymous_5)","decl":{"start":{"line":116,"column":2},"end":{"line":116,"column":3}},"loc":{"start":{"line":116,"column":39},"end":{"line":134,"column":3}},"line":116},"6":{"name":"(anonymous_6)","decl":{"start":{"line":135,"column":2},"end":{"line":135,"column":3}},"loc":{"start":{"line":135,"column":42},"end":{"line":164,"column":3}},"line":135}},"branchMap":{"0":{"loc":{"start":{"line":3,"column":14},"end":{"line":3,"column":33}},"type":"default-arg","locations":[{"start":{"line":3,"column":29},"end":{"line":3,"column":33}}],"line":3},"1":{"loc":{"start":{"line":48,"column":4},"end":{"line":52,"column":5}},"type":"if","locations":[{"start":{"line":48,"column":4},"end":{"line":52,"column":5}},{"start":{},"end":{}}],"line":48},"2":{"loc":{"start":{"line":53,"column":4},"end":{"line":57,"column":5}},"type":"if","locations":[{"start":{"line":53,"column":4},"end":{"line":57,"column":5}},{"start":{},"end":{}}],"line":53},"3":{"loc":{"start":{"line":58,"column":4},"end":{"line":62,"column":5}},"type":"if","locations":[{"start":{"line":58,"column":4},"end":{"line":62,"column":5}},{"start":{},"end":{}}],"line":58},"4":{"loc":{"start":{"line":64,"column":4},"end":{"line":68,"column":5}},"type":"if","locations":[{"start":{"line":64,"column":4},"end":{"line":68,"column":5}},{"start":{},"end":{}}],"line":64},"5":{"loc":{"start":{"line":69,"column":4},"end":{"line":73,"column":5}},"type":"if","locations":[{"start":{"line":69,"column":4},"end":{"line":73,"column":5}},{"start":{},"end":{}}],"line":69},"6":{"loc":{"start":{"line":98,"column":13},"end":{"line":98,"column":35}},"type":"binary-expr","locations":[{"start":{"line":98,"column":13},"end":{"line":98,"column":27}},{"start":{"line":98,"column":31},"end":{"line":98,"column":35}}],"line":98},"7":{"loc":{"start":{"line":116,"column":29},"end":{"line":116,"column":37}},"type":"default-arg","locations":[{"start":{"line":116,"column":36},"end":{"line":116,"column":37}}],"line":116},"8":{"loc":{"start":{"line":135,"column":28},"end":{"line":135,"column":40}},"type":"default-arg","locations":[{"start":{"line":135,"column":38},"end":{"line":135,"column":40}}],"line":135},"9":{"loc":{"start":{"line":143,"column":4},"end":{"line":147,"column":5}},"type":"if","locations":[{"start":{"line":143,"column":4},"end":{"line":147,"column":5}},{"start":{},"end":{}}],"line":143},"10":{"loc":{"start":{"line":148,"column":4},"end":{"line":152,"column":5}},"type":"if","locations":[{"start":{"line":148,"column":4},"end":{"line":152,"column":5}},{"start":{},"end":{}}],"line":148},"11":{"loc":{"start":{"line":153,"column":4},"end":{"line":157,"column":5}},"type":"if","locations":[{"start":{"line":153,"column":4},"end":{"line":157,"column":5}},{"start":{},"end":{}}],"line":153}},"s":{"0":1,"1":0,"2":0,"3":0,"4":0,"5":0,"6":0,"7":0,"8":0,"9":0,"10":0,"11":0,"12":0,"13":0,"14":0,"15":0,"16":0,"17":0,"18":0,"19":0,"20":0,"21":0,"22":0,"23":0,"24":0,"25":0,"26":0,"27":0,"28":0,"29":0,"30":0,"31":0,"32":0,"33":0,"34":0,"35":0,"36":0,"37":0,"38":0,"39":0,"40":0,"41":0,"42":0,"43":0,"44":0,"45":0,"46":0,"47":0,"48":0,"49":0,"50":0,"51":0,"52":0,"53":0,"54":0,"55":0,"56":0,"57":0,"58":0,"59":0,"60":0,"61":0,"62":0,"63":0,"64":0,"65":0,"66":0,"67":0,"68":0,"69":0,"70":1},"f":{"0":0,"1":0,"2":0,"3":0,"4":0,"5":0,"6":0},"b":{"0":[0],"1":[0,0],"2":[0,0],"3":[0,0],"4":[0,0],"5":[0,0],"6":[0,0],"7":[0],"8":[0],"9":[0,0],"10":[0,0],"11":[0,0]},"_coverageSchema":"1a1c01bbd47fc00a2c39e90264f33305004495a9","hash":"b05e2d718eee1d0a1e69d9831de1cb778d7ca0f4"}
,"C:\\NodeJS\\neurobreak\\backend\\src\\domain\\repositories\\UserRepository.js": {"path":"C:\\NodeJS\\neurobreak\\backend\\src\\domain\\repositories\\UserRepository.js","statementMap":{"0":{"start":{"line":1,"column":17},"end":{"line":1,"column":56}},"1":{"start":{"line":2,"column":15},"end":{"line":2,"column":44}},"2":{"start":{"line":5,"column":4},"end":{"line":14,"column":5}},"3":{"start":{"line":6,"column":21},"end":{"line":9,"column":7}},"4":{"start":{"line":10,"column":6},"end":{"line":10,"column":28}},"5":{"start":{"line":12,"column":6},"end":{"line":12,"column":64}},"6":{"start":{"line":13,"column":6},"end":{"line":13,"column":18}},"7":{"start":{"line":17,"column":4},"end":{"line":26,"column":5}},"8":{"start":{"line":18,"column":21},"end":{"line":21,"column":7}},"9":{"start":{"line":22,"column":6},"end":{"line":22,"column":28}},"10":{"start":{"line":24,"column":6},"end":{"line":24,"column":61}},"11":{"start":{"line":25,"column":6},"end":{"line":25,"column":18}},"12":{"start":{"line":29,"column":4},"end":{"line":45,"column":5}},"13":{"start":{"line":30,"column":21},"end":{"line":40,"column":7}},"14":{"start":{"line":41,"column":6},"end":{"line":41,"column":28}},"15":{"start":{"line":43,"column":6},"end":{"line":43,"column":53}},"16":{"start":{"line":44,"column":6},"end":{"line":44,"column":18}},"17":{"start":{"line":48,"column":4},"end":{"line":57,"column":5}},"18":{"start":{"line":49,"column":21},"end":{"line":52,"column":7}},"19":{"start":{"line":53,"column":6},"end":{"line":53,"column":28}},"20":{"start":{"line":55,"column":6},"end":{"line":55,"column":58}},"21":{"start":{"line":56,"column":6},"end":{"line":56,"column":18}},"22":{"start":{"line":60,"column":4},"end":{"line":65,"column":5}},"23":{"start":{"line":61,"column":6},"end":{"line":61,"column":68}},"24":{"start":{"line":63,"column":6},"end":{"line":63,"column":56}},"25":{"start":{"line":64,"column":6},"end":{"line":64,"column":18}},"26":{"start":{"line":68,"column":0},"end":{"line":68,"column":32}}},"fnMap":{"0":{"name":"(anonymous_0)","decl":{"start":{"line":4,"column":2},"end":{"line":4,"column":3}},"loc":{"start":{"line":4,"column":27},"end":{"line":15,"column":3}},"line":4},"1":{"name":"(anonymous_1)","decl":{"start":{"line":16,"column":2},"end":{"line":16,"column":3}},"loc":{"start":{"line":16,"column":21},"end":{"line":27,"column":3}},"line":16},"2":{"name":"(anonymous_2)","decl":{"start":{"line":28,"column":2},"end":{"line":28,"column":3}},"loc":{"start":{"line":28,"column":25},"end":{"line":46,"column":3}},"line":28},"3":{"name":"(anonymous_3)","decl":{"start":{"line":47,"column":2},"end":{"line":47,"column":3}},"loc":{"start":{"line":47,"column":29},"end":{"line":58,"column":3}},"line":47},"4":{"name":"(anonymous_4)","decl":{"start":{"line":59,"column":2},"end":{"line":59,"column":3}},"loc":{"start":{"line":59,"column":19},"end":{"line":66,"column":3}},"line":59}},"branchMap":{"0":{"loc":{"start":{"line":37,"column":10},"end":{"line":37,"column":32}},"type":"binary-expr","locations":[{"start":{"line":37,"column":10},"end":{"line":37,"column":24}},{"start":{"line":37,"column":28},"end":{"line":37,"column":32}}],"line":37},"1":{"loc":{"start":{"line":38,"column":10},"end":{"line":38,"column":36}},"type":"binary-expr","locations":[{"start":{"line":38,"column":10},"end":{"line":38,"column":23}},{"start":{"line":38,"column":27},"end":{"line":38,"column":36}}],"line":38}},"s":{"0":5,"1":5,"2":0,"3":0,"4":0,"5":0,"6":0,"7":0,"8":0,"9":0,"10":0,"11":0,"12":0,"13":0,"14":0,"15":0,"16":0,"17":0,"18":0,"19":0,"20":0,"21":0,"22":0,"23":0,"24":0,"25":0,"26":5},"f":{"0":0,"1":0,"2":0,"3":0,"4":0},"b":{"0":[0,0],"1":[0,0]},"_coverageSchema":"1a1c01bbd47fc00a2c39e90264f33305004495a9","hash":"d17ec7777ab216a960fa86a758abf34fc2ef4f14"}
,"C:\\NodeJS\\neurobreak\\backend\\src\\domain\\services\\AuthService.js": {"path":"C:\\NodeJS\\neurobreak\\backend\\src\\domain\\services\\AuthService.js","statementMap":{"0":{"start":{"line":1,"column":15},"end":{"line":1,"column":34}},"1":{"start":{"line":2,"column":12},"end":{"line":2,"column":35}},"2":{"start":{"line":3,"column":19},"end":{"line":3,"column":54}},"3":{"start":{"line":4,"column":23},"end":{"line":4,"column":64}},"4":{"start":{"line":5,"column":15},"end":{"line":5,"column":44}},"5":{"start":{"line":8,"column":4},"end":{"line":8,"column":47}},"6":{"start":{"line":11,"column":17},"end":{"line":11,"column":61}},"7":{"start":{"line":12,"column":4},"end":{"line":14,"column":5}},"8":{"start":{"line":13,"column":6},"end":{"line":13,"column":48}},"9":{"start":{"line":15,"column":28},"end":{"line":15,"column":73}},"10":{"start":{"line":16,"column":4},"end":{"line":18,"column":5}},"11":{"start":{"line":17,"column":6},"end":{"line":17,"column":48}},"12":{"start":{"line":19,"column":18},"end":{"line":19,"column":42}},"13":{"start":{"line":20,"column":4},"end":{"line":29,"column":6}},"14":{"start":{"line":32,"column":25},"end":{"line":32,"column":78}},"15":{"start":{"line":33,"column":4},"end":{"line":35,"column":5}},"16":{"start":{"line":34,"column":6},"end":{"line":34,"column":54}},"17":{"start":{"line":36,"column":27},"end":{"line":36,"column":67}},"18":{"start":{"line":37,"column":20},"end":{"line":40,"column":6}},"19":{"start":{"line":41,"column":18},"end":{"line":41,"column":45}},"20":{"start":{"line":42,"column":4},"end":{"line":51,"column":6}},"21":{"start":{"line":54,"column":17},"end":{"line":54,"column":61}},"22":{"start":{"line":55,"column":4},"end":{"line":57,"column":5}},"23":{"start":{"line":56,"column":6},"end":{"line":56,"column":73}},"24":{"start":{"line":58,"column":23},"end":{"line":58,"column":60}},"25":{"start":{"line":59,"column":4},"end":{"line":59,"column":63}},"26":{"start":{"line":60,"column":4},"end":{"line":60,"column":41}},"27":{"start":{"line":63,"column":4},"end":{"line":63,"column":45}},"28":{"start":{"line":66,"column":4},"end":{"line":66,"column":42}},"29":{"start":{"line":69,"column":4},"end":{"line":69,"column":45}},"30":{"start":{"line":72,"column":4},"end":{"line":72,"column":41}},"31":{"start":{"line":75,"column":4},"end":{"line":85,"column":6}},"32":{"start":{"line":88,"column":4},"end":{"line":97,"column":6}},"33":{"start":{"line":100,"column":0},"end":{"line":100,"column":35}}},"fnMap":{"0":{"name":"(anonymous_0)","decl":{"start":{"line":7,"column":2},"end":{"line":7,"column":3}},"loc":{"start":{"line":7,"column":16},"end":{"line":9,"column":3}},"line":7},"1":{"name":"(anonymous_1)","decl":{"start":{"line":10,"column":2},"end":{"line":10,"column":3}},"loc":{"start":{"line":10,"column":31},"end":{"line":30,"column":3}},"line":10},"2":{"name":"(anonymous_2)","decl":{"start":{"line":31,"column":2},"end":{"line":31,"column":3}},"loc":{"start":{"line":31,"column":27},"end":{"line":52,"column":3}},"line":31},"3":{"name":"(anonymous_3)","decl":{"start":{"line":53,"column":2},"end":{"line":53,"column":3}},"loc":{"start":{"line":53,"column":30},"end":{"line":61,"column":3}},"line":53},"4":{"name":"(anonymous_4)","decl":{"start":{"line":62,"column":2},"end":{"line":62,"column":3}},"loc":{"start":{"line":62,"column":42},"end":{"line":64,"column":3}},"line":62},"5":{"name":"(anonymous_5)","decl":{"start":{"line":65,"column":2},"end":{"line":65,"column":3}},"loc":{"start":{"line":65,"column":26},"end":{"line":67,"column":3}},"line":65},"6":{"name":"(anonymous_6)","decl":{"start":{"line":68,"column":2},"end":{"line":68,"column":3}},"loc":{"start":{"line":68,"column":29},"end":{"line":70,"column":3}},"line":68},"7":{"name":"(anonymous_7)","decl":{"start":{"line":71,"column":2},"end":{"line":71,"column":3}},"loc":{"start":{"line":71,"column":25},"end":{"line":73,"column":3}},"line":71},"8":{"name":"(anonymous_8)","decl":{"start":{"line":74,"column":2},"end":{"line":74,"column":3}},"loc":{"start":{"line":74,"column":22},"end":{"line":86,"column":3}},"line":74},"9":{"name":"(anonymous_9)","decl":{"start":{"line":87,"column":2},"end":{"line":87,"column":3}},"loc":{"start":{"line":87,"column":35},"end":{"line":98,"column":3}},"line":87}},"branchMap":{"0":{"loc":{"start":{"line":12,"column":4},"end":{"line":14,"column":5}},"type":"if","locations":[{"start":{"line":12,"column":4},"end":{"line":14,"column":5}},{"start":{},"end":{}}],"line":12},"1":{"loc":{"start":{"line":16,"column":4},"end":{"line":18,"column":5}},"type":"if","locations":[{"start":{"line":16,"column":4},"end":{"line":18,"column":5}},{"start":{},"end":{}}],"line":16},"2":{"loc":{"start":{"line":33,"column":4},"end":{"line":35,"column":5}},"type":"if","locations":[{"start":{"line":33,"column":4},"end":{"line":35,"column":5}},{"start":{},"end":{}}],"line":33},"3":{"loc":{"start":{"line":55,"column":4},"end":{"line":57,"column":5}},"type":"if","locations":[{"start":{"line":55,"column":4},"end":{"line":57,"column":5}},{"start":{},"end":{}}],"line":55}},"s":{"0":5,"1":5,"2":5,"3":5,"4":5,"5":5,"6":2,"7":2,"8":1,"9":1,"10":1,"11":1,"12":0,"13":0,"14":2,"15":2,"16":0,"17":2,"18":2,"19":2,"20":1,"21":0,"22":0,"23":0,"24":0,"25":0,"26":0,"27":0,"28":0,"29":0,"30":0,"31":2,"32":0,"33":5},"f":{"0":5,"1":2,"2":2,"3":0,"4":0,"5":0,"6":0,"7":0,"8":2,"9":0},"b":{"0":[1,1],"1":[1,0],"2":[0,2],"3":[0,0]},"_coverageSchema":"1a1c01bbd47fc00a2c39e90264f33305004495a9","hash":"0a42c285d0ba45263a33f15b558b0ef62f11d1ae"}
,"C:\\NodeJS\\neurobreak\\backend\\src\\domain\\services\\MoodService.js": {"path":"C:\\NodeJS\\neurobreak\\backend\\src\\domain\\services\\MoodService.js","statementMap":{"0":{"start":{"line":1,"column":23},"end":{"line":1,"column":64}},"1":{"start":{"line":2,"column":32},"end":{"line":2,"column":82}},"2":{"start":{"line":8,"column":4},"end":{"line":8,"column":41}},"3":{"start":{"line":9,"column":4},"end":{"line":9,"column":59}},"4":{"start":{"line":12,"column":4},"end":{"line":37,"column":5}},"5":{"start":{"line":13,"column":28},"end":{"line":13,"column":97}},"6":{"start":{"line":14,"column":6},"end":{"line":16,"column":7}},"7":{"start":{"line":15,"column":8},"end":{"line":15,"column":68}},"8":{"start":{"line":17,"column":20},"end":{"line":17,"column":30}},"9":{"start":{"line":18,"column":25},"end":{"line":18,"column":89}},"10":{"start":{"line":19,"column":23},"end":{"line":19,"column":79}},"11":{"start":{"line":20,"column":30},"end":{"line":26,"column":8}},"12":{"start":{"line":27,"column":6},"end":{"line":29,"column":7}},"13":{"start":{"line":28,"column":8},"end":{"line":28,"column":121}},"14":{"start":{"line":30,"column":24},"end":{"line":30,"column":66}},"15":{"start":{"line":31,"column":6},"end":{"line":31,"column":23}},"16":{"start":{"line":33,"column":6},"end":{"line":35,"column":7}},"17":{"start":{"line":34,"column":8},"end":{"line":34,"column":20}},"18":{"start":{"line":36,"column":6},"end":{"line":36,"column":86}},"19":{"start":{"line":40,"column":4},"end":{"line":61,"column":5}},"20":{"start":{"line":41,"column":36},"end":{"line":44,"column":8}},"21":{"start":{"line":45,"column":25},"end":{"line":45,"column":70}},"22":{"start":{"line":46,"column":26},"end":{"line":46,"column":87}},"23":{"start":{"line":47,"column":6},"end":{"line":58,"column":8}},"24":{"start":{"line":60,"column":6},"end":{"line":60,"column":89}},"25":{"start":{"line":64,"column":4},"end":{"line":83,"column":5}},"26":{"start":{"line":65,"column":36},"end":{"line":70,"column":8}},"27":{"start":{"line":71,"column":23},"end":{"line":71,"column":76}},"28":{"start":{"line":72,"column":6},"end":{"line":80,"column":8}},"29":{"start":{"line":82,"column":6},"end":{"line":82,"column":94}},"30":{"start":{"line":86,"column":4},"end":{"line":101,"column":5}},"31":{"start":{"line":87,"column":20},"end":{"line":87,"column":78}},"32":{"start":{"line":88,"column":6},"end":{"line":90,"column":7}},"33":{"start":{"line":89,"column":8},"end":{"line":89,"column":85}},"34":{"start":{"line":91,"column":22},"end":{"line":91,"column":82}},"35":{"start":{"line":92,"column":6},"end":{"line":94,"column":7}},"36":{"start":{"line":93,"column":8},"end":{"line":93,"column":78}},"37":{"start":{"line":95,"column":6},"end":{"line":95,"column":18}},"38":{"start":{"line":97,"column":6},"end":{"line":99,"column":7}},"39":{"start":{"line":98,"column":8},"end":{"line":98,"column":20}},"40":{"start":{"line":100,"column":6},"end":{"line":100,"column":89}},"41":{"start":{"line":104,"column":4},"end":{"line":110,"column":5}},"42":{"start":{"line":105,"column":6},"end":{"line":109,"column":8}},"43":{"start":{"line":111,"column":25},"end":{"line":111,"column":59}},"44":{"start":{"line":112,"column":26},"end":{"line":112,"column":49}},"45":{"start":{"line":113,"column":26},"end":{"line":113,"column":45}},"46":{"start":{"line":114,"column":26},"end":{"line":116,"column":53}},"47":{"start":{"line":115,"column":19},"end":{"line":115,"column":49}},"48":{"start":{"line":116,"column":26},"end":{"line":116,"column":49}},"49":{"start":{"line":117,"column":26},"end":{"line":119,"column":53}},"50":{"start":{"line":118,"column":19},"end":{"line":118,"column":49}},"51":{"start":{"line":119,"column":26},"end":{"line":119,"column":49}},"52":{"start":{"line":120,"column":20},"end":{"line":120,"column":28}},"53":{"start":{"line":121,"column":4},"end":{"line":125,"column":5}},"54":{"start":{"line":122,"column":6},"end":{"line":122,"column":29}},"55":{"start":{"line":123,"column":11},"end":{"line":125,"column":5}},"56":{"start":{"line":124,"column":6},"end":{"line":124,"column":29}},"57":{"start":{"line":126,"column":25},"end":{"line":126,"column":97}},"58":{"start":{"line":127,"column":4},"end":{"line":133,"column":5}},"59":{"start":{"line":128,"column":6},"end":{"line":128,"column":105}},"60":{"start":{"line":129,"column":11},"end":{"line":133,"column":5}},"61":{"start":{"line":130,"column":6},"end":{"line":130,"column":113}},"62":{"start":{"line":131,"column":11},"end":{"line":133,"column":5}},"63":{"start":{"line":132,"column":6},"end":{"line":132,"column":99}},"64":{"start":{"line":134,"column":4},"end":{"line":140,"column":6}},"65":{"start":{"line":143,"column":0},"end":{"line":143,"column":29}}},"fnMap":{"0":{"name":"(anonymous_0)","decl":{"start":{"line":4,"column":2},"end":{"line":4,"column":3}},"loc":{"start":{"line":7,"column":4},"end":{"line":10,"column":3}},"line":7},"1":{"name":"(anonymous_1)","decl":{"start":{"line":11,"column":2},"end":{"line":11,"column":3}},"loc":{"start":{"line":11,"column":34},"end":{"line":38,"column":3}},"line":11},"2":{"name":"(anonymous_2)","decl":{"start":{"line":39,"column":2},"end":{"line":39,"column":3}},"loc":{"start":{"line":39,"column":38},"end":{"line":62,"column":3}},"line":39},"3":{"name":"(anonymous_3)","decl":{"start":{"line":63,"column":2},"end":{"line":63,"column":3}},"loc":{"start":{"line":63,"column":39},"end":{"line":84,"column":3}},"line":63},"4":{"name":"(anonymous_4)","decl":{"start":{"line":85,"column":2},"end":{"line":85,"column":3}},"loc":{"start":{"line":85,"column":41},"end":{"line":102,"column":3}},"line":85},"5":{"name":"(anonymous_5)","decl":{"start":{"line":103,"column":2},"end":{"line":103,"column":3}},"loc":{"start":{"line":103,"column":51},"end":{"line":141,"column":3}},"line":103},"6":{"name":"(anonymous_6)","decl":{"start":{"line":115,"column":14},"end":{"line":115,"column":15}},"loc":{"start":{"line":115,"column":19},"end":{"line":115,"column":49}},"line":115},"7":{"name":"(anonymous_7)","decl":{"start":{"line":116,"column":14},"end":{"line":116,"column":15}},"loc":{"start":{"line":116,"column":26},"end":{"line":116,"column":49}},"line":116},"8":{"name":"(anonymous_8)","decl":{"start":{"line":118,"column":14},"end":{"line":118,"column":15}},"loc":{"start":{"line":118,"column":19},"end":{"line":118,"column":49}},"line":118},"9":{"name":"(anonymous_9)","decl":{"start":{"line":119,"column":14},"end":{"line":119,"column":15}},"loc":{"start":{"line":119,"column":26},"end":{"line":119,"column":49}},"line":119}},"branchMap":{"0":{"loc":{"start":{"line":5,"column":4},"end":{"line":5,"column":41}},"type":"default-arg","locations":[{"start":{"line":5,"column":21},"end":{"line":5,"column":41}}],"line":5},"1":{"loc":{"start":{"line":6,"column":4},"end":{"line":6,"column":59}},"type":"default-arg","locations":[{"start":{"line":6,"column":30},"end":{"line":6,"column":59}}],"line":6},"2":{"loc":{"start":{"line":14,"column":6},"end":{"line":16,"column":7}},"type":"if","locations":[{"start":{"line":14,"column":6},"end":{"line":16,"column":7}},{"start":{},"end":{}}],"line":14},"3":{"loc":{"start":{"line":27,"column":6},"end":{"line":29,"column":7}},"type":"if","locations":[{"start":{"line":27,"column":6},"end":{"line":29,"column":7}},{"start":{},"end":{}}],"line":27},"4":{"loc":{"start":{"line":33,"column":6},"end":{"line":35,"column":7}},"type":"if","locations":[{"start":{"line":33,"column":6},"end":{"line":35,"column":7}},{"start":{},"end":{}}],"line":33},"5":{"loc":{"start":{"line":45,"column":49},"end":{"line":45,"column":68}},"type":"binary-expr","locations":[{"start":{"line":45,"column":49},"end":{"line":45,"column":62}},{"start":{"line":45,"column":66},"end":{"line":45,"column":68}}],"line":45},"6":{"loc":{"start":{"line":46,"column":38},"end":{"line":46,"column":57}},"type":"binary-expr","locations":[{"start":{"line":46,"column":38},"end":{"line":46,"column":52}},{"start":{"line":46,"column":56},"end":{"line":46,"column":57}}],"line":46},"7":{"loc":{"start":{"line":46,"column":62},"end":{"line":46,"column":81}},"type":"binary-expr","locations":[{"start":{"line":46,"column":62},"end":{"line":46,"column":75}},{"start":{"line":46,"column":79},"end":{"line":46,"column":81}}],"line":46},"8":{"loc":{"start":{"line":53,"column":17},"end":{"line":53,"column":36}},"type":"binary-expr","locations":[{"start":{"line":53,"column":17},"end":{"line":53,"column":30}},{"start":{"line":53,"column":34},"end":{"line":53,"column":36}}],"line":53},"9":{"loc":{"start":{"line":54,"column":18},"end":{"line":54,"column":37}},"type":"binary-expr","locations":[{"start":{"line":54,"column":18},"end":{"line":54,"column":32}},{"start":{"line":54,"column":36},"end":{"line":54,"column":37}}],"line":54},"10":{"loc":{"start":{"line":63,"column":29},"end":{"line":63,"column":37}},"type":"default-arg","locations":[{"start":{"line":63,"column":36},"end":{"line":63,"column":37}}],"line":63},"11":{"loc":{"start":{"line":88,"column":6},"end":{"line":90,"column":7}},"type":"if","locations":[{"start":{"line":88,"column":6},"end":{"line":90,"column":7}},{"start":{},"end":{}}],"line":88},"12":{"loc":{"start":{"line":92,"column":6},"end":{"line":94,"column":7}},"type":"if","locations":[{"start":{"line":92,"column":6},"end":{"line":94,"column":7}},{"start":{},"end":{}}],"line":92},"13":{"loc":{"start":{"line":97,"column":6},"end":{"line":99,"column":7}},"type":"if","locations":[{"start":{"line":97,"column":6},"end":{"line":99,"column":7}},{"start":{},"end":{}}],"line":97},"14":{"loc":{"start":{"line":97,"column":10},"end":{"line":97,"column":86}},"type":"binary-expr","locations":[{"start":{"line":97,"column":10},"end":{"line":97,"column":46}},{"start":{"line":97,"column":50},"end":{"line":97,"column":86}}],"line":97},"15":{"loc":{"start":{"line":104,"column":4},"end":{"line":110,"column":5}},"type":"if","locations":[{"start":{"line":104,"column":4},"end":{"line":110,"column":5}},{"start":{},"end":{}}],"line":104},"16":{"loc":{"start":{"line":111,"column":25},"end":{"line":111,"column":59}},"type":"cond-expr","locations":[{"start":{"line":111,"column":44},"end":{"line":111,"column":52}},{"start":{"line":111,"column":55},"end":{"line":111,"column":59}}],"line":111},"17":{"loc":{"start":{"line":121,"column":4},"end":{"line":125,"column":5}},"type":"if","locations":[{"start":{"line":121,"column":4},"end":{"line":125,"column":5}},{"start":{"line":123,"column":11},"end":{"line":125,"column":5}}],"line":121},"18":{"loc":{"start":{"line":123,"column":11},"end":{"line":125,"column":5}},"type":"if","locations":[{"start":{"line":123,"column":11},"end":{"line":125,"column":5}},{"start":{},"end":{}}],"line":123},"19":{"loc":{"start":{"line":127,"column":4},"end":{"line":133,"column":5}},"type":"if","locations":[{"start":{"line":127,"column":4},"end":{"line":133,"column":5}},{"start":{"line":129,"column":11},"end":{"line":133,"column":5}}],"line":127},"20":{"loc":{"start":{"line":129,"column":11},"end":{"line":133,"column":5}},"type":"if","locations":[{"start":{"line":129,"column":11},"end":{"line":133,"column":5}},{"start":{"line":131,"column":11},"end":{"line":133,"column":5}}],"line":129},"21":{"loc":{"start":{"line":131,"column":11},"end":{"line":133,"column":5}},"type":"if","locations":[{"start":{"line":131,"column":11},"end":{"line":133,"column":5}},{"start":{},"end":{}}],"line":131},"22":{"loc":{"start":{"line":135,"column":20},"end":{"line":135,"column":46}},"type":"binary-expr","locations":[{"start":{"line":135,"column":20},"end":{"line":135,"column":38}},{"start":{"line":135,"column":42},"end":{"line":135,"column":46}}],"line":135},"23":{"loc":{"start":{"line":138,"column":21},"end":{"line":138,"column":105}},"type":"cond-expr","locations":[{"start":{"line":138,"column":40},"end":{"line":138,"column":101}},{"start":{"line":138,"column":104},"end":{"line":138,"column":105}}],"line":138},"24":{"loc":{"start":{"line":139,"column":21},"end":{"line":139,"column":105}},"type":"cond-expr","locations":[{"start":{"line":139,"column":40},"end":{"line":139,"column":101}},{"start":{"line":139,"column":104},"end":{"line":139,"column":105}}],"line":139}},"s":{"0":1,"1":1,"2":0,"3":0,"4":0,"5":0,"6":0,"7":0,"8":0,"9":0,"10":0,"11":0,"12":0,"13":0,"14":0,"15":0,"16":0,"17":0,"18":0,"19":0,"20":0,"21":0,"22":0,"23":0,"24":0,"25":0,"26":0,"27":0,"28":0,"29":0,"30":0,"31":0,"32":0,"33":0,"34":0,"35":0,"36":0,"37":0,"38":0,"39":0,"40":0,"41":0,"42":0,"43":0,"44":0,"45":0,"46":0,"47":0,"48":0,"49":0,"50":0,"51":0,"52":0,"53":0,"54":0,"55":0,"56":0,"57":0,"58":0,"59":0,"60":0,"61":0,"62":0,"63":0,"64":0,"65":1},"f":{"0":0,"1":0,"2":0,"3":0,"4":0,"5":0,"6":0,"7":0,"8":0,"9":0},"b":{"0":[0],"1":[0],"2":[0,0],"3":[0,0],"4":[0,0],"5":[0,0],"6":[0,0],"7":[0,0],"8":[0,0],"9":[0,0],"10":[0],"11":[0,0],"12":[0,0],"13":[0,0],"14":[0,0],"15":[0,0],"16":[0,0],"17":[0,0],"18":[0,0],"19":[0,0],"20":[0,0],"21":[0,0],"22":[0,0],"23":[0,0],"24":[0,0]},"_coverageSchema":"1a1c01bbd47fc00a2c39e90264f33305004495a9","hash":"9567cb0cf73cd53d505941b52ba65890749e4ef9"}
,"C:\\NodeJS\\neurobreak\\backend\\src\\infrastructure\\database\\connection.js": {"path":"C:\\NodeJS\\neurobreak\\backend\\src\\infrastructure\\database\\connection.js","statementMap":{"0":{"start":{"line":1,"column":17},"end":{"line":1,"column":30}},"1":{"start":{"line":2,"column":0},"end":{"line":2,"column":27}},"2":{"start":{"line":3,"column":13},"end":{"line":9,"column":2}},"3":{"start":{"line":10,"column":0},"end":{"line":12,"column":3}},"4":{"start":{"line":11,"column":2},"end":{"line":11,"column":42}},"5":{"start":{"line":13,"column":0},"end":{"line":16,"column":3}},"6":{"start":{"line":14,"column":2},"end":{"line":14,"column":61}},"7":{"start":{"line":15,"column":2},"end":{"line":15,"column":19}},"8":{"start":{"line":17,"column":0},"end":{"line":23,"column":3}},"9":{"start":{"line":18,"column":2},"end":{"line":22,"column":3}},"10":{"start":{"line":19,"column":4},"end":{"line":19,"column":68}},"11":{"start":{"line":21,"column":4},"end":{"line":21,"column":59}},"12":{"start":{"line":24,"column":0},"end":{"line":24,"column":22}}},"fnMap":{"0":{"name":"(anonymous_0)","decl":{"start":{"line":10,"column":19},"end":{"line":10,"column":20}},"loc":{"start":{"line":10,"column":25},"end":{"line":12,"column":1}},"line":10},"1":{"name":"(anonymous_1)","decl":{"start":{"line":13,"column":17},"end":{"line":13,"column":18}},"loc":{"start":{"line":13,"column":26},"end":{"line":16,"column":1}},"line":13},"2":{"name":"(anonymous_2)","decl":{"start":{"line":17,"column":27},"end":{"line":17,"column":28}},"loc":{"start":{"line":17,"column":41},"end":{"line":23,"column":1}},"line":17}},"branchMap":{"0":{"loc":{"start":{"line":18,"column":2},"end":{"line":22,"column":3}},"type":"if","locations":[{"start":{"line":18,"column":2},"end":{"line":22,"column":3}},{"start":{"line":20,"column":9},"end":{"line":22,"column":3}}],"line":18}},"s":{"0":1,"1":1,"2":1,"3":1,"4":0,"5":1,"6":0,"7":0,"8":1,"9":0,"10":0,"11":0,"12":1},"f":{"0":0,"1":0,"2":0},"b":{"0":[0,0]},"_coverageSchema":"1a1c01bbd47fc00a2c39e90264f33305004495a9","hash":"2a26c7f15955854b50abb58fa23e7c2834e34dfe"}
,"C:\\NodeJS\\neurobreak\\backend\\src\\utils\\logger.js": {"path":"C:\\NodeJS\\neurobreak\\backend\\src\\utils\\logger.js","statementMap":{"0":{"start":{"line":1,"column":16},"end":{"line":1,"column":34}},"1":{"start":{"line":2,"column":15},"end":{"line":14,"column":2}},"2":{"start":{"line":15,"column":0},"end":{"line":22,"column":1}},"3":{"start":{"line":16,"column":2},"end":{"line":21,"column":6}},"4":{"start":{"line":23,"column":0},"end":{"line":23,"column":24}}},"fnMap":{},"branchMap":{"0":{"loc":{"start":{"line":3,"column":9},"end":{"line":3,"column":40}},"type":"binary-expr","locations":[{"start":{"line":3,"column":9},"end":{"line":3,"column":30}},{"start":{"line":3,"column":34},"end":{"line":3,"column":40}}],"line":3},"1":{"loc":{"start":{"line":15,"column":0},"end":{"line":22,"column":1}},"type":"if","locations":[{"start":{"line":15,"column":0},"end":{"line":22,"column":1}},{"start":{},"end":{}}],"line":15}},"s":{"0":10,"1":10,"2":10,"3":10,"4":10},"f":{},"b":{"0":[10,10],"1":[10,0]},"_coverageSchema":"1a1c01bbd47fc00a2c39e90264f33305004495a9","hash":"113fc0c8f3a6f0e26c0b2f029bc689ed65163091"}
}
